ARM GAS  D:\Programme\Cygwin\tmp\ccBOMLqc.s 			page 1


   1              		.syntax unified
   2              		.cpu cortex-m4
   3              		.eabi_attribute 27, 1
   4              		.eabi_attribute 28, 1
   5              		.fpu fpv4-sp-d16
   6              		.eabi_attribute 20, 1
   7              		.eabi_attribute 21, 1
   8              		.eabi_attribute 23, 3
   9              		.eabi_attribute 24, 1
  10              		.eabi_attribute 25, 1
  11              		.eabi_attribute 26, 1
  12              		.eabi_attribute 30, 1
  13              		.eabi_attribute 34, 1
  14              		.eabi_attribute 18, 4
  15              		.thumb
  16              		.syntax unified
  17              		.file	"stm32f3xx_hal.c"
  18              		.text
  19              	.Ltext0:
  20              		.cfi_sections	.debug_frame
  21              		.section	.text.HAL_MspInit,"ax",%progbits
  22              		.align	2
  23              		.weak	HAL_MspInit
  24              		.thumb
  25              		.thumb_func
  27              	HAL_MspInit:
  28              	.LFB125:
  29              		.file 1 "Drivers/STM32F3xx_HAL_Driver/Src/stm32f3xx_hal.c"
   1:Drivers/STM32F3xx_HAL_Driver/Src/stm32f3xx_hal.c **** /**
   2:Drivers/STM32F3xx_HAL_Driver/Src/stm32f3xx_hal.c ****   ******************************************************************************
   3:Drivers/STM32F3xx_HAL_Driver/Src/stm32f3xx_hal.c ****   * @file    stm32f3xx_hal.c
   4:Drivers/STM32F3xx_HAL_Driver/Src/stm32f3xx_hal.c ****   * @author  MCD Application Team
   5:Drivers/STM32F3xx_HAL_Driver/Src/stm32f3xx_hal.c ****   * @brief   HAL module driver.
   6:Drivers/STM32F3xx_HAL_Driver/Src/stm32f3xx_hal.c ****   *          This is the common part of the HAL initialization
   7:Drivers/STM32F3xx_HAL_Driver/Src/stm32f3xx_hal.c ****   *
   8:Drivers/STM32F3xx_HAL_Driver/Src/stm32f3xx_hal.c ****   @verbatim
   9:Drivers/STM32F3xx_HAL_Driver/Src/stm32f3xx_hal.c ****   ==============================================================================
  10:Drivers/STM32F3xx_HAL_Driver/Src/stm32f3xx_hal.c ****                      ##### How to use this driver #####
  11:Drivers/STM32F3xx_HAL_Driver/Src/stm32f3xx_hal.c ****   ==============================================================================
  12:Drivers/STM32F3xx_HAL_Driver/Src/stm32f3xx_hal.c ****     [..]
  13:Drivers/STM32F3xx_HAL_Driver/Src/stm32f3xx_hal.c ****     The common HAL driver contains a set of generic and common APIs that can be
  14:Drivers/STM32F3xx_HAL_Driver/Src/stm32f3xx_hal.c ****     used by the PPP peripheral drivers and the user to start using the HAL.
  15:Drivers/STM32F3xx_HAL_Driver/Src/stm32f3xx_hal.c ****     [..]
  16:Drivers/STM32F3xx_HAL_Driver/Src/stm32f3xx_hal.c ****     The HAL contains two APIs categories:
  17:Drivers/STM32F3xx_HAL_Driver/Src/stm32f3xx_hal.c ****          (+) HAL Initialization and de-initialization functions
  18:Drivers/STM32F3xx_HAL_Driver/Src/stm32f3xx_hal.c ****          (+) HAL Control functions
  19:Drivers/STM32F3xx_HAL_Driver/Src/stm32f3xx_hal.c **** 
  20:Drivers/STM32F3xx_HAL_Driver/Src/stm32f3xx_hal.c ****   @endverbatim
  21:Drivers/STM32F3xx_HAL_Driver/Src/stm32f3xx_hal.c ****   ******************************************************************************
  22:Drivers/STM32F3xx_HAL_Driver/Src/stm32f3xx_hal.c ****   * @attention
  23:Drivers/STM32F3xx_HAL_Driver/Src/stm32f3xx_hal.c ****   *
  24:Drivers/STM32F3xx_HAL_Driver/Src/stm32f3xx_hal.c ****   * <h2><center>&copy; Copyright (c) 2016 STMicroelectronics.
  25:Drivers/STM32F3xx_HAL_Driver/Src/stm32f3xx_hal.c ****   * All rights reserved.</center></h2>
  26:Drivers/STM32F3xx_HAL_Driver/Src/stm32f3xx_hal.c ****   *
  27:Drivers/STM32F3xx_HAL_Driver/Src/stm32f3xx_hal.c ****   * This software component is licensed by ST under BSD 3-Clause license,
  28:Drivers/STM32F3xx_HAL_Driver/Src/stm32f3xx_hal.c ****   * the "License"; You may not use this file except in compliance with the
  29:Drivers/STM32F3xx_HAL_Driver/Src/stm32f3xx_hal.c ****   * License. You may obtain a copy of the License at:
ARM GAS  D:\Programme\Cygwin\tmp\ccBOMLqc.s 			page 2


  30:Drivers/STM32F3xx_HAL_Driver/Src/stm32f3xx_hal.c ****   *                        opensource.org/licenses/BSD-3-Clause
  31:Drivers/STM32F3xx_HAL_Driver/Src/stm32f3xx_hal.c ****   *
  32:Drivers/STM32F3xx_HAL_Driver/Src/stm32f3xx_hal.c ****   ******************************************************************************
  33:Drivers/STM32F3xx_HAL_Driver/Src/stm32f3xx_hal.c ****   */
  34:Drivers/STM32F3xx_HAL_Driver/Src/stm32f3xx_hal.c **** 
  35:Drivers/STM32F3xx_HAL_Driver/Src/stm32f3xx_hal.c **** /* Includes ------------------------------------------------------------------*/
  36:Drivers/STM32F3xx_HAL_Driver/Src/stm32f3xx_hal.c **** #include "stm32f3xx_hal.h"
  37:Drivers/STM32F3xx_HAL_Driver/Src/stm32f3xx_hal.c **** 
  38:Drivers/STM32F3xx_HAL_Driver/Src/stm32f3xx_hal.c **** /** @addtogroup STM32F3xx_HAL_Driver
  39:Drivers/STM32F3xx_HAL_Driver/Src/stm32f3xx_hal.c ****   * @{
  40:Drivers/STM32F3xx_HAL_Driver/Src/stm32f3xx_hal.c ****   */
  41:Drivers/STM32F3xx_HAL_Driver/Src/stm32f3xx_hal.c **** 
  42:Drivers/STM32F3xx_HAL_Driver/Src/stm32f3xx_hal.c **** /** @defgroup HAL HAL
  43:Drivers/STM32F3xx_HAL_Driver/Src/stm32f3xx_hal.c ****   * @brief HAL module driver.
  44:Drivers/STM32F3xx_HAL_Driver/Src/stm32f3xx_hal.c ****   * @{
  45:Drivers/STM32F3xx_HAL_Driver/Src/stm32f3xx_hal.c ****   */
  46:Drivers/STM32F3xx_HAL_Driver/Src/stm32f3xx_hal.c **** 
  47:Drivers/STM32F3xx_HAL_Driver/Src/stm32f3xx_hal.c **** #ifdef HAL_MODULE_ENABLED
  48:Drivers/STM32F3xx_HAL_Driver/Src/stm32f3xx_hal.c **** 
  49:Drivers/STM32F3xx_HAL_Driver/Src/stm32f3xx_hal.c **** /* Private typedef -----------------------------------------------------------*/
  50:Drivers/STM32F3xx_HAL_Driver/Src/stm32f3xx_hal.c **** /* Private define ------------------------------------------------------------*/
  51:Drivers/STM32F3xx_HAL_Driver/Src/stm32f3xx_hal.c **** /** @defgroup HAL_Private Constants
  52:Drivers/STM32F3xx_HAL_Driver/Src/stm32f3xx_hal.c ****   * @{
  53:Drivers/STM32F3xx_HAL_Driver/Src/stm32f3xx_hal.c ****   */
  54:Drivers/STM32F3xx_HAL_Driver/Src/stm32f3xx_hal.c **** /**
  55:Drivers/STM32F3xx_HAL_Driver/Src/stm32f3xx_hal.c ****  * @brief STM32F3xx HAL Driver version number V1.5.3
  56:Drivers/STM32F3xx_HAL_Driver/Src/stm32f3xx_hal.c ****    */
  57:Drivers/STM32F3xx_HAL_Driver/Src/stm32f3xx_hal.c **** #define __STM32F3xx_HAL_VERSION_MAIN   (0x01U) /*!< [31:24] main version */
  58:Drivers/STM32F3xx_HAL_Driver/Src/stm32f3xx_hal.c **** #define __STM32F3xx_HAL_VERSION_SUB1   (0x05U) /*!< [23:16] sub1 version */
  59:Drivers/STM32F3xx_HAL_Driver/Src/stm32f3xx_hal.c **** #define __STM32F3xx_HAL_VERSION_SUB2   (0x03U) /*!< [15:8]  sub2 version */
  60:Drivers/STM32F3xx_HAL_Driver/Src/stm32f3xx_hal.c **** #define __STM32F3xx_HAL_VERSION_RC     (0x00U) /*!< [7:0]  release candidate */
  61:Drivers/STM32F3xx_HAL_Driver/Src/stm32f3xx_hal.c **** #define __STM32F3xx_HAL_VERSION         ((__STM32F3xx_HAL_VERSION_MAIN << 24U)\
  62:Drivers/STM32F3xx_HAL_Driver/Src/stm32f3xx_hal.c ****                                         |(__STM32F3xx_HAL_VERSION_SUB1 << 16U)\
  63:Drivers/STM32F3xx_HAL_Driver/Src/stm32f3xx_hal.c ****                                         |(__STM32F3xx_HAL_VERSION_SUB2 << 8U )\
  64:Drivers/STM32F3xx_HAL_Driver/Src/stm32f3xx_hal.c ****                                         |(__STM32F3xx_HAL_VERSION_RC))
  65:Drivers/STM32F3xx_HAL_Driver/Src/stm32f3xx_hal.c **** 
  66:Drivers/STM32F3xx_HAL_Driver/Src/stm32f3xx_hal.c **** #define IDCODE_DEVID_MASK    (0x00000FFFU)
  67:Drivers/STM32F3xx_HAL_Driver/Src/stm32f3xx_hal.c **** /**
  68:Drivers/STM32F3xx_HAL_Driver/Src/stm32f3xx_hal.c ****   * @}
  69:Drivers/STM32F3xx_HAL_Driver/Src/stm32f3xx_hal.c ****   */
  70:Drivers/STM32F3xx_HAL_Driver/Src/stm32f3xx_hal.c ****   
  71:Drivers/STM32F3xx_HAL_Driver/Src/stm32f3xx_hal.c **** /* Private macro -------------------------------------------------------------*/
  72:Drivers/STM32F3xx_HAL_Driver/Src/stm32f3xx_hal.c **** /* Exported variables --------------------------------------------------------*/
  73:Drivers/STM32F3xx_HAL_Driver/Src/stm32f3xx_hal.c **** /** @defgroup HAL_Exported_Variables HAL Exported Variables
  74:Drivers/STM32F3xx_HAL_Driver/Src/stm32f3xx_hal.c ****   * @{
  75:Drivers/STM32F3xx_HAL_Driver/Src/stm32f3xx_hal.c ****   */
  76:Drivers/STM32F3xx_HAL_Driver/Src/stm32f3xx_hal.c **** __IO uint32_t uwTick;
  77:Drivers/STM32F3xx_HAL_Driver/Src/stm32f3xx_hal.c **** uint32_t uwTickPrio   = (1UL << __NVIC_PRIO_BITS); /* Invalid PRIO */
  78:Drivers/STM32F3xx_HAL_Driver/Src/stm32f3xx_hal.c **** HAL_TickFreqTypeDef uwTickFreq = HAL_TICK_FREQ_DEFAULT;  /* 1KHz */
  79:Drivers/STM32F3xx_HAL_Driver/Src/stm32f3xx_hal.c **** /**
  80:Drivers/STM32F3xx_HAL_Driver/Src/stm32f3xx_hal.c ****   * @}
  81:Drivers/STM32F3xx_HAL_Driver/Src/stm32f3xx_hal.c ****   */
  82:Drivers/STM32F3xx_HAL_Driver/Src/stm32f3xx_hal.c **** /* Private function prototypes -----------------------------------------------*/
  83:Drivers/STM32F3xx_HAL_Driver/Src/stm32f3xx_hal.c **** /* Exported functions ---------------------------------------------------------*/
  84:Drivers/STM32F3xx_HAL_Driver/Src/stm32f3xx_hal.c **** 
  85:Drivers/STM32F3xx_HAL_Driver/Src/stm32f3xx_hal.c **** /** @defgroup HAL_Exported_Functions HAL Exported Functions
  86:Drivers/STM32F3xx_HAL_Driver/Src/stm32f3xx_hal.c ****   * @{
ARM GAS  D:\Programme\Cygwin\tmp\ccBOMLqc.s 			page 3


  87:Drivers/STM32F3xx_HAL_Driver/Src/stm32f3xx_hal.c ****   */
  88:Drivers/STM32F3xx_HAL_Driver/Src/stm32f3xx_hal.c **** 
  89:Drivers/STM32F3xx_HAL_Driver/Src/stm32f3xx_hal.c **** /** @defgroup HAL_Exported_Functions_Group1 Initialization and de-initialization Functions 
  90:Drivers/STM32F3xx_HAL_Driver/Src/stm32f3xx_hal.c ****  *  @brief    Initialization and de-initialization functions
  91:Drivers/STM32F3xx_HAL_Driver/Src/stm32f3xx_hal.c ****  *
  92:Drivers/STM32F3xx_HAL_Driver/Src/stm32f3xx_hal.c **** @verbatim
  93:Drivers/STM32F3xx_HAL_Driver/Src/stm32f3xx_hal.c ****  ===============================================================================
  94:Drivers/STM32F3xx_HAL_Driver/Src/stm32f3xx_hal.c ****               ##### Initialization and de-initialization functions #####
  95:Drivers/STM32F3xx_HAL_Driver/Src/stm32f3xx_hal.c ****  ===============================================================================
  96:Drivers/STM32F3xx_HAL_Driver/Src/stm32f3xx_hal.c ****     [..]  This section provides functions allowing to:
  97:Drivers/STM32F3xx_HAL_Driver/Src/stm32f3xx_hal.c ****       (+) Initializes the Flash interface, the NVIC allocation and initial clock 
  98:Drivers/STM32F3xx_HAL_Driver/Src/stm32f3xx_hal.c ****           configuration. It initializes the systick also when timeout is needed
  99:Drivers/STM32F3xx_HAL_Driver/Src/stm32f3xx_hal.c ****           and the backup domain when enabled.
 100:Drivers/STM32F3xx_HAL_Driver/Src/stm32f3xx_hal.c ****       (+) de-Initializes common part of the HAL.
 101:Drivers/STM32F3xx_HAL_Driver/Src/stm32f3xx_hal.c ****       (+) Configure The time base source to have 1ms time base with a dedicated 
 102:Drivers/STM32F3xx_HAL_Driver/Src/stm32f3xx_hal.c ****           Tick interrupt priority. 
 103:Drivers/STM32F3xx_HAL_Driver/Src/stm32f3xx_hal.c ****         (++) SysTick timer is used by default as source of time base, but user 
 104:Drivers/STM32F3xx_HAL_Driver/Src/stm32f3xx_hal.c ****              can eventually implement his proper time base source (a general purpose 
 105:Drivers/STM32F3xx_HAL_Driver/Src/stm32f3xx_hal.c ****              timer for example or other time source), keeping in mind that Time base 
 106:Drivers/STM32F3xx_HAL_Driver/Src/stm32f3xx_hal.c ****              duration should be kept 1ms since PPP_TIMEOUT_VALUEs are defined and 
 107:Drivers/STM32F3xx_HAL_Driver/Src/stm32f3xx_hal.c ****              handled in milliseconds basis.
 108:Drivers/STM32F3xx_HAL_Driver/Src/stm32f3xx_hal.c ****         (++) Time base configuration function (HAL_InitTick ()) is called automatically 
 109:Drivers/STM32F3xx_HAL_Driver/Src/stm32f3xx_hal.c ****              at the beginning of the program after reset by HAL_Init() or at any time 
 110:Drivers/STM32F3xx_HAL_Driver/Src/stm32f3xx_hal.c ****              when clock is configured, by HAL_RCC_ClockConfig(). 
 111:Drivers/STM32F3xx_HAL_Driver/Src/stm32f3xx_hal.c ****         (++) Source of time base is configured  to generate interrupts at regular 
 112:Drivers/STM32F3xx_HAL_Driver/Src/stm32f3xx_hal.c ****              time intervals. Care must be taken if HAL_Delay() is called from a 
 113:Drivers/STM32F3xx_HAL_Driver/Src/stm32f3xx_hal.c ****              peripheral ISR process, the Tick interrupt line must have higher priority 
 114:Drivers/STM32F3xx_HAL_Driver/Src/stm32f3xx_hal.c ****             (numerically lower) than the peripheral interrupt. Otherwise the caller 
 115:Drivers/STM32F3xx_HAL_Driver/Src/stm32f3xx_hal.c ****             ISR process will be blocked. 
 116:Drivers/STM32F3xx_HAL_Driver/Src/stm32f3xx_hal.c ****        (++) functions affecting time base configurations are declared as __Weak  
 117:Drivers/STM32F3xx_HAL_Driver/Src/stm32f3xx_hal.c ****              to make  override possible  in case of other  implementations in user file.
 118:Drivers/STM32F3xx_HAL_Driver/Src/stm32f3xx_hal.c **** 
 119:Drivers/STM32F3xx_HAL_Driver/Src/stm32f3xx_hal.c **** @endverbatim
 120:Drivers/STM32F3xx_HAL_Driver/Src/stm32f3xx_hal.c ****   * @{
 121:Drivers/STM32F3xx_HAL_Driver/Src/stm32f3xx_hal.c ****   */
 122:Drivers/STM32F3xx_HAL_Driver/Src/stm32f3xx_hal.c **** 
 123:Drivers/STM32F3xx_HAL_Driver/Src/stm32f3xx_hal.c **** /**
 124:Drivers/STM32F3xx_HAL_Driver/Src/stm32f3xx_hal.c ****   * @brief  This function configures the Flash prefetch, 
 125:Drivers/STM32F3xx_HAL_Driver/Src/stm32f3xx_hal.c ****   *         Configures time base source, NVIC and Low level hardware
 126:Drivers/STM32F3xx_HAL_Driver/Src/stm32f3xx_hal.c ****   * @note   This function is called at the beginning of program after reset and before 
 127:Drivers/STM32F3xx_HAL_Driver/Src/stm32f3xx_hal.c ****   *         the clock configuration
 128:Drivers/STM32F3xx_HAL_Driver/Src/stm32f3xx_hal.c ****   *             
 129:Drivers/STM32F3xx_HAL_Driver/Src/stm32f3xx_hal.c ****   * @note   The Systick configuration is based on HSI clock, as HSI is the clock
 130:Drivers/STM32F3xx_HAL_Driver/Src/stm32f3xx_hal.c ****   *         used after a system Reset and the NVIC configuration is set to Priority group 4 
 131:Drivers/STM32F3xx_HAL_Driver/Src/stm32f3xx_hal.c ****   *            
 132:Drivers/STM32F3xx_HAL_Driver/Src/stm32f3xx_hal.c ****   * @note   The time base configuration is based on MSI clock when exting from Reset.
 133:Drivers/STM32F3xx_HAL_Driver/Src/stm32f3xx_hal.c ****   *         Once done, time base tick start incrementing.
 134:Drivers/STM32F3xx_HAL_Driver/Src/stm32f3xx_hal.c ****   *         In the default implementation,Systick is used as source of time base.
 135:Drivers/STM32F3xx_HAL_Driver/Src/stm32f3xx_hal.c ****   *       The tick variable is incremented each 1ms in its ISR.
 136:Drivers/STM32F3xx_HAL_Driver/Src/stm32f3xx_hal.c ****   * @retval HAL status
 137:Drivers/STM32F3xx_HAL_Driver/Src/stm32f3xx_hal.c ****   */
 138:Drivers/STM32F3xx_HAL_Driver/Src/stm32f3xx_hal.c **** HAL_StatusTypeDef HAL_Init(void)
 139:Drivers/STM32F3xx_HAL_Driver/Src/stm32f3xx_hal.c **** {
 140:Drivers/STM32F3xx_HAL_Driver/Src/stm32f3xx_hal.c ****   /* Configure Flash prefetch */
 141:Drivers/STM32F3xx_HAL_Driver/Src/stm32f3xx_hal.c **** #if (PREFETCH_ENABLE != 0U)
 142:Drivers/STM32F3xx_HAL_Driver/Src/stm32f3xx_hal.c ****   __HAL_FLASH_PREFETCH_BUFFER_ENABLE();
 143:Drivers/STM32F3xx_HAL_Driver/Src/stm32f3xx_hal.c **** #endif /* PREFETCH_ENABLE */
ARM GAS  D:\Programme\Cygwin\tmp\ccBOMLqc.s 			page 4


 144:Drivers/STM32F3xx_HAL_Driver/Src/stm32f3xx_hal.c **** 
 145:Drivers/STM32F3xx_HAL_Driver/Src/stm32f3xx_hal.c ****   /* Set Interrupt Group Priority */
 146:Drivers/STM32F3xx_HAL_Driver/Src/stm32f3xx_hal.c ****   HAL_NVIC_SetPriorityGrouping(NVIC_PRIORITYGROUP_4);
 147:Drivers/STM32F3xx_HAL_Driver/Src/stm32f3xx_hal.c **** 
 148:Drivers/STM32F3xx_HAL_Driver/Src/stm32f3xx_hal.c ****   /* Enable systick and configure 1ms tick (default clock after Reset is HSI) */
 149:Drivers/STM32F3xx_HAL_Driver/Src/stm32f3xx_hal.c ****   HAL_InitTick(TICK_INT_PRIORITY);
 150:Drivers/STM32F3xx_HAL_Driver/Src/stm32f3xx_hal.c **** 
 151:Drivers/STM32F3xx_HAL_Driver/Src/stm32f3xx_hal.c ****   /* Init the low level hardware */
 152:Drivers/STM32F3xx_HAL_Driver/Src/stm32f3xx_hal.c ****   HAL_MspInit();
 153:Drivers/STM32F3xx_HAL_Driver/Src/stm32f3xx_hal.c **** 
 154:Drivers/STM32F3xx_HAL_Driver/Src/stm32f3xx_hal.c ****   /* Return function status */
 155:Drivers/STM32F3xx_HAL_Driver/Src/stm32f3xx_hal.c ****   return HAL_OK;
 156:Drivers/STM32F3xx_HAL_Driver/Src/stm32f3xx_hal.c **** }
 157:Drivers/STM32F3xx_HAL_Driver/Src/stm32f3xx_hal.c **** 
 158:Drivers/STM32F3xx_HAL_Driver/Src/stm32f3xx_hal.c **** /**
 159:Drivers/STM32F3xx_HAL_Driver/Src/stm32f3xx_hal.c ****   * @brief  This function de-Initializes common part of the HAL and stops the systick.
 160:Drivers/STM32F3xx_HAL_Driver/Src/stm32f3xx_hal.c ****   * @note This function is optional.
 161:Drivers/STM32F3xx_HAL_Driver/Src/stm32f3xx_hal.c ****   * @retval HAL status
 162:Drivers/STM32F3xx_HAL_Driver/Src/stm32f3xx_hal.c ****   */
 163:Drivers/STM32F3xx_HAL_Driver/Src/stm32f3xx_hal.c **** HAL_StatusTypeDef HAL_DeInit(void)
 164:Drivers/STM32F3xx_HAL_Driver/Src/stm32f3xx_hal.c **** {
 165:Drivers/STM32F3xx_HAL_Driver/Src/stm32f3xx_hal.c ****   /* Reset of all peripherals */
 166:Drivers/STM32F3xx_HAL_Driver/Src/stm32f3xx_hal.c ****   __HAL_RCC_APB1_FORCE_RESET();
 167:Drivers/STM32F3xx_HAL_Driver/Src/stm32f3xx_hal.c ****   __HAL_RCC_APB1_RELEASE_RESET();
 168:Drivers/STM32F3xx_HAL_Driver/Src/stm32f3xx_hal.c **** 
 169:Drivers/STM32F3xx_HAL_Driver/Src/stm32f3xx_hal.c ****   __HAL_RCC_APB2_FORCE_RESET();
 170:Drivers/STM32F3xx_HAL_Driver/Src/stm32f3xx_hal.c ****   __HAL_RCC_APB2_RELEASE_RESET();
 171:Drivers/STM32F3xx_HAL_Driver/Src/stm32f3xx_hal.c **** 
 172:Drivers/STM32F3xx_HAL_Driver/Src/stm32f3xx_hal.c ****   __HAL_RCC_AHB_FORCE_RESET();
 173:Drivers/STM32F3xx_HAL_Driver/Src/stm32f3xx_hal.c ****   __HAL_RCC_AHB_RELEASE_RESET();
 174:Drivers/STM32F3xx_HAL_Driver/Src/stm32f3xx_hal.c **** 
 175:Drivers/STM32F3xx_HAL_Driver/Src/stm32f3xx_hal.c ****   /* De-Init the low level hardware */
 176:Drivers/STM32F3xx_HAL_Driver/Src/stm32f3xx_hal.c ****   HAL_MspDeInit();
 177:Drivers/STM32F3xx_HAL_Driver/Src/stm32f3xx_hal.c **** 
 178:Drivers/STM32F3xx_HAL_Driver/Src/stm32f3xx_hal.c ****   /* Return function status */
 179:Drivers/STM32F3xx_HAL_Driver/Src/stm32f3xx_hal.c ****   return HAL_OK;
 180:Drivers/STM32F3xx_HAL_Driver/Src/stm32f3xx_hal.c **** }
 181:Drivers/STM32F3xx_HAL_Driver/Src/stm32f3xx_hal.c **** 
 182:Drivers/STM32F3xx_HAL_Driver/Src/stm32f3xx_hal.c **** /**
 183:Drivers/STM32F3xx_HAL_Driver/Src/stm32f3xx_hal.c ****   * @brief  Initialize the MSP.
 184:Drivers/STM32F3xx_HAL_Driver/Src/stm32f3xx_hal.c ****   * @retval None
 185:Drivers/STM32F3xx_HAL_Driver/Src/stm32f3xx_hal.c ****   */
 186:Drivers/STM32F3xx_HAL_Driver/Src/stm32f3xx_hal.c **** __weak void HAL_MspInit(void)
 187:Drivers/STM32F3xx_HAL_Driver/Src/stm32f3xx_hal.c **** {
  30              		.loc 1 187 0
  31              		.cfi_startproc
  32              		@ args = 0, pretend = 0, frame = 0
  33              		@ frame_needed = 0, uses_anonymous_args = 0
  34              		@ link register save eliminated.
  35 0000 7047     		bx	lr
  36              		.cfi_endproc
  37              	.LFE125:
  39 0002 00BF     		.section	.text.HAL_MspDeInit,"ax",%progbits
  40              		.align	2
  41              		.weak	HAL_MspDeInit
  42              		.thumb
  43              		.thumb_func
ARM GAS  D:\Programme\Cygwin\tmp\ccBOMLqc.s 			page 5


  45              	HAL_MspDeInit:
  46              	.LFB126:
 188:Drivers/STM32F3xx_HAL_Driver/Src/stm32f3xx_hal.c ****   /* NOTE : This function should not be modified, when the callback is needed,
 189:Drivers/STM32F3xx_HAL_Driver/Src/stm32f3xx_hal.c ****             the HAL_MspInit could be implemented in the user file
 190:Drivers/STM32F3xx_HAL_Driver/Src/stm32f3xx_hal.c ****    */
 191:Drivers/STM32F3xx_HAL_Driver/Src/stm32f3xx_hal.c **** }
 192:Drivers/STM32F3xx_HAL_Driver/Src/stm32f3xx_hal.c **** 
 193:Drivers/STM32F3xx_HAL_Driver/Src/stm32f3xx_hal.c **** /**
 194:Drivers/STM32F3xx_HAL_Driver/Src/stm32f3xx_hal.c ****   * @brief  DeInitialize the MSP.
 195:Drivers/STM32F3xx_HAL_Driver/Src/stm32f3xx_hal.c ****   * @retval None
 196:Drivers/STM32F3xx_HAL_Driver/Src/stm32f3xx_hal.c ****   */
 197:Drivers/STM32F3xx_HAL_Driver/Src/stm32f3xx_hal.c **** __weak void HAL_MspDeInit(void)
 198:Drivers/STM32F3xx_HAL_Driver/Src/stm32f3xx_hal.c **** {
  47              		.loc 1 198 0
  48              		.cfi_startproc
  49              		@ args = 0, pretend = 0, frame = 0
  50              		@ frame_needed = 0, uses_anonymous_args = 0
  51              		@ link register save eliminated.
  52 0000 7047     		bx	lr
  53              		.cfi_endproc
  54              	.LFE126:
  56 0002 00BF     		.section	.text.HAL_DeInit,"ax",%progbits
  57              		.align	2
  58              		.global	HAL_DeInit
  59              		.thumb
  60              		.thumb_func
  62              	HAL_DeInit:
  63              	.LFB124:
 164:Drivers/STM32F3xx_HAL_Driver/Src/stm32f3xx_hal.c ****   /* Reset of all peripherals */
  64              		.loc 1 164 0
  65              		.cfi_startproc
  66              		@ args = 0, pretend = 0, frame = 0
  67              		@ frame_needed = 0, uses_anonymous_args = 0
 164:Drivers/STM32F3xx_HAL_Driver/Src/stm32f3xx_hal.c ****   /* Reset of all peripherals */
  68              		.loc 1 164 0
  69 0000 10B5     		push	{r4, lr}
  70              	.LCFI0:
  71              		.cfi_def_cfa_offset 8
  72              		.cfi_offset 4, -8
  73              		.cfi_offset 14, -4
 166:Drivers/STM32F3xx_HAL_Driver/Src/stm32f3xx_hal.c ****   __HAL_RCC_APB1_RELEASE_RESET();
  74              		.loc 1 166 0
  75 0002 074B     		ldr	r3, .L5
  76 0004 4FF0FF32 		mov	r2, #-1
  77 0008 1A61     		str	r2, [r3, #16]
 167:Drivers/STM32F3xx_HAL_Driver/Src/stm32f3xx_hal.c **** 
  78              		.loc 1 167 0
  79 000a 0024     		movs	r4, #0
  80 000c 1C61     		str	r4, [r3, #16]
 169:Drivers/STM32F3xx_HAL_Driver/Src/stm32f3xx_hal.c ****   __HAL_RCC_APB2_RELEASE_RESET();
  81              		.loc 1 169 0
  82 000e DA60     		str	r2, [r3, #12]
 170:Drivers/STM32F3xx_HAL_Driver/Src/stm32f3xx_hal.c **** 
  83              		.loc 1 170 0
  84 0010 DC60     		str	r4, [r3, #12]
 172:Drivers/STM32F3xx_HAL_Driver/Src/stm32f3xx_hal.c ****   __HAL_RCC_AHB_RELEASE_RESET();
  85              		.loc 1 172 0
ARM GAS  D:\Programme\Cygwin\tmp\ccBOMLqc.s 			page 6


  86 0012 9A62     		str	r2, [r3, #40]
 173:Drivers/STM32F3xx_HAL_Driver/Src/stm32f3xx_hal.c **** 
  87              		.loc 1 173 0
  88 0014 9C62     		str	r4, [r3, #40]
 176:Drivers/STM32F3xx_HAL_Driver/Src/stm32f3xx_hal.c **** 
  89              		.loc 1 176 0
  90 0016 FFF7FEFF 		bl	HAL_MspDeInit
  91              	.LVL0:
 180:Drivers/STM32F3xx_HAL_Driver/Src/stm32f3xx_hal.c **** 
  92              		.loc 1 180 0
  93 001a 2046     		mov	r0, r4
  94 001c 10BD     		pop	{r4, pc}
  95              	.L6:
  96 001e 00BF     		.align	2
  97              	.L5:
  98 0020 00100240 		.word	1073876992
  99              		.cfi_endproc
 100              	.LFE124:
 102              		.section	.text.HAL_InitTick,"ax",%progbits
 103              		.align	2
 104              		.weak	HAL_InitTick
 105              		.thumb
 106              		.thumb_func
 108              	HAL_InitTick:
 109              	.LFB127:
 199:Drivers/STM32F3xx_HAL_Driver/Src/stm32f3xx_hal.c ****   /* NOTE : This function should not be modified, when the callback is needed,
 200:Drivers/STM32F3xx_HAL_Driver/Src/stm32f3xx_hal.c ****             the HAL_MspDeInit could be implemented in the user file
 201:Drivers/STM32F3xx_HAL_Driver/Src/stm32f3xx_hal.c ****    */
 202:Drivers/STM32F3xx_HAL_Driver/Src/stm32f3xx_hal.c **** }
 203:Drivers/STM32F3xx_HAL_Driver/Src/stm32f3xx_hal.c **** 
 204:Drivers/STM32F3xx_HAL_Driver/Src/stm32f3xx_hal.c **** /**
 205:Drivers/STM32F3xx_HAL_Driver/Src/stm32f3xx_hal.c ****   * @brief  This function configures the source of the time base. 
 206:Drivers/STM32F3xx_HAL_Driver/Src/stm32f3xx_hal.c ****   *         The time source is configured  to have 1ms time base with a dedicated 
 207:Drivers/STM32F3xx_HAL_Driver/Src/stm32f3xx_hal.c ****   *         Tick interrupt priority. 
 208:Drivers/STM32F3xx_HAL_Driver/Src/stm32f3xx_hal.c ****   * @note   This function is called  automatically at the beginning of program after
 209:Drivers/STM32F3xx_HAL_Driver/Src/stm32f3xx_hal.c ****   *         reset by HAL_Init() or at any time when clock is reconfigured  by HAL_RCC_ClockConfig()
 210:Drivers/STM32F3xx_HAL_Driver/Src/stm32f3xx_hal.c ****   * @note   In the default implementation , SysTick timer is the source of time base. 
 211:Drivers/STM32F3xx_HAL_Driver/Src/stm32f3xx_hal.c ****   *         It is used to generate interrupts at regular time intervals. 
 212:Drivers/STM32F3xx_HAL_Driver/Src/stm32f3xx_hal.c ****   *         Care must be taken if HAL_Delay() is called from a peripheral ISR process, 
 213:Drivers/STM32F3xx_HAL_Driver/Src/stm32f3xx_hal.c ****   *         The SysTick interrupt must have higher priority (numerically lower) 
 214:Drivers/STM32F3xx_HAL_Driver/Src/stm32f3xx_hal.c ****   *         than the peripheral interrupt. Otherwise the caller ISR process will be blocked.
 215:Drivers/STM32F3xx_HAL_Driver/Src/stm32f3xx_hal.c ****   *         The function is declared as __Weak  to be overwritten  in case of other
 216:Drivers/STM32F3xx_HAL_Driver/Src/stm32f3xx_hal.c ****   *         implementation  in user file.
 217:Drivers/STM32F3xx_HAL_Driver/Src/stm32f3xx_hal.c ****   * @param TickPriority Tick interrupt priority.
 218:Drivers/STM32F3xx_HAL_Driver/Src/stm32f3xx_hal.c ****   * @retval HAL status
 219:Drivers/STM32F3xx_HAL_Driver/Src/stm32f3xx_hal.c ****   */
 220:Drivers/STM32F3xx_HAL_Driver/Src/stm32f3xx_hal.c **** __weak HAL_StatusTypeDef HAL_InitTick(uint32_t TickPriority)
 221:Drivers/STM32F3xx_HAL_Driver/Src/stm32f3xx_hal.c **** {
 110              		.loc 1 221 0
 111              		.cfi_startproc
 112              		@ args = 0, pretend = 0, frame = 0
 113              		@ frame_needed = 0, uses_anonymous_args = 0
 114              	.LVL1:
 115 0000 10B5     		push	{r4, lr}
 116              	.LCFI1:
 117              		.cfi_def_cfa_offset 8
 118              		.cfi_offset 4, -8
ARM GAS  D:\Programme\Cygwin\tmp\ccBOMLqc.s 			page 7


 119              		.cfi_offset 14, -4
 120 0002 0446     		mov	r4, r0
 222:Drivers/STM32F3xx_HAL_Driver/Src/stm32f3xx_hal.c ****   /* Configure the SysTick to have interrupt in 1ms time basis*/
 223:Drivers/STM32F3xx_HAL_Driver/Src/stm32f3xx_hal.c ****   if (HAL_SYSTICK_Config(SystemCoreClock / (1000U / uwTickFreq)) > 0U)
 121              		.loc 1 223 0
 122 0004 0E4B     		ldr	r3, .L12
 123 0006 1878     		ldrb	r0, [r3]	@ zero_extendqisi2
 124              	.LVL2:
 125 0008 4FF47A73 		mov	r3, #1000
 126 000c B3FBF0F3 		udiv	r3, r3, r0
 127 0010 0C4A     		ldr	r2, .L12+4
 128 0012 1068     		ldr	r0, [r2]
 129 0014 B0FBF3F0 		udiv	r0, r0, r3
 130 0018 FFF7FEFF 		bl	HAL_SYSTICK_Config
 131              	.LVL3:
 132 001c 58B9     		cbnz	r0, .L9
 224:Drivers/STM32F3xx_HAL_Driver/Src/stm32f3xx_hal.c ****   {
 225:Drivers/STM32F3xx_HAL_Driver/Src/stm32f3xx_hal.c ****     return HAL_ERROR;
 226:Drivers/STM32F3xx_HAL_Driver/Src/stm32f3xx_hal.c ****   }
 227:Drivers/STM32F3xx_HAL_Driver/Src/stm32f3xx_hal.c **** 
 228:Drivers/STM32F3xx_HAL_Driver/Src/stm32f3xx_hal.c ****   /* Configure the SysTick IRQ priority */
 229:Drivers/STM32F3xx_HAL_Driver/Src/stm32f3xx_hal.c ****   if (TickPriority < (1UL << __NVIC_PRIO_BITS))
 133              		.loc 1 229 0
 134 001e 0F2C     		cmp	r4, #15
 135 0020 0BD8     		bhi	.L10
 230:Drivers/STM32F3xx_HAL_Driver/Src/stm32f3xx_hal.c ****   {
 231:Drivers/STM32F3xx_HAL_Driver/Src/stm32f3xx_hal.c ****     HAL_NVIC_SetPriority(SysTick_IRQn, TickPriority, 0U);
 136              		.loc 1 231 0
 137 0022 0022     		movs	r2, #0
 138 0024 2146     		mov	r1, r4
 139 0026 4FF0FF30 		mov	r0, #-1
 140 002a FFF7FEFF 		bl	HAL_NVIC_SetPriority
 141              	.LVL4:
 232:Drivers/STM32F3xx_HAL_Driver/Src/stm32f3xx_hal.c ****     uwTickPrio = TickPriority;
 142              		.loc 1 232 0
 143 002e 064B     		ldr	r3, .L12+8
 144 0030 1C60     		str	r4, [r3]
 233:Drivers/STM32F3xx_HAL_Driver/Src/stm32f3xx_hal.c ****   }
 234:Drivers/STM32F3xx_HAL_Driver/Src/stm32f3xx_hal.c ****   else
 235:Drivers/STM32F3xx_HAL_Driver/Src/stm32f3xx_hal.c ****   {
 236:Drivers/STM32F3xx_HAL_Driver/Src/stm32f3xx_hal.c ****     return HAL_ERROR;
 237:Drivers/STM32F3xx_HAL_Driver/Src/stm32f3xx_hal.c ****   }
 238:Drivers/STM32F3xx_HAL_Driver/Src/stm32f3xx_hal.c ****    /* Return function status */
 239:Drivers/STM32F3xx_HAL_Driver/Src/stm32f3xx_hal.c ****   return HAL_OK;
 145              		.loc 1 239 0
 146 0032 0020     		movs	r0, #0
 147 0034 10BD     		pop	{r4, pc}
 148              	.LVL5:
 149              	.L9:
 225:Drivers/STM32F3xx_HAL_Driver/Src/stm32f3xx_hal.c ****   }
 150              		.loc 1 225 0
 151 0036 0120     		movs	r0, #1
 152 0038 10BD     		pop	{r4, pc}
 153              	.LVL6:
 154              	.L10:
 236:Drivers/STM32F3xx_HAL_Driver/Src/stm32f3xx_hal.c ****   }
 155              		.loc 1 236 0
ARM GAS  D:\Programme\Cygwin\tmp\ccBOMLqc.s 			page 8


 156 003a 0120     		movs	r0, #1
 240:Drivers/STM32F3xx_HAL_Driver/Src/stm32f3xx_hal.c **** }
 157              		.loc 1 240 0
 158 003c 10BD     		pop	{r4, pc}
 159              	.LVL7:
 160              	.L13:
 161 003e 00BF     		.align	2
 162              	.L12:
 163 0040 00000000 		.word	.LANCHOR0
 164 0044 00000000 		.word	SystemCoreClock
 165 0048 00000000 		.word	.LANCHOR1
 166              		.cfi_endproc
 167              	.LFE127:
 169              		.section	.text.HAL_Init,"ax",%progbits
 170              		.align	2
 171              		.global	HAL_Init
 172              		.thumb
 173              		.thumb_func
 175              	HAL_Init:
 176              	.LFB123:
 139:Drivers/STM32F3xx_HAL_Driver/Src/stm32f3xx_hal.c ****   /* Configure Flash prefetch */
 177              		.loc 1 139 0
 178              		.cfi_startproc
 179              		@ args = 0, pretend = 0, frame = 0
 180              		@ frame_needed = 0, uses_anonymous_args = 0
 181 0000 08B5     		push	{r3, lr}
 182              	.LCFI2:
 183              		.cfi_def_cfa_offset 8
 184              		.cfi_offset 3, -8
 185              		.cfi_offset 14, -4
 142:Drivers/STM32F3xx_HAL_Driver/Src/stm32f3xx_hal.c **** #endif /* PREFETCH_ENABLE */
 186              		.loc 1 142 0
 187 0002 074A     		ldr	r2, .L16
 188 0004 1368     		ldr	r3, [r2]
 189 0006 43F01003 		orr	r3, r3, #16
 190 000a 1360     		str	r3, [r2]
 146:Drivers/STM32F3xx_HAL_Driver/Src/stm32f3xx_hal.c **** 
 191              		.loc 1 146 0
 192 000c 0320     		movs	r0, #3
 193 000e FFF7FEFF 		bl	HAL_NVIC_SetPriorityGrouping
 194              	.LVL8:
 149:Drivers/STM32F3xx_HAL_Driver/Src/stm32f3xx_hal.c **** 
 195              		.loc 1 149 0
 196 0012 0020     		movs	r0, #0
 197 0014 FFF7FEFF 		bl	HAL_InitTick
 198              	.LVL9:
 152:Drivers/STM32F3xx_HAL_Driver/Src/stm32f3xx_hal.c **** 
 199              		.loc 1 152 0
 200 0018 FFF7FEFF 		bl	HAL_MspInit
 201              	.LVL10:
 156:Drivers/STM32F3xx_HAL_Driver/Src/stm32f3xx_hal.c **** 
 202              		.loc 1 156 0
 203 001c 0020     		movs	r0, #0
 204 001e 08BD     		pop	{r3, pc}
 205              	.L17:
 206              		.align	2
 207              	.L16:
ARM GAS  D:\Programme\Cygwin\tmp\ccBOMLqc.s 			page 9


 208 0020 00200240 		.word	1073881088
 209              		.cfi_endproc
 210              	.LFE123:
 212              		.section	.text.HAL_IncTick,"ax",%progbits
 213              		.align	2
 214              		.weak	HAL_IncTick
 215              		.thumb
 216              		.thumb_func
 218              	HAL_IncTick:
 219              	.LFB128:
 241:Drivers/STM32F3xx_HAL_Driver/Src/stm32f3xx_hal.c **** 
 242:Drivers/STM32F3xx_HAL_Driver/Src/stm32f3xx_hal.c **** /**
 243:Drivers/STM32F3xx_HAL_Driver/Src/stm32f3xx_hal.c ****   * @}
 244:Drivers/STM32F3xx_HAL_Driver/Src/stm32f3xx_hal.c ****   */
 245:Drivers/STM32F3xx_HAL_Driver/Src/stm32f3xx_hal.c **** 
 246:Drivers/STM32F3xx_HAL_Driver/Src/stm32f3xx_hal.c **** /** @defgroup HAL_Exported_Functions_Group2 HAL Control functions 
 247:Drivers/STM32F3xx_HAL_Driver/Src/stm32f3xx_hal.c ****  *  @brief    HAL Control functions
 248:Drivers/STM32F3xx_HAL_Driver/Src/stm32f3xx_hal.c ****  *
 249:Drivers/STM32F3xx_HAL_Driver/Src/stm32f3xx_hal.c **** @verbatim
 250:Drivers/STM32F3xx_HAL_Driver/Src/stm32f3xx_hal.c ****  ===============================================================================
 251:Drivers/STM32F3xx_HAL_Driver/Src/stm32f3xx_hal.c ****                       ##### HAL Control functions #####
 252:Drivers/STM32F3xx_HAL_Driver/Src/stm32f3xx_hal.c ****  ===============================================================================
 253:Drivers/STM32F3xx_HAL_Driver/Src/stm32f3xx_hal.c ****     [..]  This section provides functions allowing to:
 254:Drivers/STM32F3xx_HAL_Driver/Src/stm32f3xx_hal.c ****       (+) Provide a tick value in millisecond
 255:Drivers/STM32F3xx_HAL_Driver/Src/stm32f3xx_hal.c ****       (+) Provide a blocking delay in millisecond
 256:Drivers/STM32F3xx_HAL_Driver/Src/stm32f3xx_hal.c ****       (+) Suspend the time base source interrupt
 257:Drivers/STM32F3xx_HAL_Driver/Src/stm32f3xx_hal.c ****       (+) Resume the time base source interrupt
 258:Drivers/STM32F3xx_HAL_Driver/Src/stm32f3xx_hal.c ****       (+) Get the HAL API driver version
 259:Drivers/STM32F3xx_HAL_Driver/Src/stm32f3xx_hal.c ****       (+) Get the device identifier
 260:Drivers/STM32F3xx_HAL_Driver/Src/stm32f3xx_hal.c ****       (+) Get the device revision identifier
 261:Drivers/STM32F3xx_HAL_Driver/Src/stm32f3xx_hal.c ****       (+) Enable/Disable Debug module during Sleep mode
 262:Drivers/STM32F3xx_HAL_Driver/Src/stm32f3xx_hal.c ****       (+) Enable/Disable Debug module during STOP mode
 263:Drivers/STM32F3xx_HAL_Driver/Src/stm32f3xx_hal.c ****       (+) Enable/Disable Debug module during STANDBY mode
 264:Drivers/STM32F3xx_HAL_Driver/Src/stm32f3xx_hal.c ****       
 265:Drivers/STM32F3xx_HAL_Driver/Src/stm32f3xx_hal.c **** @endverbatim
 266:Drivers/STM32F3xx_HAL_Driver/Src/stm32f3xx_hal.c ****   * @{
 267:Drivers/STM32F3xx_HAL_Driver/Src/stm32f3xx_hal.c ****   */
 268:Drivers/STM32F3xx_HAL_Driver/Src/stm32f3xx_hal.c **** 
 269:Drivers/STM32F3xx_HAL_Driver/Src/stm32f3xx_hal.c **** /**
 270:Drivers/STM32F3xx_HAL_Driver/Src/stm32f3xx_hal.c ****   * @brief  This function is called to increment  a global variable "uwTick"
 271:Drivers/STM32F3xx_HAL_Driver/Src/stm32f3xx_hal.c ****   *         used as application time base.
 272:Drivers/STM32F3xx_HAL_Driver/Src/stm32f3xx_hal.c ****   * @note In the default implementation, this variable is incremented each 1ms
 273:Drivers/STM32F3xx_HAL_Driver/Src/stm32f3xx_hal.c ****   *         in SysTick ISR.
 274:Drivers/STM32F3xx_HAL_Driver/Src/stm32f3xx_hal.c ****   * @note This function is declared as __weak to be overwritten in case of other 
 275:Drivers/STM32F3xx_HAL_Driver/Src/stm32f3xx_hal.c ****   *         implementations  in user file.
 276:Drivers/STM32F3xx_HAL_Driver/Src/stm32f3xx_hal.c ****   * @retval None
 277:Drivers/STM32F3xx_HAL_Driver/Src/stm32f3xx_hal.c ****   */
 278:Drivers/STM32F3xx_HAL_Driver/Src/stm32f3xx_hal.c **** __weak void HAL_IncTick(void)
 279:Drivers/STM32F3xx_HAL_Driver/Src/stm32f3xx_hal.c **** {
 220              		.loc 1 279 0
 221              		.cfi_startproc
 222              		@ args = 0, pretend = 0, frame = 0
 223              		@ frame_needed = 0, uses_anonymous_args = 0
 224              		@ link register save eliminated.
 280:Drivers/STM32F3xx_HAL_Driver/Src/stm32f3xx_hal.c ****   uwTick += uwTickFreq;
 225              		.loc 1 280 0
 226 0000 034A     		ldr	r2, .L19
ARM GAS  D:\Programme\Cygwin\tmp\ccBOMLqc.s 			page 10


 227 0002 1368     		ldr	r3, [r2]
 228 0004 0349     		ldr	r1, .L19+4
 229 0006 0978     		ldrb	r1, [r1]	@ zero_extendqisi2
 230 0008 0B44     		add	r3, r3, r1
 231 000a 1360     		str	r3, [r2]
 232 000c 7047     		bx	lr
 233              	.L20:
 234 000e 00BF     		.align	2
 235              	.L19:
 236 0010 00000000 		.word	uwTick
 237 0014 00000000 		.word	.LANCHOR0
 238              		.cfi_endproc
 239              	.LFE128:
 241              		.section	.text.HAL_GetTick,"ax",%progbits
 242              		.align	2
 243              		.weak	HAL_GetTick
 244              		.thumb
 245              		.thumb_func
 247              	HAL_GetTick:
 248              	.LFB129:
 281:Drivers/STM32F3xx_HAL_Driver/Src/stm32f3xx_hal.c **** }
 282:Drivers/STM32F3xx_HAL_Driver/Src/stm32f3xx_hal.c **** 
 283:Drivers/STM32F3xx_HAL_Driver/Src/stm32f3xx_hal.c **** /**
 284:Drivers/STM32F3xx_HAL_Driver/Src/stm32f3xx_hal.c ****   * @brief  Povides a tick value in millisecond.
 285:Drivers/STM32F3xx_HAL_Driver/Src/stm32f3xx_hal.c ****   * @note   The function is declared as __Weak  to be overwritten  in case of other 
 286:Drivers/STM32F3xx_HAL_Driver/Src/stm32f3xx_hal.c ****   *         implementations  in user file.
 287:Drivers/STM32F3xx_HAL_Driver/Src/stm32f3xx_hal.c ****   * @retval tick value
 288:Drivers/STM32F3xx_HAL_Driver/Src/stm32f3xx_hal.c ****   */
 289:Drivers/STM32F3xx_HAL_Driver/Src/stm32f3xx_hal.c **** __weak uint32_t HAL_GetTick(void)
 290:Drivers/STM32F3xx_HAL_Driver/Src/stm32f3xx_hal.c **** {
 249              		.loc 1 290 0
 250              		.cfi_startproc
 251              		@ args = 0, pretend = 0, frame = 0
 252              		@ frame_needed = 0, uses_anonymous_args = 0
 253              		@ link register save eliminated.
 291:Drivers/STM32F3xx_HAL_Driver/Src/stm32f3xx_hal.c ****   return uwTick;  
 254              		.loc 1 291 0
 255 0000 014B     		ldr	r3, .L22
 256 0002 1868     		ldr	r0, [r3]
 292:Drivers/STM32F3xx_HAL_Driver/Src/stm32f3xx_hal.c **** }
 257              		.loc 1 292 0
 258 0004 7047     		bx	lr
 259              	.L23:
 260 0006 00BF     		.align	2
 261              	.L22:
 262 0008 00000000 		.word	uwTick
 263              		.cfi_endproc
 264              	.LFE129:
 266              		.section	.text.HAL_GetTickPrio,"ax",%progbits
 267              		.align	2
 268              		.global	HAL_GetTickPrio
 269              		.thumb
 270              		.thumb_func
 272              	HAL_GetTickPrio:
 273              	.LFB130:
 293:Drivers/STM32F3xx_HAL_Driver/Src/stm32f3xx_hal.c **** 
 294:Drivers/STM32F3xx_HAL_Driver/Src/stm32f3xx_hal.c **** /**
ARM GAS  D:\Programme\Cygwin\tmp\ccBOMLqc.s 			page 11


 295:Drivers/STM32F3xx_HAL_Driver/Src/stm32f3xx_hal.c ****   * @brief This function returns a tick priority.
 296:Drivers/STM32F3xx_HAL_Driver/Src/stm32f3xx_hal.c ****   * @retval tick priority
 297:Drivers/STM32F3xx_HAL_Driver/Src/stm32f3xx_hal.c ****   */
 298:Drivers/STM32F3xx_HAL_Driver/Src/stm32f3xx_hal.c **** uint32_t HAL_GetTickPrio(void)
 299:Drivers/STM32F3xx_HAL_Driver/Src/stm32f3xx_hal.c **** {
 274              		.loc 1 299 0
 275              		.cfi_startproc
 276              		@ args = 0, pretend = 0, frame = 0
 277              		@ frame_needed = 0, uses_anonymous_args = 0
 278              		@ link register save eliminated.
 300:Drivers/STM32F3xx_HAL_Driver/Src/stm32f3xx_hal.c ****   return uwTickPrio;
 301:Drivers/STM32F3xx_HAL_Driver/Src/stm32f3xx_hal.c **** }
 279              		.loc 1 301 0
 280 0000 014B     		ldr	r3, .L25
 281 0002 1868     		ldr	r0, [r3]
 282 0004 7047     		bx	lr
 283              	.L26:
 284 0006 00BF     		.align	2
 285              	.L25:
 286 0008 00000000 		.word	.LANCHOR1
 287              		.cfi_endproc
 288              	.LFE130:
 290              		.section	.text.HAL_SetTickFreq,"ax",%progbits
 291              		.align	2
 292              		.global	HAL_SetTickFreq
 293              		.thumb
 294              		.thumb_func
 296              	HAL_SetTickFreq:
 297              	.LFB131:
 302:Drivers/STM32F3xx_HAL_Driver/Src/stm32f3xx_hal.c **** 
 303:Drivers/STM32F3xx_HAL_Driver/Src/stm32f3xx_hal.c **** /**
 304:Drivers/STM32F3xx_HAL_Driver/Src/stm32f3xx_hal.c ****   * @brief Set new tick Freq.
 305:Drivers/STM32F3xx_HAL_Driver/Src/stm32f3xx_hal.c ****   * @retval status
 306:Drivers/STM32F3xx_HAL_Driver/Src/stm32f3xx_hal.c ****   */
 307:Drivers/STM32F3xx_HAL_Driver/Src/stm32f3xx_hal.c **** HAL_StatusTypeDef HAL_SetTickFreq(HAL_TickFreqTypeDef Freq)
 308:Drivers/STM32F3xx_HAL_Driver/Src/stm32f3xx_hal.c **** {
 298              		.loc 1 308 0
 299              		.cfi_startproc
 300              		@ args = 0, pretend = 0, frame = 0
 301              		@ frame_needed = 0, uses_anonymous_args = 0
 302              	.LVL11:
 303 0000 10B5     		push	{r4, lr}
 304              	.LCFI3:
 305              		.cfi_def_cfa_offset 8
 306              		.cfi_offset 4, -8
 307              		.cfi_offset 14, -4
 308              	.LVL12:
 309:Drivers/STM32F3xx_HAL_Driver/Src/stm32f3xx_hal.c ****   HAL_StatusTypeDef status  = HAL_OK;
 310:Drivers/STM32F3xx_HAL_Driver/Src/stm32f3xx_hal.c ****   HAL_TickFreqTypeDef prevTickFreq;
 311:Drivers/STM32F3xx_HAL_Driver/Src/stm32f3xx_hal.c **** 
 312:Drivers/STM32F3xx_HAL_Driver/Src/stm32f3xx_hal.c ****   assert_param(IS_TICKFREQ(Freq));
 313:Drivers/STM32F3xx_HAL_Driver/Src/stm32f3xx_hal.c **** 
 314:Drivers/STM32F3xx_HAL_Driver/Src/stm32f3xx_hal.c ****   if (uwTickFreq != Freq)
 309              		.loc 1 314 0
 310 0002 084B     		ldr	r3, .L31
 311 0004 1C78     		ldrb	r4, [r3]	@ zero_extendqisi2
 312 0006 8442     		cmp	r4, r0
ARM GAS  D:\Programme\Cygwin\tmp\ccBOMLqc.s 			page 12


 313 0008 09D0     		beq	.L29
 314              	.LVL13:
 315:Drivers/STM32F3xx_HAL_Driver/Src/stm32f3xx_hal.c ****   {
 316:Drivers/STM32F3xx_HAL_Driver/Src/stm32f3xx_hal.c ****     /* Back up uwTickFreq frequency */
 317:Drivers/STM32F3xx_HAL_Driver/Src/stm32f3xx_hal.c ****     prevTickFreq = uwTickFreq;
 318:Drivers/STM32F3xx_HAL_Driver/Src/stm32f3xx_hal.c **** 
 319:Drivers/STM32F3xx_HAL_Driver/Src/stm32f3xx_hal.c ****     /* Update uwTickFreq global variable used by HAL_InitTick() */
 320:Drivers/STM32F3xx_HAL_Driver/Src/stm32f3xx_hal.c ****     uwTickFreq = Freq;
 315              		.loc 1 320 0
 316 000a 1870     		strb	r0, [r3]
 321:Drivers/STM32F3xx_HAL_Driver/Src/stm32f3xx_hal.c **** 
 322:Drivers/STM32F3xx_HAL_Driver/Src/stm32f3xx_hal.c ****     /* Apply the new tick Freq */
 323:Drivers/STM32F3xx_HAL_Driver/Src/stm32f3xx_hal.c ****     status = HAL_InitTick(uwTickPrio);
 317              		.loc 1 323 0
 318 000c 064B     		ldr	r3, .L31+4
 319 000e 1868     		ldr	r0, [r3]
 320              	.LVL14:
 321 0010 FFF7FEFF 		bl	HAL_InitTick
 322              	.LVL15:
 324:Drivers/STM32F3xx_HAL_Driver/Src/stm32f3xx_hal.c **** 
 325:Drivers/STM32F3xx_HAL_Driver/Src/stm32f3xx_hal.c ****     if (status != HAL_OK)
 323              		.loc 1 325 0
 324 0014 0346     		mov	r3, r0
 325 0016 18B1     		cbz	r0, .L28
 326:Drivers/STM32F3xx_HAL_Driver/Src/stm32f3xx_hal.c ****     {
 327:Drivers/STM32F3xx_HAL_Driver/Src/stm32f3xx_hal.c ****       /* Restore previous tick frequency */
 328:Drivers/STM32F3xx_HAL_Driver/Src/stm32f3xx_hal.c ****       uwTickFreq = prevTickFreq;
 326              		.loc 1 328 0
 327 0018 024A     		ldr	r2, .L31
 328 001a 1470     		strb	r4, [r2]
 329 001c 00E0     		b	.L28
 330              	.LVL16:
 331              	.L29:
 309:Drivers/STM32F3xx_HAL_Driver/Src/stm32f3xx_hal.c ****   HAL_TickFreqTypeDef prevTickFreq;
 332              		.loc 1 309 0
 333 001e 0023     		movs	r3, #0
 334              	.LVL17:
 335              	.L28:
 329:Drivers/STM32F3xx_HAL_Driver/Src/stm32f3xx_hal.c ****     }
 330:Drivers/STM32F3xx_HAL_Driver/Src/stm32f3xx_hal.c ****   }
 331:Drivers/STM32F3xx_HAL_Driver/Src/stm32f3xx_hal.c **** 
 332:Drivers/STM32F3xx_HAL_Driver/Src/stm32f3xx_hal.c ****   return status;
 333:Drivers/STM32F3xx_HAL_Driver/Src/stm32f3xx_hal.c **** }
 336              		.loc 1 333 0
 337 0020 1846     		mov	r0, r3
 338 0022 10BD     		pop	{r4, pc}
 339              	.L32:
 340              		.align	2
 341              	.L31:
 342 0024 00000000 		.word	.LANCHOR0
 343 0028 00000000 		.word	.LANCHOR1
 344              		.cfi_endproc
 345              	.LFE131:
 347              		.section	.text.HAL_GetTickFreq,"ax",%progbits
 348              		.align	2
 349              		.global	HAL_GetTickFreq
 350              		.thumb
ARM GAS  D:\Programme\Cygwin\tmp\ccBOMLqc.s 			page 13


 351              		.thumb_func
 353              	HAL_GetTickFreq:
 354              	.LFB132:
 334:Drivers/STM32F3xx_HAL_Driver/Src/stm32f3xx_hal.c **** 
 335:Drivers/STM32F3xx_HAL_Driver/Src/stm32f3xx_hal.c **** /**
 336:Drivers/STM32F3xx_HAL_Driver/Src/stm32f3xx_hal.c ****   * @brief Return tick frequency.
 337:Drivers/STM32F3xx_HAL_Driver/Src/stm32f3xx_hal.c ****   * @retval tick period in Hz
 338:Drivers/STM32F3xx_HAL_Driver/Src/stm32f3xx_hal.c ****   */
 339:Drivers/STM32F3xx_HAL_Driver/Src/stm32f3xx_hal.c **** HAL_TickFreqTypeDef HAL_GetTickFreq(void)
 340:Drivers/STM32F3xx_HAL_Driver/Src/stm32f3xx_hal.c **** {
 355              		.loc 1 340 0
 356              		.cfi_startproc
 357              		@ args = 0, pretend = 0, frame = 0
 358              		@ frame_needed = 0, uses_anonymous_args = 0
 359              		@ link register save eliminated.
 341:Drivers/STM32F3xx_HAL_Driver/Src/stm32f3xx_hal.c ****   return uwTickFreq;
 342:Drivers/STM32F3xx_HAL_Driver/Src/stm32f3xx_hal.c **** }
 360              		.loc 1 342 0
 361 0000 014B     		ldr	r3, .L34
 362 0002 1878     		ldrb	r0, [r3]	@ zero_extendqisi2
 363 0004 7047     		bx	lr
 364              	.L35:
 365 0006 00BF     		.align	2
 366              	.L34:
 367 0008 00000000 		.word	.LANCHOR0
 368              		.cfi_endproc
 369              	.LFE132:
 371              		.section	.text.HAL_Delay,"ax",%progbits
 372              		.align	2
 373              		.weak	HAL_Delay
 374              		.thumb
 375              		.thumb_func
 377              	HAL_Delay:
 378              	.LFB133:
 343:Drivers/STM32F3xx_HAL_Driver/Src/stm32f3xx_hal.c **** 
 344:Drivers/STM32F3xx_HAL_Driver/Src/stm32f3xx_hal.c **** /**
 345:Drivers/STM32F3xx_HAL_Driver/Src/stm32f3xx_hal.c ****   * @brief  This function provides accurate delay (in milliseconds) based 
 346:Drivers/STM32F3xx_HAL_Driver/Src/stm32f3xx_hal.c ****   *         on variable incremented.
 347:Drivers/STM32F3xx_HAL_Driver/Src/stm32f3xx_hal.c ****   * @note   In the default implementation , SysTick timer is the source of time base. 
 348:Drivers/STM32F3xx_HAL_Driver/Src/stm32f3xx_hal.c ****   *         It is used to generate interrupts at regular time intervals where uwTick
 349:Drivers/STM32F3xx_HAL_Driver/Src/stm32f3xx_hal.c ****   *         is incremented.
 350:Drivers/STM32F3xx_HAL_Driver/Src/stm32f3xx_hal.c ****   *         The function is declared as __Weak  to be overwritten  in case of other
 351:Drivers/STM32F3xx_HAL_Driver/Src/stm32f3xx_hal.c ****   *         implementations  in user file.
 352:Drivers/STM32F3xx_HAL_Driver/Src/stm32f3xx_hal.c ****   * @param  Delay specifies the delay time length, in milliseconds.
 353:Drivers/STM32F3xx_HAL_Driver/Src/stm32f3xx_hal.c ****   * @retval None
 354:Drivers/STM32F3xx_HAL_Driver/Src/stm32f3xx_hal.c ****   */
 355:Drivers/STM32F3xx_HAL_Driver/Src/stm32f3xx_hal.c **** __weak void HAL_Delay(uint32_t Delay)
 356:Drivers/STM32F3xx_HAL_Driver/Src/stm32f3xx_hal.c **** {
 379              		.loc 1 356 0
 380              		.cfi_startproc
 381              		@ args = 0, pretend = 0, frame = 0
 382              		@ frame_needed = 0, uses_anonymous_args = 0
 383              	.LVL18:
 384 0000 38B5     		push	{r3, r4, r5, lr}
 385              	.LCFI4:
 386              		.cfi_def_cfa_offset 16
 387              		.cfi_offset 3, -16
ARM GAS  D:\Programme\Cygwin\tmp\ccBOMLqc.s 			page 14


 388              		.cfi_offset 4, -12
 389              		.cfi_offset 5, -8
 390              		.cfi_offset 14, -4
 391 0002 0446     		mov	r4, r0
 357:Drivers/STM32F3xx_HAL_Driver/Src/stm32f3xx_hal.c ****   uint32_t tickstart = HAL_GetTick();
 392              		.loc 1 357 0
 393 0004 FFF7FEFF 		bl	HAL_GetTick
 394              	.LVL19:
 395 0008 0546     		mov	r5, r0
 396              	.LVL20:
 358:Drivers/STM32F3xx_HAL_Driver/Src/stm32f3xx_hal.c ****   uint32_t wait = Delay;
 359:Drivers/STM32F3xx_HAL_Driver/Src/stm32f3xx_hal.c ****   
 360:Drivers/STM32F3xx_HAL_Driver/Src/stm32f3xx_hal.c ****   /* Add freq to guarantee minimum wait */
 361:Drivers/STM32F3xx_HAL_Driver/Src/stm32f3xx_hal.c ****   if (wait < HAL_MAX_DELAY)
 397              		.loc 1 361 0
 398 000a B4F1FF3F 		cmp	r4, #-1
 399 000e 02D0     		beq	.L38
 362:Drivers/STM32F3xx_HAL_Driver/Src/stm32f3xx_hal.c ****   {
 363:Drivers/STM32F3xx_HAL_Driver/Src/stm32f3xx_hal.c ****     wait += (uint32_t)(uwTickFreq);
 400              		.loc 1 363 0
 401 0010 044B     		ldr	r3, .L40
 402 0012 1B78     		ldrb	r3, [r3]	@ zero_extendqisi2
 403 0014 1C44     		add	r4, r4, r3
 404              	.LVL21:
 405              	.L38:
 364:Drivers/STM32F3xx_HAL_Driver/Src/stm32f3xx_hal.c ****   }
 365:Drivers/STM32F3xx_HAL_Driver/Src/stm32f3xx_hal.c ****   
 366:Drivers/STM32F3xx_HAL_Driver/Src/stm32f3xx_hal.c ****   while((HAL_GetTick() - tickstart) < wait)
 406              		.loc 1 366 0 discriminator 1
 407 0016 FFF7FEFF 		bl	HAL_GetTick
 408              	.LVL22:
 409 001a 401B     		subs	r0, r0, r5
 410 001c 8442     		cmp	r4, r0
 411 001e FAD8     		bhi	.L38
 367:Drivers/STM32F3xx_HAL_Driver/Src/stm32f3xx_hal.c ****   {
 368:Drivers/STM32F3xx_HAL_Driver/Src/stm32f3xx_hal.c ****   }
 369:Drivers/STM32F3xx_HAL_Driver/Src/stm32f3xx_hal.c **** }
 412              		.loc 1 369 0
 413 0020 38BD     		pop	{r3, r4, r5, pc}
 414              	.LVL23:
 415              	.L41:
 416 0022 00BF     		.align	2
 417              	.L40:
 418 0024 00000000 		.word	.LANCHOR0
 419              		.cfi_endproc
 420              	.LFE133:
 422              		.section	.text.HAL_SuspendTick,"ax",%progbits
 423              		.align	2
 424              		.weak	HAL_SuspendTick
 425              		.thumb
 426              		.thumb_func
 428              	HAL_SuspendTick:
 429              	.LFB134:
 370:Drivers/STM32F3xx_HAL_Driver/Src/stm32f3xx_hal.c **** 
 371:Drivers/STM32F3xx_HAL_Driver/Src/stm32f3xx_hal.c **** /**
 372:Drivers/STM32F3xx_HAL_Driver/Src/stm32f3xx_hal.c ****   * @brief  Suspend Tick increment.
 373:Drivers/STM32F3xx_HAL_Driver/Src/stm32f3xx_hal.c ****   * @note   In the default implementation , SysTick timer is the source of time base. It is  
ARM GAS  D:\Programme\Cygwin\tmp\ccBOMLqc.s 			page 15


 374:Drivers/STM32F3xx_HAL_Driver/Src/stm32f3xx_hal.c ****   *         used to generate interrupts at regular time intervals. Once HAL_SuspendTick()
 375:Drivers/STM32F3xx_HAL_Driver/Src/stm32f3xx_hal.c ****   *         is called, the the SysTick interrupt will be disabled and so Tick increment 
 376:Drivers/STM32F3xx_HAL_Driver/Src/stm32f3xx_hal.c ****   *         is suspended.
 377:Drivers/STM32F3xx_HAL_Driver/Src/stm32f3xx_hal.c ****   * @note This function is declared as __weak to be overwritten in case of other
 378:Drivers/STM32F3xx_HAL_Driver/Src/stm32f3xx_hal.c ****   *         implementations  in user file.
 379:Drivers/STM32F3xx_HAL_Driver/Src/stm32f3xx_hal.c ****   * @retval None
 380:Drivers/STM32F3xx_HAL_Driver/Src/stm32f3xx_hal.c ****   */
 381:Drivers/STM32F3xx_HAL_Driver/Src/stm32f3xx_hal.c **** __weak void HAL_SuspendTick(void)
 382:Drivers/STM32F3xx_HAL_Driver/Src/stm32f3xx_hal.c **** 
 383:Drivers/STM32F3xx_HAL_Driver/Src/stm32f3xx_hal.c **** {
 430              		.loc 1 383 0
 431              		.cfi_startproc
 432              		@ args = 0, pretend = 0, frame = 0
 433              		@ frame_needed = 0, uses_anonymous_args = 0
 434              		@ link register save eliminated.
 384:Drivers/STM32F3xx_HAL_Driver/Src/stm32f3xx_hal.c ****   /* Disable SysTick Interrupt */
 385:Drivers/STM32F3xx_HAL_Driver/Src/stm32f3xx_hal.c ****   SysTick->CTRL &= ~SysTick_CTRL_TICKINT_Msk;
 435              		.loc 1 385 0
 436 0000 024A     		ldr	r2, .L43
 437 0002 1368     		ldr	r3, [r2]
 438 0004 23F00203 		bic	r3, r3, #2
 439 0008 1360     		str	r3, [r2]
 440 000a 7047     		bx	lr
 441              	.L44:
 442              		.align	2
 443              	.L43:
 444 000c 10E000E0 		.word	-536813552
 445              		.cfi_endproc
 446              	.LFE134:
 448              		.section	.text.HAL_ResumeTick,"ax",%progbits
 449              		.align	2
 450              		.weak	HAL_ResumeTick
 451              		.thumb
 452              		.thumb_func
 454              	HAL_ResumeTick:
 455              	.LFB135:
 386:Drivers/STM32F3xx_HAL_Driver/Src/stm32f3xx_hal.c ****                                                    
 387:Drivers/STM32F3xx_HAL_Driver/Src/stm32f3xx_hal.c **** }
 388:Drivers/STM32F3xx_HAL_Driver/Src/stm32f3xx_hal.c **** 
 389:Drivers/STM32F3xx_HAL_Driver/Src/stm32f3xx_hal.c **** /**
 390:Drivers/STM32F3xx_HAL_Driver/Src/stm32f3xx_hal.c ****   * @brief  Resume Tick increment.
 391:Drivers/STM32F3xx_HAL_Driver/Src/stm32f3xx_hal.c ****   * @note   In the default implementation , SysTick timer is the source of time base. It is  
 392:Drivers/STM32F3xx_HAL_Driver/Src/stm32f3xx_hal.c ****   *         used to generate interrupts at regular time intervals. Once HAL_ResumeTick()
 393:Drivers/STM32F3xx_HAL_Driver/Src/stm32f3xx_hal.c ****   *         is called, the the SysTick interrupt will be enabled and so Tick increment 
 394:Drivers/STM32F3xx_HAL_Driver/Src/stm32f3xx_hal.c ****   *         is resumed.
 395:Drivers/STM32F3xx_HAL_Driver/Src/stm32f3xx_hal.c ****   *         The function is declared as __Weak  to be overwritten  in case of other
 396:Drivers/STM32F3xx_HAL_Driver/Src/stm32f3xx_hal.c ****   *         implementations  in user file.
 397:Drivers/STM32F3xx_HAL_Driver/Src/stm32f3xx_hal.c ****   * @retval None
 398:Drivers/STM32F3xx_HAL_Driver/Src/stm32f3xx_hal.c ****   */
 399:Drivers/STM32F3xx_HAL_Driver/Src/stm32f3xx_hal.c **** __weak void HAL_ResumeTick(void)
 400:Drivers/STM32F3xx_HAL_Driver/Src/stm32f3xx_hal.c **** {
 456              		.loc 1 400 0
 457              		.cfi_startproc
 458              		@ args = 0, pretend = 0, frame = 0
 459              		@ frame_needed = 0, uses_anonymous_args = 0
 460              		@ link register save eliminated.
 401:Drivers/STM32F3xx_HAL_Driver/Src/stm32f3xx_hal.c ****   /* Enable SysTick Interrupt */
ARM GAS  D:\Programme\Cygwin\tmp\ccBOMLqc.s 			page 16


 402:Drivers/STM32F3xx_HAL_Driver/Src/stm32f3xx_hal.c ****   SysTick->CTRL  |= SysTick_CTRL_TICKINT_Msk;
 461              		.loc 1 402 0
 462 0000 024A     		ldr	r2, .L46
 463 0002 1368     		ldr	r3, [r2]
 464 0004 43F00203 		orr	r3, r3, #2
 465 0008 1360     		str	r3, [r2]
 466 000a 7047     		bx	lr
 467              	.L47:
 468              		.align	2
 469              	.L46:
 470 000c 10E000E0 		.word	-536813552
 471              		.cfi_endproc
 472              	.LFE135:
 474              		.section	.text.HAL_GetHalVersion,"ax",%progbits
 475              		.align	2
 476              		.global	HAL_GetHalVersion
 477              		.thumb
 478              		.thumb_func
 480              	HAL_GetHalVersion:
 481              	.LFB136:
 403:Drivers/STM32F3xx_HAL_Driver/Src/stm32f3xx_hal.c ****   
 404:Drivers/STM32F3xx_HAL_Driver/Src/stm32f3xx_hal.c **** }
 405:Drivers/STM32F3xx_HAL_Driver/Src/stm32f3xx_hal.c **** 
 406:Drivers/STM32F3xx_HAL_Driver/Src/stm32f3xx_hal.c **** /**
 407:Drivers/STM32F3xx_HAL_Driver/Src/stm32f3xx_hal.c ****   * @brief  This function returns the HAL revision
 408:Drivers/STM32F3xx_HAL_Driver/Src/stm32f3xx_hal.c ****   * @retval version 0xXYZR (8bits for each decimal, R for RC)
 409:Drivers/STM32F3xx_HAL_Driver/Src/stm32f3xx_hal.c ****   */
 410:Drivers/STM32F3xx_HAL_Driver/Src/stm32f3xx_hal.c **** uint32_t HAL_GetHalVersion(void)
 411:Drivers/STM32F3xx_HAL_Driver/Src/stm32f3xx_hal.c **** {
 482              		.loc 1 411 0
 483              		.cfi_startproc
 484              		@ args = 0, pretend = 0, frame = 0
 485              		@ frame_needed = 0, uses_anonymous_args = 0
 486              		@ link register save eliminated.
 412:Drivers/STM32F3xx_HAL_Driver/Src/stm32f3xx_hal.c ****  return __STM32F3xx_HAL_VERSION;
 413:Drivers/STM32F3xx_HAL_Driver/Src/stm32f3xx_hal.c **** }
 487              		.loc 1 413 0
 488 0000 0048     		ldr	r0, .L49
 489 0002 7047     		bx	lr
 490              	.L50:
 491              		.align	2
 492              	.L49:
 493 0004 00030501 		.word	17105664
 494              		.cfi_endproc
 495              	.LFE136:
 497              		.section	.text.HAL_GetREVID,"ax",%progbits
 498              		.align	2
 499              		.global	HAL_GetREVID
 500              		.thumb
 501              		.thumb_func
 503              	HAL_GetREVID:
 504              	.LFB137:
 414:Drivers/STM32F3xx_HAL_Driver/Src/stm32f3xx_hal.c **** 
 415:Drivers/STM32F3xx_HAL_Driver/Src/stm32f3xx_hal.c **** /**
 416:Drivers/STM32F3xx_HAL_Driver/Src/stm32f3xx_hal.c ****   * @brief  Returns the device revision identifier.
 417:Drivers/STM32F3xx_HAL_Driver/Src/stm32f3xx_hal.c ****   * @retval Device revision identifier
 418:Drivers/STM32F3xx_HAL_Driver/Src/stm32f3xx_hal.c ****   */
ARM GAS  D:\Programme\Cygwin\tmp\ccBOMLqc.s 			page 17


 419:Drivers/STM32F3xx_HAL_Driver/Src/stm32f3xx_hal.c **** uint32_t HAL_GetREVID(void)
 420:Drivers/STM32F3xx_HAL_Driver/Src/stm32f3xx_hal.c **** {
 505              		.loc 1 420 0
 506              		.cfi_startproc
 507              		@ args = 0, pretend = 0, frame = 0
 508              		@ frame_needed = 0, uses_anonymous_args = 0
 509              		@ link register save eliminated.
 421:Drivers/STM32F3xx_HAL_Driver/Src/stm32f3xx_hal.c ****   return((DBGMCU->IDCODE) >> 16U);
 510              		.loc 1 421 0
 511 0000 014B     		ldr	r3, .L52
 512 0002 1868     		ldr	r0, [r3]
 422:Drivers/STM32F3xx_HAL_Driver/Src/stm32f3xx_hal.c **** }
 513              		.loc 1 422 0
 514 0004 000C     		lsrs	r0, r0, #16
 515 0006 7047     		bx	lr
 516              	.L53:
 517              		.align	2
 518              	.L52:
 519 0008 002004E0 		.word	-536600576
 520              		.cfi_endproc
 521              	.LFE137:
 523              		.section	.text.HAL_GetDEVID,"ax",%progbits
 524              		.align	2
 525              		.global	HAL_GetDEVID
 526              		.thumb
 527              		.thumb_func
 529              	HAL_GetDEVID:
 530              	.LFB138:
 423:Drivers/STM32F3xx_HAL_Driver/Src/stm32f3xx_hal.c **** 
 424:Drivers/STM32F3xx_HAL_Driver/Src/stm32f3xx_hal.c **** /**
 425:Drivers/STM32F3xx_HAL_Driver/Src/stm32f3xx_hal.c ****   * @brief  Returns the device identifier.
 426:Drivers/STM32F3xx_HAL_Driver/Src/stm32f3xx_hal.c ****   * @retval Device identifier
 427:Drivers/STM32F3xx_HAL_Driver/Src/stm32f3xx_hal.c ****   */
 428:Drivers/STM32F3xx_HAL_Driver/Src/stm32f3xx_hal.c **** uint32_t HAL_GetDEVID(void)
 429:Drivers/STM32F3xx_HAL_Driver/Src/stm32f3xx_hal.c **** {
 531              		.loc 1 429 0
 532              		.cfi_startproc
 533              		@ args = 0, pretend = 0, frame = 0
 534              		@ frame_needed = 0, uses_anonymous_args = 0
 535              		@ link register save eliminated.
 430:Drivers/STM32F3xx_HAL_Driver/Src/stm32f3xx_hal.c ****   return((DBGMCU->IDCODE) & IDCODE_DEVID_MASK);
 536              		.loc 1 430 0
 537 0000 024B     		ldr	r3, .L55
 538 0002 1868     		ldr	r0, [r3]
 431:Drivers/STM32F3xx_HAL_Driver/Src/stm32f3xx_hal.c **** }
 539              		.loc 1 431 0
 540 0004 C0F30B00 		ubfx	r0, r0, #0, #12
 541 0008 7047     		bx	lr
 542              	.L56:
 543 000a 00BF     		.align	2
 544              	.L55:
 545 000c 002004E0 		.word	-536600576
 546              		.cfi_endproc
 547              	.LFE138:
 549              		.section	.text.HAL_GetUIDw0,"ax",%progbits
 550              		.align	2
 551              		.global	HAL_GetUIDw0
ARM GAS  D:\Programme\Cygwin\tmp\ccBOMLqc.s 			page 18


 552              		.thumb
 553              		.thumb_func
 555              	HAL_GetUIDw0:
 556              	.LFB139:
 432:Drivers/STM32F3xx_HAL_Driver/Src/stm32f3xx_hal.c **** 
 433:Drivers/STM32F3xx_HAL_Driver/Src/stm32f3xx_hal.c **** /**
 434:Drivers/STM32F3xx_HAL_Driver/Src/stm32f3xx_hal.c ****   * @brief  Returns first word of the unique device identifier (UID based on 96 bits)
 435:Drivers/STM32F3xx_HAL_Driver/Src/stm32f3xx_hal.c ****   * @retval Device identifier
 436:Drivers/STM32F3xx_HAL_Driver/Src/stm32f3xx_hal.c ****   */
 437:Drivers/STM32F3xx_HAL_Driver/Src/stm32f3xx_hal.c **** uint32_t HAL_GetUIDw0(void)
 438:Drivers/STM32F3xx_HAL_Driver/Src/stm32f3xx_hal.c **** {
 557              		.loc 1 438 0
 558              		.cfi_startproc
 559              		@ args = 0, pretend = 0, frame = 0
 560              		@ frame_needed = 0, uses_anonymous_args = 0
 561              		@ link register save eliminated.
 439:Drivers/STM32F3xx_HAL_Driver/Src/stm32f3xx_hal.c ****    return(READ_REG(*((uint32_t *)UID_BASE)));
 440:Drivers/STM32F3xx_HAL_Driver/Src/stm32f3xx_hal.c **** }
 562              		.loc 1 440 0
 563 0000 014B     		ldr	r3, .L58
 564 0002 1868     		ldr	r0, [r3]
 565 0004 7047     		bx	lr
 566              	.L59:
 567 0006 00BF     		.align	2
 568              	.L58:
 569 0008 ACF7FF1F 		.word	536868780
 570              		.cfi_endproc
 571              	.LFE139:
 573              		.section	.text.HAL_GetUIDw1,"ax",%progbits
 574              		.align	2
 575              		.global	HAL_GetUIDw1
 576              		.thumb
 577              		.thumb_func
 579              	HAL_GetUIDw1:
 580              	.LFB140:
 441:Drivers/STM32F3xx_HAL_Driver/Src/stm32f3xx_hal.c **** 
 442:Drivers/STM32F3xx_HAL_Driver/Src/stm32f3xx_hal.c **** /**
 443:Drivers/STM32F3xx_HAL_Driver/Src/stm32f3xx_hal.c ****   * @brief  Returns second word of the unique device identifier (UID based on 96 bits)
 444:Drivers/STM32F3xx_HAL_Driver/Src/stm32f3xx_hal.c ****   * @retval Device identifier
 445:Drivers/STM32F3xx_HAL_Driver/Src/stm32f3xx_hal.c ****   */
 446:Drivers/STM32F3xx_HAL_Driver/Src/stm32f3xx_hal.c **** uint32_t HAL_GetUIDw1(void)
 447:Drivers/STM32F3xx_HAL_Driver/Src/stm32f3xx_hal.c **** {
 581              		.loc 1 447 0
 582              		.cfi_startproc
 583              		@ args = 0, pretend = 0, frame = 0
 584              		@ frame_needed = 0, uses_anonymous_args = 0
 585              		@ link register save eliminated.
 448:Drivers/STM32F3xx_HAL_Driver/Src/stm32f3xx_hal.c ****    return(READ_REG(*((uint32_t *)(UID_BASE + 4U))));
 449:Drivers/STM32F3xx_HAL_Driver/Src/stm32f3xx_hal.c **** }
 586              		.loc 1 449 0
 587 0000 014B     		ldr	r3, .L61
 588 0002 1868     		ldr	r0, [r3]
 589 0004 7047     		bx	lr
 590              	.L62:
 591 0006 00BF     		.align	2
 592              	.L61:
 593 0008 B0F7FF1F 		.word	536868784
ARM GAS  D:\Programme\Cygwin\tmp\ccBOMLqc.s 			page 19


 594              		.cfi_endproc
 595              	.LFE140:
 597              		.section	.text.HAL_GetUIDw2,"ax",%progbits
 598              		.align	2
 599              		.global	HAL_GetUIDw2
 600              		.thumb
 601              		.thumb_func
 603              	HAL_GetUIDw2:
 604              	.LFB141:
 450:Drivers/STM32F3xx_HAL_Driver/Src/stm32f3xx_hal.c **** 
 451:Drivers/STM32F3xx_HAL_Driver/Src/stm32f3xx_hal.c **** /**
 452:Drivers/STM32F3xx_HAL_Driver/Src/stm32f3xx_hal.c ****   * @brief  Returns third word of the unique device identifier (UID based on 96 bits)
 453:Drivers/STM32F3xx_HAL_Driver/Src/stm32f3xx_hal.c ****   * @retval Device identifier
 454:Drivers/STM32F3xx_HAL_Driver/Src/stm32f3xx_hal.c ****   */
 455:Drivers/STM32F3xx_HAL_Driver/Src/stm32f3xx_hal.c **** uint32_t HAL_GetUIDw2(void)
 456:Drivers/STM32F3xx_HAL_Driver/Src/stm32f3xx_hal.c **** {
 605              		.loc 1 456 0
 606              		.cfi_startproc
 607              		@ args = 0, pretend = 0, frame = 0
 608              		@ frame_needed = 0, uses_anonymous_args = 0
 609              		@ link register save eliminated.
 457:Drivers/STM32F3xx_HAL_Driver/Src/stm32f3xx_hal.c ****    return(READ_REG(*((uint32_t *)(UID_BASE + 8U))));
 458:Drivers/STM32F3xx_HAL_Driver/Src/stm32f3xx_hal.c **** }
 610              		.loc 1 458 0
 611 0000 014B     		ldr	r3, .L64
 612 0002 1868     		ldr	r0, [r3]
 613 0004 7047     		bx	lr
 614              	.L65:
 615 0006 00BF     		.align	2
 616              	.L64:
 617 0008 B4F7FF1F 		.word	536868788
 618              		.cfi_endproc
 619              	.LFE141:
 621              		.section	.text.HAL_DBGMCU_EnableDBGSleepMode,"ax",%progbits
 622              		.align	2
 623              		.global	HAL_DBGMCU_EnableDBGSleepMode
 624              		.thumb
 625              		.thumb_func
 627              	HAL_DBGMCU_EnableDBGSleepMode:
 628              	.LFB142:
 459:Drivers/STM32F3xx_HAL_Driver/Src/stm32f3xx_hal.c **** 
 460:Drivers/STM32F3xx_HAL_Driver/Src/stm32f3xx_hal.c **** /**
 461:Drivers/STM32F3xx_HAL_Driver/Src/stm32f3xx_hal.c ****   * @brief  Enable the Debug Module during SLEEP mode
 462:Drivers/STM32F3xx_HAL_Driver/Src/stm32f3xx_hal.c ****   * @retval None
 463:Drivers/STM32F3xx_HAL_Driver/Src/stm32f3xx_hal.c ****   */
 464:Drivers/STM32F3xx_HAL_Driver/Src/stm32f3xx_hal.c **** void HAL_DBGMCU_EnableDBGSleepMode(void)
 465:Drivers/STM32F3xx_HAL_Driver/Src/stm32f3xx_hal.c **** {
 629              		.loc 1 465 0
 630              		.cfi_startproc
 631              		@ args = 0, pretend = 0, frame = 0
 632              		@ frame_needed = 0, uses_anonymous_args = 0
 633              		@ link register save eliminated.
 466:Drivers/STM32F3xx_HAL_Driver/Src/stm32f3xx_hal.c ****   SET_BIT(DBGMCU->CR, DBGMCU_CR_DBG_SLEEP);
 634              		.loc 1 466 0
 635 0000 024A     		ldr	r2, .L67
 636 0002 5368     		ldr	r3, [r2, #4]
 637 0004 43F00103 		orr	r3, r3, #1
ARM GAS  D:\Programme\Cygwin\tmp\ccBOMLqc.s 			page 20


 638 0008 5360     		str	r3, [r2, #4]
 639 000a 7047     		bx	lr
 640              	.L68:
 641              		.align	2
 642              	.L67:
 643 000c 002004E0 		.word	-536600576
 644              		.cfi_endproc
 645              	.LFE142:
 647              		.section	.text.HAL_DBGMCU_DisableDBGSleepMode,"ax",%progbits
 648              		.align	2
 649              		.global	HAL_DBGMCU_DisableDBGSleepMode
 650              		.thumb
 651              		.thumb_func
 653              	HAL_DBGMCU_DisableDBGSleepMode:
 654              	.LFB143:
 467:Drivers/STM32F3xx_HAL_Driver/Src/stm32f3xx_hal.c **** }
 468:Drivers/STM32F3xx_HAL_Driver/Src/stm32f3xx_hal.c **** 
 469:Drivers/STM32F3xx_HAL_Driver/Src/stm32f3xx_hal.c **** /**
 470:Drivers/STM32F3xx_HAL_Driver/Src/stm32f3xx_hal.c ****   * @brief  Disable the Debug Module during SLEEP mode
 471:Drivers/STM32F3xx_HAL_Driver/Src/stm32f3xx_hal.c ****   * @retval None
 472:Drivers/STM32F3xx_HAL_Driver/Src/stm32f3xx_hal.c ****   */
 473:Drivers/STM32F3xx_HAL_Driver/Src/stm32f3xx_hal.c **** void HAL_DBGMCU_DisableDBGSleepMode(void)
 474:Drivers/STM32F3xx_HAL_Driver/Src/stm32f3xx_hal.c **** {
 655              		.loc 1 474 0
 656              		.cfi_startproc
 657              		@ args = 0, pretend = 0, frame = 0
 658              		@ frame_needed = 0, uses_anonymous_args = 0
 659              		@ link register save eliminated.
 475:Drivers/STM32F3xx_HAL_Driver/Src/stm32f3xx_hal.c ****   CLEAR_BIT(DBGMCU->CR, DBGMCU_CR_DBG_SLEEP);
 660              		.loc 1 475 0
 661 0000 024A     		ldr	r2, .L70
 662 0002 5368     		ldr	r3, [r2, #4]
 663 0004 23F00103 		bic	r3, r3, #1
 664 0008 5360     		str	r3, [r2, #4]
 665 000a 7047     		bx	lr
 666              	.L71:
 667              		.align	2
 668              	.L70:
 669 000c 002004E0 		.word	-536600576
 670              		.cfi_endproc
 671              	.LFE143:
 673              		.section	.text.HAL_DBGMCU_EnableDBGStopMode,"ax",%progbits
 674              		.align	2
 675              		.global	HAL_DBGMCU_EnableDBGStopMode
 676              		.thumb
 677              		.thumb_func
 679              	HAL_DBGMCU_EnableDBGStopMode:
 680              	.LFB144:
 476:Drivers/STM32F3xx_HAL_Driver/Src/stm32f3xx_hal.c **** }
 477:Drivers/STM32F3xx_HAL_Driver/Src/stm32f3xx_hal.c **** 
 478:Drivers/STM32F3xx_HAL_Driver/Src/stm32f3xx_hal.c **** /**
 479:Drivers/STM32F3xx_HAL_Driver/Src/stm32f3xx_hal.c ****   * @brief  Enable the Debug Module during STOP mode
 480:Drivers/STM32F3xx_HAL_Driver/Src/stm32f3xx_hal.c ****   * @retval None
 481:Drivers/STM32F3xx_HAL_Driver/Src/stm32f3xx_hal.c ****   */
 482:Drivers/STM32F3xx_HAL_Driver/Src/stm32f3xx_hal.c **** void HAL_DBGMCU_EnableDBGStopMode(void)
 483:Drivers/STM32F3xx_HAL_Driver/Src/stm32f3xx_hal.c **** {
 681              		.loc 1 483 0
ARM GAS  D:\Programme\Cygwin\tmp\ccBOMLqc.s 			page 21


 682              		.cfi_startproc
 683              		@ args = 0, pretend = 0, frame = 0
 684              		@ frame_needed = 0, uses_anonymous_args = 0
 685              		@ link register save eliminated.
 484:Drivers/STM32F3xx_HAL_Driver/Src/stm32f3xx_hal.c ****   SET_BIT(DBGMCU->CR, DBGMCU_CR_DBG_STOP);
 686              		.loc 1 484 0
 687 0000 024A     		ldr	r2, .L73
 688 0002 5368     		ldr	r3, [r2, #4]
 689 0004 43F00203 		orr	r3, r3, #2
 690 0008 5360     		str	r3, [r2, #4]
 691 000a 7047     		bx	lr
 692              	.L74:
 693              		.align	2
 694              	.L73:
 695 000c 002004E0 		.word	-536600576
 696              		.cfi_endproc
 697              	.LFE144:
 699              		.section	.text.HAL_DBGMCU_DisableDBGStopMode,"ax",%progbits
 700              		.align	2
 701              		.global	HAL_DBGMCU_DisableDBGStopMode
 702              		.thumb
 703              		.thumb_func
 705              	HAL_DBGMCU_DisableDBGStopMode:
 706              	.LFB145:
 485:Drivers/STM32F3xx_HAL_Driver/Src/stm32f3xx_hal.c **** }
 486:Drivers/STM32F3xx_HAL_Driver/Src/stm32f3xx_hal.c **** 
 487:Drivers/STM32F3xx_HAL_Driver/Src/stm32f3xx_hal.c **** /**
 488:Drivers/STM32F3xx_HAL_Driver/Src/stm32f3xx_hal.c ****   * @brief  Disable the Debug Module during STOP mode
 489:Drivers/STM32F3xx_HAL_Driver/Src/stm32f3xx_hal.c ****   * @retval None
 490:Drivers/STM32F3xx_HAL_Driver/Src/stm32f3xx_hal.c ****   */
 491:Drivers/STM32F3xx_HAL_Driver/Src/stm32f3xx_hal.c **** void HAL_DBGMCU_DisableDBGStopMode(void)
 492:Drivers/STM32F3xx_HAL_Driver/Src/stm32f3xx_hal.c **** {
 707              		.loc 1 492 0
 708              		.cfi_startproc
 709              		@ args = 0, pretend = 0, frame = 0
 710              		@ frame_needed = 0, uses_anonymous_args = 0
 711              		@ link register save eliminated.
 493:Drivers/STM32F3xx_HAL_Driver/Src/stm32f3xx_hal.c ****   CLEAR_BIT(DBGMCU->CR, DBGMCU_CR_DBG_STOP);
 712              		.loc 1 493 0
 713 0000 024A     		ldr	r2, .L76
 714 0002 5368     		ldr	r3, [r2, #4]
 715 0004 23F00203 		bic	r3, r3, #2
 716 0008 5360     		str	r3, [r2, #4]
 717 000a 7047     		bx	lr
 718              	.L77:
 719              		.align	2
 720              	.L76:
 721 000c 002004E0 		.word	-536600576
 722              		.cfi_endproc
 723              	.LFE145:
 725              		.section	.text.HAL_DBGMCU_EnableDBGStandbyMode,"ax",%progbits
 726              		.align	2
 727              		.global	HAL_DBGMCU_EnableDBGStandbyMode
 728              		.thumb
 729              		.thumb_func
 731              	HAL_DBGMCU_EnableDBGStandbyMode:
 732              	.LFB146:
ARM GAS  D:\Programme\Cygwin\tmp\ccBOMLqc.s 			page 22


 494:Drivers/STM32F3xx_HAL_Driver/Src/stm32f3xx_hal.c **** }
 495:Drivers/STM32F3xx_HAL_Driver/Src/stm32f3xx_hal.c **** 
 496:Drivers/STM32F3xx_HAL_Driver/Src/stm32f3xx_hal.c **** /**
 497:Drivers/STM32F3xx_HAL_Driver/Src/stm32f3xx_hal.c ****   * @brief  Enable the Debug Module during STANDBY mode
 498:Drivers/STM32F3xx_HAL_Driver/Src/stm32f3xx_hal.c ****   * @retval None
 499:Drivers/STM32F3xx_HAL_Driver/Src/stm32f3xx_hal.c ****   */
 500:Drivers/STM32F3xx_HAL_Driver/Src/stm32f3xx_hal.c **** void HAL_DBGMCU_EnableDBGStandbyMode(void)
 501:Drivers/STM32F3xx_HAL_Driver/Src/stm32f3xx_hal.c **** {
 733              		.loc 1 501 0
 734              		.cfi_startproc
 735              		@ args = 0, pretend = 0, frame = 0
 736              		@ frame_needed = 0, uses_anonymous_args = 0
 737              		@ link register save eliminated.
 502:Drivers/STM32F3xx_HAL_Driver/Src/stm32f3xx_hal.c ****   SET_BIT(DBGMCU->CR, DBGMCU_CR_DBG_STANDBY);
 738              		.loc 1 502 0
 739 0000 024A     		ldr	r2, .L79
 740 0002 5368     		ldr	r3, [r2, #4]
 741 0004 43F00403 		orr	r3, r3, #4
 742 0008 5360     		str	r3, [r2, #4]
 743 000a 7047     		bx	lr
 744              	.L80:
 745              		.align	2
 746              	.L79:
 747 000c 002004E0 		.word	-536600576
 748              		.cfi_endproc
 749              	.LFE146:
 751              		.section	.text.HAL_DBGMCU_DisableDBGStandbyMode,"ax",%progbits
 752              		.align	2
 753              		.global	HAL_DBGMCU_DisableDBGStandbyMode
 754              		.thumb
 755              		.thumb_func
 757              	HAL_DBGMCU_DisableDBGStandbyMode:
 758              	.LFB147:
 503:Drivers/STM32F3xx_HAL_Driver/Src/stm32f3xx_hal.c **** }
 504:Drivers/STM32F3xx_HAL_Driver/Src/stm32f3xx_hal.c **** 
 505:Drivers/STM32F3xx_HAL_Driver/Src/stm32f3xx_hal.c **** /**
 506:Drivers/STM32F3xx_HAL_Driver/Src/stm32f3xx_hal.c ****   * @brief  Disable the Debug Module during STANDBY mode
 507:Drivers/STM32F3xx_HAL_Driver/Src/stm32f3xx_hal.c ****   * @retval None
 508:Drivers/STM32F3xx_HAL_Driver/Src/stm32f3xx_hal.c ****   */
 509:Drivers/STM32F3xx_HAL_Driver/Src/stm32f3xx_hal.c **** void HAL_DBGMCU_DisableDBGStandbyMode(void)
 510:Drivers/STM32F3xx_HAL_Driver/Src/stm32f3xx_hal.c **** {
 759              		.loc 1 510 0
 760              		.cfi_startproc
 761              		@ args = 0, pretend = 0, frame = 0
 762              		@ frame_needed = 0, uses_anonymous_args = 0
 763              		@ link register save eliminated.
 511:Drivers/STM32F3xx_HAL_Driver/Src/stm32f3xx_hal.c ****   CLEAR_BIT(DBGMCU->CR, DBGMCU_CR_DBG_STANDBY);
 764              		.loc 1 511 0
 765 0000 024A     		ldr	r2, .L82
 766 0002 5368     		ldr	r3, [r2, #4]
 767 0004 23F00403 		bic	r3, r3, #4
 768 0008 5360     		str	r3, [r2, #4]
 769 000a 7047     		bx	lr
 770              	.L83:
 771              		.align	2
 772              	.L82:
 773 000c 002004E0 		.word	-536600576
ARM GAS  D:\Programme\Cygwin\tmp\ccBOMLqc.s 			page 23


 774              		.cfi_endproc
 775              	.LFE147:
 777              		.global	uwTickFreq
 778              		.global	uwTickPrio
 779              		.comm	uwTick,4,4
 780              		.section	.data.uwTickPrio,"aw",%progbits
 781              		.align	2
 782              		.set	.LANCHOR1,. + 0
 785              	uwTickPrio:
 786 0000 10000000 		.word	16
 787              		.section	.data.uwTickFreq,"aw",%progbits
 788              		.set	.LANCHOR0,. + 0
 791              	uwTickFreq:
 792 0000 01       		.byte	1
 793              		.text
 794              	.Letext0:
 795              		.file 2 "d:\\tool_chain\\gcc-arm-none-eabi\\5.4 2016q3\\arm-none-eabi\\include\\machine\\_default_
 796              		.file 3 "d:\\tool_chain\\gcc-arm-none-eabi\\5.4 2016q3\\arm-none-eabi\\include\\sys\\_stdint.h"
 797              		.file 4 "Drivers/CMSIS/Include/core_cm4.h"
 798              		.file 5 "Drivers/CMSIS/Device/ST/STM32F3xx/Include/stm32f302x8.h"
 799              		.file 6 "Drivers/STM32F3xx_HAL_Driver/Inc/stm32f3xx_hal_def.h"
 800              		.file 7 "Drivers/STM32F3xx_HAL_Driver/Inc/stm32f3xx_hal.h"
 801              		.file 8 "Drivers/CMSIS/Device/ST/STM32F3xx/Include/system_stm32f3xx.h"
 802              		.file 9 "Drivers/STM32F3xx_HAL_Driver/Inc/stm32f3xx_hal_cortex.h"
ARM GAS  D:\Programme\Cygwin\tmp\ccBOMLqc.s 			page 24


DEFINED SYMBOLS
                            *ABS*:00000000 stm32f3xx_hal.c
D:\Programme\Cygwin\tmp\ccBOMLqc.s:22     .text.HAL_MspInit:00000000 $t
D:\Programme\Cygwin\tmp\ccBOMLqc.s:27     .text.HAL_MspInit:00000000 HAL_MspInit
D:\Programme\Cygwin\tmp\ccBOMLqc.s:40     .text.HAL_MspDeInit:00000000 $t
D:\Programme\Cygwin\tmp\ccBOMLqc.s:45     .text.HAL_MspDeInit:00000000 HAL_MspDeInit
D:\Programme\Cygwin\tmp\ccBOMLqc.s:57     .text.HAL_DeInit:00000000 $t
D:\Programme\Cygwin\tmp\ccBOMLqc.s:62     .text.HAL_DeInit:00000000 HAL_DeInit
D:\Programme\Cygwin\tmp\ccBOMLqc.s:98     .text.HAL_DeInit:00000020 $d
D:\Programme\Cygwin\tmp\ccBOMLqc.s:103    .text.HAL_InitTick:00000000 $t
D:\Programme\Cygwin\tmp\ccBOMLqc.s:108    .text.HAL_InitTick:00000000 HAL_InitTick
D:\Programme\Cygwin\tmp\ccBOMLqc.s:163    .text.HAL_InitTick:00000040 $d
D:\Programme\Cygwin\tmp\ccBOMLqc.s:170    .text.HAL_Init:00000000 $t
D:\Programme\Cygwin\tmp\ccBOMLqc.s:175    .text.HAL_Init:00000000 HAL_Init
D:\Programme\Cygwin\tmp\ccBOMLqc.s:208    .text.HAL_Init:00000020 $d
D:\Programme\Cygwin\tmp\ccBOMLqc.s:213    .text.HAL_IncTick:00000000 $t
D:\Programme\Cygwin\tmp\ccBOMLqc.s:218    .text.HAL_IncTick:00000000 HAL_IncTick
D:\Programme\Cygwin\tmp\ccBOMLqc.s:236    .text.HAL_IncTick:00000010 $d
                            *COM*:00000004 uwTick
D:\Programme\Cygwin\tmp\ccBOMLqc.s:242    .text.HAL_GetTick:00000000 $t
D:\Programme\Cygwin\tmp\ccBOMLqc.s:247    .text.HAL_GetTick:00000000 HAL_GetTick
D:\Programme\Cygwin\tmp\ccBOMLqc.s:262    .text.HAL_GetTick:00000008 $d
D:\Programme\Cygwin\tmp\ccBOMLqc.s:267    .text.HAL_GetTickPrio:00000000 $t
D:\Programme\Cygwin\tmp\ccBOMLqc.s:272    .text.HAL_GetTickPrio:00000000 HAL_GetTickPrio
D:\Programme\Cygwin\tmp\ccBOMLqc.s:286    .text.HAL_GetTickPrio:00000008 $d
D:\Programme\Cygwin\tmp\ccBOMLqc.s:291    .text.HAL_SetTickFreq:00000000 $t
D:\Programme\Cygwin\tmp\ccBOMLqc.s:296    .text.HAL_SetTickFreq:00000000 HAL_SetTickFreq
D:\Programme\Cygwin\tmp\ccBOMLqc.s:342    .text.HAL_SetTickFreq:00000024 $d
D:\Programme\Cygwin\tmp\ccBOMLqc.s:348    .text.HAL_GetTickFreq:00000000 $t
D:\Programme\Cygwin\tmp\ccBOMLqc.s:353    .text.HAL_GetTickFreq:00000000 HAL_GetTickFreq
D:\Programme\Cygwin\tmp\ccBOMLqc.s:367    .text.HAL_GetTickFreq:00000008 $d
D:\Programme\Cygwin\tmp\ccBOMLqc.s:372    .text.HAL_Delay:00000000 $t
D:\Programme\Cygwin\tmp\ccBOMLqc.s:377    .text.HAL_Delay:00000000 HAL_Delay
D:\Programme\Cygwin\tmp\ccBOMLqc.s:418    .text.HAL_Delay:00000024 $d
D:\Programme\Cygwin\tmp\ccBOMLqc.s:423    .text.HAL_SuspendTick:00000000 $t
D:\Programme\Cygwin\tmp\ccBOMLqc.s:428    .text.HAL_SuspendTick:00000000 HAL_SuspendTick
D:\Programme\Cygwin\tmp\ccBOMLqc.s:444    .text.HAL_SuspendTick:0000000c $d
D:\Programme\Cygwin\tmp\ccBOMLqc.s:449    .text.HAL_ResumeTick:00000000 $t
D:\Programme\Cygwin\tmp\ccBOMLqc.s:454    .text.HAL_ResumeTick:00000000 HAL_ResumeTick
D:\Programme\Cygwin\tmp\ccBOMLqc.s:470    .text.HAL_ResumeTick:0000000c $d
D:\Programme\Cygwin\tmp\ccBOMLqc.s:475    .text.HAL_GetHalVersion:00000000 $t
D:\Programme\Cygwin\tmp\ccBOMLqc.s:480    .text.HAL_GetHalVersion:00000000 HAL_GetHalVersion
D:\Programme\Cygwin\tmp\ccBOMLqc.s:493    .text.HAL_GetHalVersion:00000004 $d
D:\Programme\Cygwin\tmp\ccBOMLqc.s:498    .text.HAL_GetREVID:00000000 $t
D:\Programme\Cygwin\tmp\ccBOMLqc.s:503    .text.HAL_GetREVID:00000000 HAL_GetREVID
D:\Programme\Cygwin\tmp\ccBOMLqc.s:519    .text.HAL_GetREVID:00000008 $d
D:\Programme\Cygwin\tmp\ccBOMLqc.s:524    .text.HAL_GetDEVID:00000000 $t
D:\Programme\Cygwin\tmp\ccBOMLqc.s:529    .text.HAL_GetDEVID:00000000 HAL_GetDEVID
D:\Programme\Cygwin\tmp\ccBOMLqc.s:545    .text.HAL_GetDEVID:0000000c $d
D:\Programme\Cygwin\tmp\ccBOMLqc.s:550    .text.HAL_GetUIDw0:00000000 $t
D:\Programme\Cygwin\tmp\ccBOMLqc.s:555    .text.HAL_GetUIDw0:00000000 HAL_GetUIDw0
D:\Programme\Cygwin\tmp\ccBOMLqc.s:569    .text.HAL_GetUIDw0:00000008 $d
D:\Programme\Cygwin\tmp\ccBOMLqc.s:574    .text.HAL_GetUIDw1:00000000 $t
D:\Programme\Cygwin\tmp\ccBOMLqc.s:579    .text.HAL_GetUIDw1:00000000 HAL_GetUIDw1
D:\Programme\Cygwin\tmp\ccBOMLqc.s:593    .text.HAL_GetUIDw1:00000008 $d
D:\Programme\Cygwin\tmp\ccBOMLqc.s:598    .text.HAL_GetUIDw2:00000000 $t
D:\Programme\Cygwin\tmp\ccBOMLqc.s:603    .text.HAL_GetUIDw2:00000000 HAL_GetUIDw2
ARM GAS  D:\Programme\Cygwin\tmp\ccBOMLqc.s 			page 25


D:\Programme\Cygwin\tmp\ccBOMLqc.s:617    .text.HAL_GetUIDw2:00000008 $d
D:\Programme\Cygwin\tmp\ccBOMLqc.s:622    .text.HAL_DBGMCU_EnableDBGSleepMode:00000000 $t
D:\Programme\Cygwin\tmp\ccBOMLqc.s:627    .text.HAL_DBGMCU_EnableDBGSleepMode:00000000 HAL_DBGMCU_EnableDBGSleepMode
D:\Programme\Cygwin\tmp\ccBOMLqc.s:643    .text.HAL_DBGMCU_EnableDBGSleepMode:0000000c $d
D:\Programme\Cygwin\tmp\ccBOMLqc.s:648    .text.HAL_DBGMCU_DisableDBGSleepMode:00000000 $t
D:\Programme\Cygwin\tmp\ccBOMLqc.s:653    .text.HAL_DBGMCU_DisableDBGSleepMode:00000000 HAL_DBGMCU_DisableDBGSleepMode
D:\Programme\Cygwin\tmp\ccBOMLqc.s:669    .text.HAL_DBGMCU_DisableDBGSleepMode:0000000c $d
D:\Programme\Cygwin\tmp\ccBOMLqc.s:674    .text.HAL_DBGMCU_EnableDBGStopMode:00000000 $t
D:\Programme\Cygwin\tmp\ccBOMLqc.s:679    .text.HAL_DBGMCU_EnableDBGStopMode:00000000 HAL_DBGMCU_EnableDBGStopMode
D:\Programme\Cygwin\tmp\ccBOMLqc.s:695    .text.HAL_DBGMCU_EnableDBGStopMode:0000000c $d
D:\Programme\Cygwin\tmp\ccBOMLqc.s:700    .text.HAL_DBGMCU_DisableDBGStopMode:00000000 $t
D:\Programme\Cygwin\tmp\ccBOMLqc.s:705    .text.HAL_DBGMCU_DisableDBGStopMode:00000000 HAL_DBGMCU_DisableDBGStopMode
D:\Programme\Cygwin\tmp\ccBOMLqc.s:721    .text.HAL_DBGMCU_DisableDBGStopMode:0000000c $d
D:\Programme\Cygwin\tmp\ccBOMLqc.s:726    .text.HAL_DBGMCU_EnableDBGStandbyMode:00000000 $t
D:\Programme\Cygwin\tmp\ccBOMLqc.s:731    .text.HAL_DBGMCU_EnableDBGStandbyMode:00000000 HAL_DBGMCU_EnableDBGStandbyMode
D:\Programme\Cygwin\tmp\ccBOMLqc.s:747    .text.HAL_DBGMCU_EnableDBGStandbyMode:0000000c $d
D:\Programme\Cygwin\tmp\ccBOMLqc.s:752    .text.HAL_DBGMCU_DisableDBGStandbyMode:00000000 $t
D:\Programme\Cygwin\tmp\ccBOMLqc.s:757    .text.HAL_DBGMCU_DisableDBGStandbyMode:00000000 HAL_DBGMCU_DisableDBGStandbyMode
D:\Programme\Cygwin\tmp\ccBOMLqc.s:773    .text.HAL_DBGMCU_DisableDBGStandbyMode:0000000c $d
D:\Programme\Cygwin\tmp\ccBOMLqc.s:791    .data.uwTickFreq:00000000 uwTickFreq
D:\Programme\Cygwin\tmp\ccBOMLqc.s:785    .data.uwTickPrio:00000000 uwTickPrio
D:\Programme\Cygwin\tmp\ccBOMLqc.s:781    .data.uwTickPrio:00000000 $d
                     .debug_frame:00000010 $d

UNDEFINED SYMBOLS
HAL_SYSTICK_Config
HAL_NVIC_SetPriority
SystemCoreClock
HAL_NVIC_SetPriorityGrouping
