ARM GAS  D:\Programme\Cygwin\tmp\ccMQRVlW.s 			page 1


   1              		.syntax unified
   2              		.cpu cortex-m4
   3              		.eabi_attribute 27, 1
   4              		.eabi_attribute 28, 1
   5              		.fpu fpv4-sp-d16
   6              		.eabi_attribute 20, 1
   7              		.eabi_attribute 21, 1
   8              		.eabi_attribute 23, 3
   9              		.eabi_attribute 24, 1
  10              		.eabi_attribute 25, 1
  11              		.eabi_attribute 26, 1
  12              		.eabi_attribute 30, 1
  13              		.eabi_attribute 34, 1
  14              		.eabi_attribute 18, 4
  15              		.thumb
  16              		.syntax unified
  17              		.file	"stm32f3xx_hal_msp.c"
  18              		.text
  19              	.Ltext0:
  20              		.cfi_sections	.debug_frame
  21              		.section	.text.HAL_MspInit,"ax",%progbits
  22              		.align	2
  23              		.global	HAL_MspInit
  24              		.thumb
  25              		.thumb_func
  27              	HAL_MspInit:
  28              	.LFB123:
  29              		.file 1 "Src/stm32f3xx_hal_msp.c"
   1:Src/stm32f3xx_hal_msp.c **** /* USER CODE BEGIN Header */
   2:Src/stm32f3xx_hal_msp.c **** /**
   3:Src/stm32f3xx_hal_msp.c ****   ******************************************************************************
   4:Src/stm32f3xx_hal_msp.c ****   * File Name          : stm32f3xx_hal_msp.c
   5:Src/stm32f3xx_hal_msp.c ****   * Description        : This file provides code for the MSP Initialization 
   6:Src/stm32f3xx_hal_msp.c ****   *                      and de-Initialization codes.
   7:Src/stm32f3xx_hal_msp.c ****   ******************************************************************************
   8:Src/stm32f3xx_hal_msp.c ****   * @attention
   9:Src/stm32f3xx_hal_msp.c ****   *
  10:Src/stm32f3xx_hal_msp.c ****   * <h2><center>&copy; Copyright (c) 2020 STMicroelectronics.
  11:Src/stm32f3xx_hal_msp.c ****   * All rights reserved.</center></h2>
  12:Src/stm32f3xx_hal_msp.c ****   *
  13:Src/stm32f3xx_hal_msp.c ****   * This software component is licensed by ST under Ultimate Liberty license
  14:Src/stm32f3xx_hal_msp.c ****   * SLA0044, the "License"; You may not use this file except in compliance with
  15:Src/stm32f3xx_hal_msp.c ****   * the License. You may obtain a copy of the License at:
  16:Src/stm32f3xx_hal_msp.c ****   *                             www.st.com/SLA0044
  17:Src/stm32f3xx_hal_msp.c ****   *
  18:Src/stm32f3xx_hal_msp.c ****   ******************************************************************************
  19:Src/stm32f3xx_hal_msp.c ****   */
  20:Src/stm32f3xx_hal_msp.c **** /* USER CODE END Header */
  21:Src/stm32f3xx_hal_msp.c **** 
  22:Src/stm32f3xx_hal_msp.c **** /* Includes ------------------------------------------------------------------*/
  23:Src/stm32f3xx_hal_msp.c **** #include "main.h"
  24:Src/stm32f3xx_hal_msp.c **** /* USER CODE BEGIN Includes */
  25:Src/stm32f3xx_hal_msp.c **** 
  26:Src/stm32f3xx_hal_msp.c **** /* USER CODE END Includes */
  27:Src/stm32f3xx_hal_msp.c **** 
  28:Src/stm32f3xx_hal_msp.c **** /* Private typedef -----------------------------------------------------------*/
  29:Src/stm32f3xx_hal_msp.c **** /* USER CODE BEGIN TD */
ARM GAS  D:\Programme\Cygwin\tmp\ccMQRVlW.s 			page 2


  30:Src/stm32f3xx_hal_msp.c **** 
  31:Src/stm32f3xx_hal_msp.c **** /* USER CODE END TD */
  32:Src/stm32f3xx_hal_msp.c **** 
  33:Src/stm32f3xx_hal_msp.c **** /* Private define ------------------------------------------------------------*/
  34:Src/stm32f3xx_hal_msp.c **** /* USER CODE BEGIN Define */
  35:Src/stm32f3xx_hal_msp.c ****  
  36:Src/stm32f3xx_hal_msp.c **** /* USER CODE END Define */
  37:Src/stm32f3xx_hal_msp.c **** 
  38:Src/stm32f3xx_hal_msp.c **** /* Private macro -------------------------------------------------------------*/
  39:Src/stm32f3xx_hal_msp.c **** /* USER CODE BEGIN Macro */
  40:Src/stm32f3xx_hal_msp.c **** 
  41:Src/stm32f3xx_hal_msp.c **** /* USER CODE END Macro */
  42:Src/stm32f3xx_hal_msp.c **** 
  43:Src/stm32f3xx_hal_msp.c **** /* Private variables ---------------------------------------------------------*/
  44:Src/stm32f3xx_hal_msp.c **** /* USER CODE BEGIN PV */
  45:Src/stm32f3xx_hal_msp.c **** 
  46:Src/stm32f3xx_hal_msp.c **** /* USER CODE END PV */
  47:Src/stm32f3xx_hal_msp.c **** 
  48:Src/stm32f3xx_hal_msp.c **** /* Private function prototypes -----------------------------------------------*/
  49:Src/stm32f3xx_hal_msp.c **** /* USER CODE BEGIN PFP */
  50:Src/stm32f3xx_hal_msp.c **** 
  51:Src/stm32f3xx_hal_msp.c **** /* USER CODE END PFP */
  52:Src/stm32f3xx_hal_msp.c **** 
  53:Src/stm32f3xx_hal_msp.c **** /* External functions --------------------------------------------------------*/
  54:Src/stm32f3xx_hal_msp.c **** /* USER CODE BEGIN ExternalFunctions */
  55:Src/stm32f3xx_hal_msp.c **** 
  56:Src/stm32f3xx_hal_msp.c **** /* USER CODE END ExternalFunctions */
  57:Src/stm32f3xx_hal_msp.c **** 
  58:Src/stm32f3xx_hal_msp.c **** /* USER CODE BEGIN 0 */
  59:Src/stm32f3xx_hal_msp.c **** 
  60:Src/stm32f3xx_hal_msp.c **** /* USER CODE END 0 */
  61:Src/stm32f3xx_hal_msp.c **** /**
  62:Src/stm32f3xx_hal_msp.c ****   * Initializes the Global MSP.
  63:Src/stm32f3xx_hal_msp.c ****   */
  64:Src/stm32f3xx_hal_msp.c **** void HAL_MspInit(void)
  65:Src/stm32f3xx_hal_msp.c **** {
  30              		.loc 1 65 0
  31              		.cfi_startproc
  32              		@ args = 0, pretend = 0, frame = 8
  33              		@ frame_needed = 0, uses_anonymous_args = 0
  34 0000 00B5     		push	{lr}
  35              	.LCFI0:
  36              		.cfi_def_cfa_offset 4
  37              		.cfi_offset 14, -4
  38 0002 83B0     		sub	sp, sp, #12
  39              	.LCFI1:
  40              		.cfi_def_cfa_offset 16
  41              	.LBB2:
  66:Src/stm32f3xx_hal_msp.c ****   /* USER CODE BEGIN MspInit 0 */
  67:Src/stm32f3xx_hal_msp.c **** 
  68:Src/stm32f3xx_hal_msp.c ****   /* USER CODE END MspInit 0 */
  69:Src/stm32f3xx_hal_msp.c **** 
  70:Src/stm32f3xx_hal_msp.c ****   __HAL_RCC_SYSCFG_CLK_ENABLE();
  42              		.loc 1 70 0
  43 0004 0D4B     		ldr	r3, .L3
  44 0006 9A69     		ldr	r2, [r3, #24]
  45 0008 42F00102 		orr	r2, r2, #1
ARM GAS  D:\Programme\Cygwin\tmp\ccMQRVlW.s 			page 3


  46 000c 9A61     		str	r2, [r3, #24]
  47 000e 9A69     		ldr	r2, [r3, #24]
  48 0010 02F00102 		and	r2, r2, #1
  49 0014 0092     		str	r2, [sp]
  50 0016 009A     		ldr	r2, [sp]
  51              	.LBE2:
  52              	.LBB3:
  71:Src/stm32f3xx_hal_msp.c ****   __HAL_RCC_PWR_CLK_ENABLE();
  53              		.loc 1 71 0
  54 0018 DA69     		ldr	r2, [r3, #28]
  55 001a 42F08052 		orr	r2, r2, #268435456
  56 001e DA61     		str	r2, [r3, #28]
  57 0020 DB69     		ldr	r3, [r3, #28]
  58 0022 03F08053 		and	r3, r3, #268435456
  59 0026 0193     		str	r3, [sp, #4]
  60 0028 019B     		ldr	r3, [sp, #4]
  61              	.LBE3:
  72:Src/stm32f3xx_hal_msp.c **** 
  73:Src/stm32f3xx_hal_msp.c ****   /* System interrupt init*/
  74:Src/stm32f3xx_hal_msp.c ****   /* PendSV_IRQn interrupt configuration */
  75:Src/stm32f3xx_hal_msp.c ****   HAL_NVIC_SetPriority(PendSV_IRQn, 15, 0);
  62              		.loc 1 75 0
  63 002a 0022     		movs	r2, #0
  64 002c 0F21     		movs	r1, #15
  65 002e 6FF00100 		mvn	r0, #1
  66 0032 FFF7FEFF 		bl	HAL_NVIC_SetPriority
  67              	.LVL0:
  76:Src/stm32f3xx_hal_msp.c **** 
  77:Src/stm32f3xx_hal_msp.c ****   /* USER CODE BEGIN MspInit 1 */
  78:Src/stm32f3xx_hal_msp.c **** 
  79:Src/stm32f3xx_hal_msp.c ****   /* USER CODE END MspInit 1 */
  80:Src/stm32f3xx_hal_msp.c **** }
  68              		.loc 1 80 0
  69 0036 03B0     		add	sp, sp, #12
  70              	.LCFI2:
  71              		.cfi_def_cfa_offset 4
  72              		@ sp needed
  73 0038 5DF804FB 		ldr	pc, [sp], #4
  74              	.L4:
  75              		.align	2
  76              	.L3:
  77 003c 00100240 		.word	1073876992
  78              		.cfi_endproc
  79              	.LFE123:
  81              		.section	.text.HAL_UART_MspInit,"ax",%progbits
  82              		.align	2
  83              		.global	HAL_UART_MspInit
  84              		.thumb
  85              		.thumb_func
  87              	HAL_UART_MspInit:
  88              	.LFB124:
  81:Src/stm32f3xx_hal_msp.c **** 
  82:Src/stm32f3xx_hal_msp.c **** /**
  83:Src/stm32f3xx_hal_msp.c **** * @brief UART MSP Initialization
  84:Src/stm32f3xx_hal_msp.c **** * This function configures the hardware resources used in this example
  85:Src/stm32f3xx_hal_msp.c **** * @param huart: UART handle pointer
  86:Src/stm32f3xx_hal_msp.c **** * @retval None
ARM GAS  D:\Programme\Cygwin\tmp\ccMQRVlW.s 			page 4


  87:Src/stm32f3xx_hal_msp.c **** */
  88:Src/stm32f3xx_hal_msp.c **** void HAL_UART_MspInit(UART_HandleTypeDef* huart)
  89:Src/stm32f3xx_hal_msp.c **** {
  89              		.loc 1 89 0
  90              		.cfi_startproc
  91              		@ args = 0, pretend = 0, frame = 32
  92              		@ frame_needed = 0, uses_anonymous_args = 0
  93              	.LVL1:
  94 0000 00B5     		push	{lr}
  95              	.LCFI3:
  96              		.cfi_def_cfa_offset 4
  97              		.cfi_offset 14, -4
  98 0002 89B0     		sub	sp, sp, #36
  99              	.LCFI4:
 100              		.cfi_def_cfa_offset 40
  90:Src/stm32f3xx_hal_msp.c ****   GPIO_InitTypeDef GPIO_InitStruct = {0};
 101              		.loc 1 90 0
 102 0004 0023     		movs	r3, #0
 103 0006 0393     		str	r3, [sp, #12]
 104 0008 0493     		str	r3, [sp, #16]
 105 000a 0593     		str	r3, [sp, #20]
 106 000c 0693     		str	r3, [sp, #24]
 107 000e 0793     		str	r3, [sp, #28]
  91:Src/stm32f3xx_hal_msp.c ****   if(huart->Instance==USART2)
 108              		.loc 1 91 0
 109 0010 0268     		ldr	r2, [r0]
 110 0012 124B     		ldr	r3, .L8
 111 0014 9A42     		cmp	r2, r3
 112 0016 1ED1     		bne	.L5
 113              	.LBB4:
  92:Src/stm32f3xx_hal_msp.c ****   {
  93:Src/stm32f3xx_hal_msp.c ****   /* USER CODE BEGIN USART2_MspInit 0 */
  94:Src/stm32f3xx_hal_msp.c **** 
  95:Src/stm32f3xx_hal_msp.c ****   /* USER CODE END USART2_MspInit 0 */
  96:Src/stm32f3xx_hal_msp.c ****     /* Peripheral clock enable */
  97:Src/stm32f3xx_hal_msp.c ****     __HAL_RCC_USART2_CLK_ENABLE();
 114              		.loc 1 97 0
 115 0018 03F5E633 		add	r3, r3, #117760
 116 001c DA69     		ldr	r2, [r3, #28]
 117 001e 42F40032 		orr	r2, r2, #131072
 118 0022 DA61     		str	r2, [r3, #28]
 119 0024 DA69     		ldr	r2, [r3, #28]
 120 0026 02F40032 		and	r2, r2, #131072
 121 002a 0192     		str	r2, [sp, #4]
 122 002c 019A     		ldr	r2, [sp, #4]
 123              	.LBE4:
 124              	.LBB5:
  98:Src/stm32f3xx_hal_msp.c ****   
  99:Src/stm32f3xx_hal_msp.c ****     __HAL_RCC_GPIOA_CLK_ENABLE();
 125              		.loc 1 99 0
 126 002e 5A69     		ldr	r2, [r3, #20]
 127 0030 42F40032 		orr	r2, r2, #131072
 128 0034 5A61     		str	r2, [r3, #20]
 129 0036 5B69     		ldr	r3, [r3, #20]
 130 0038 03F40033 		and	r3, r3, #131072
 131 003c 0293     		str	r3, [sp, #8]
 132 003e 029B     		ldr	r3, [sp, #8]
ARM GAS  D:\Programme\Cygwin\tmp\ccMQRVlW.s 			page 5


 133              	.LBE5:
 100:Src/stm32f3xx_hal_msp.c ****     /**USART2 GPIO Configuration    
 101:Src/stm32f3xx_hal_msp.c ****     PA2     ------> USART2_TX
 102:Src/stm32f3xx_hal_msp.c ****     PA3     ------> USART2_RX 
 103:Src/stm32f3xx_hal_msp.c ****     */
 104:Src/stm32f3xx_hal_msp.c ****     GPIO_InitStruct.Pin = USART_TX_Pin|USART_RX_Pin;
 134              		.loc 1 104 0
 135 0040 0C23     		movs	r3, #12
 136 0042 0393     		str	r3, [sp, #12]
 105:Src/stm32f3xx_hal_msp.c ****     GPIO_InitStruct.Mode = GPIO_MODE_AF_PP;
 137              		.loc 1 105 0
 138 0044 0223     		movs	r3, #2
 139 0046 0493     		str	r3, [sp, #16]
 106:Src/stm32f3xx_hal_msp.c ****     GPIO_InitStruct.Pull = GPIO_NOPULL;
 107:Src/stm32f3xx_hal_msp.c ****     GPIO_InitStruct.Speed = GPIO_SPEED_FREQ_LOW;
 108:Src/stm32f3xx_hal_msp.c ****     GPIO_InitStruct.Alternate = GPIO_AF7_USART2;
 140              		.loc 1 108 0
 141 0048 0723     		movs	r3, #7
 142 004a 0793     		str	r3, [sp, #28]
 109:Src/stm32f3xx_hal_msp.c ****     HAL_GPIO_Init(GPIOA, &GPIO_InitStruct);
 143              		.loc 1 109 0
 144 004c 03A9     		add	r1, sp, #12
 145 004e 4FF09040 		mov	r0, #1207959552
 146              	.LVL2:
 147 0052 FFF7FEFF 		bl	HAL_GPIO_Init
 148              	.LVL3:
 149              	.L5:
 110:Src/stm32f3xx_hal_msp.c **** 
 111:Src/stm32f3xx_hal_msp.c ****   /* USER CODE BEGIN USART2_MspInit 1 */
 112:Src/stm32f3xx_hal_msp.c **** 
 113:Src/stm32f3xx_hal_msp.c ****   /* USER CODE END USART2_MspInit 1 */
 114:Src/stm32f3xx_hal_msp.c ****   }
 115:Src/stm32f3xx_hal_msp.c **** 
 116:Src/stm32f3xx_hal_msp.c **** }
 150              		.loc 1 116 0
 151 0056 09B0     		add	sp, sp, #36
 152              	.LCFI5:
 153              		.cfi_def_cfa_offset 4
 154              		@ sp needed
 155 0058 5DF804FB 		ldr	pc, [sp], #4
 156              	.L9:
 157              		.align	2
 158              	.L8:
 159 005c 00440040 		.word	1073759232
 160              		.cfi_endproc
 161              	.LFE124:
 163              		.section	.text.HAL_UART_MspDeInit,"ax",%progbits
 164              		.align	2
 165              		.global	HAL_UART_MspDeInit
 166              		.thumb
 167              		.thumb_func
 169              	HAL_UART_MspDeInit:
 170              	.LFB125:
 117:Src/stm32f3xx_hal_msp.c **** 
 118:Src/stm32f3xx_hal_msp.c **** /**
 119:Src/stm32f3xx_hal_msp.c **** * @brief UART MSP De-Initialization
 120:Src/stm32f3xx_hal_msp.c **** * This function freeze the hardware resources used in this example
ARM GAS  D:\Programme\Cygwin\tmp\ccMQRVlW.s 			page 6


 121:Src/stm32f3xx_hal_msp.c **** * @param huart: UART handle pointer
 122:Src/stm32f3xx_hal_msp.c **** * @retval None
 123:Src/stm32f3xx_hal_msp.c **** */
 124:Src/stm32f3xx_hal_msp.c **** void HAL_UART_MspDeInit(UART_HandleTypeDef* huart)
 125:Src/stm32f3xx_hal_msp.c **** {
 171              		.loc 1 125 0
 172              		.cfi_startproc
 173              		@ args = 0, pretend = 0, frame = 0
 174              		@ frame_needed = 0, uses_anonymous_args = 0
 175              	.LVL4:
 176 0000 08B5     		push	{r3, lr}
 177              	.LCFI6:
 178              		.cfi_def_cfa_offset 8
 179              		.cfi_offset 3, -8
 180              		.cfi_offset 14, -4
 126:Src/stm32f3xx_hal_msp.c ****   if(huart->Instance==USART2)
 181              		.loc 1 126 0
 182 0002 0268     		ldr	r2, [r0]
 183 0004 064B     		ldr	r3, .L13
 184 0006 9A42     		cmp	r2, r3
 185 0008 09D1     		bne	.L10
 127:Src/stm32f3xx_hal_msp.c ****   {
 128:Src/stm32f3xx_hal_msp.c ****   /* USER CODE BEGIN USART2_MspDeInit 0 */
 129:Src/stm32f3xx_hal_msp.c **** 
 130:Src/stm32f3xx_hal_msp.c ****   /* USER CODE END USART2_MspDeInit 0 */
 131:Src/stm32f3xx_hal_msp.c ****     /* Peripheral clock disable */
 132:Src/stm32f3xx_hal_msp.c ****     __HAL_RCC_USART2_CLK_DISABLE();
 186              		.loc 1 132 0
 187 000a 064A     		ldr	r2, .L13+4
 188 000c D369     		ldr	r3, [r2, #28]
 189 000e 23F40033 		bic	r3, r3, #131072
 190 0012 D361     		str	r3, [r2, #28]
 133:Src/stm32f3xx_hal_msp.c ****   
 134:Src/stm32f3xx_hal_msp.c ****     /**USART2 GPIO Configuration    
 135:Src/stm32f3xx_hal_msp.c ****     PA2     ------> USART2_TX
 136:Src/stm32f3xx_hal_msp.c ****     PA3     ------> USART2_RX 
 137:Src/stm32f3xx_hal_msp.c ****     */
 138:Src/stm32f3xx_hal_msp.c ****     HAL_GPIO_DeInit(GPIOA, USART_TX_Pin|USART_RX_Pin);
 191              		.loc 1 138 0
 192 0014 0C21     		movs	r1, #12
 193 0016 4FF09040 		mov	r0, #1207959552
 194              	.LVL5:
 195 001a FFF7FEFF 		bl	HAL_GPIO_DeInit
 196              	.LVL6:
 197              	.L10:
 198 001e 08BD     		pop	{r3, pc}
 199              	.L14:
 200              		.align	2
 201              	.L13:
 202 0020 00440040 		.word	1073759232
 203 0024 00100240 		.word	1073876992
 204              		.cfi_endproc
 205              	.LFE125:
 207              		.text
 208              	.Letext0:
 209              		.file 2 "d:\\tool_chain\\gcc-arm-none-eabi\\5.4 2016q3\\arm-none-eabi\\include\\machine\\_default_
 210              		.file 3 "d:\\tool_chain\\gcc-arm-none-eabi\\5.4 2016q3\\arm-none-eabi\\include\\sys\\_stdint.h"
ARM GAS  D:\Programme\Cygwin\tmp\ccMQRVlW.s 			page 7


 211              		.file 4 "Drivers/CMSIS/Device/ST/STM32F3xx/Include/stm32f302x8.h"
 212              		.file 5 "Drivers/STM32F3xx_HAL_Driver/Inc/stm32f3xx_hal_def.h"
 213              		.file 6 "Drivers/STM32F3xx_HAL_Driver/Inc/stm32f3xx_hal_gpio.h"
 214              		.file 7 "Drivers/STM32F3xx_HAL_Driver/Inc/stm32f3xx_hal_dma.h"
 215              		.file 8 "Drivers/STM32F3xx_HAL_Driver/Inc/stm32f3xx_hal_uart.h"
 216              		.file 9 "Drivers/STM32F3xx_HAL_Driver/Inc/stm32f3xx_hal_cortex.h"
 217              		.file 10 "Drivers/CMSIS/Include/core_cm4.h"
ARM GAS  D:\Programme\Cygwin\tmp\ccMQRVlW.s 			page 8


DEFINED SYMBOLS
                            *ABS*:00000000 stm32f3xx_hal_msp.c
D:\Programme\Cygwin\tmp\ccMQRVlW.s:22     .text.HAL_MspInit:00000000 $t
D:\Programme\Cygwin\tmp\ccMQRVlW.s:27     .text.HAL_MspInit:00000000 HAL_MspInit
D:\Programme\Cygwin\tmp\ccMQRVlW.s:77     .text.HAL_MspInit:0000003c $d
D:\Programme\Cygwin\tmp\ccMQRVlW.s:82     .text.HAL_UART_MspInit:00000000 $t
D:\Programme\Cygwin\tmp\ccMQRVlW.s:87     .text.HAL_UART_MspInit:00000000 HAL_UART_MspInit
D:\Programme\Cygwin\tmp\ccMQRVlW.s:159    .text.HAL_UART_MspInit:0000005c $d
D:\Programme\Cygwin\tmp\ccMQRVlW.s:164    .text.HAL_UART_MspDeInit:00000000 $t
D:\Programme\Cygwin\tmp\ccMQRVlW.s:169    .text.HAL_UART_MspDeInit:00000000 HAL_UART_MspDeInit
D:\Programme\Cygwin\tmp\ccMQRVlW.s:202    .text.HAL_UART_MspDeInit:00000020 $d
                     .debug_frame:00000010 $d

UNDEFINED SYMBOLS
HAL_NVIC_SetPriority
HAL_GPIO_Init
HAL_GPIO_DeInit
