ARM GAS  D:\Programme\Cygwin\tmp\ccZZ2pAW.s 			page 1


   1              		.syntax unified
   2              		.cpu cortex-m4
   3              		.eabi_attribute 27, 1
   4              		.eabi_attribute 28, 1
   5              		.fpu fpv4-sp-d16
   6              		.eabi_attribute 20, 1
   7              		.eabi_attribute 21, 1
   8              		.eabi_attribute 23, 3
   9              		.eabi_attribute 24, 1
  10              		.eabi_attribute 25, 1
  11              		.eabi_attribute 26, 1
  12              		.eabi_attribute 30, 1
  13              		.eabi_attribute 34, 1
  14              		.eabi_attribute 18, 4
  15              		.thumb
  16              		.syntax unified
  17              		.file	"stm32f3xx_hal_i2c_ex.c"
  18              		.text
  19              	.Ltext0:
  20              		.cfi_sections	.debug_frame
  21              		.section	.text.HAL_I2CEx_ConfigAnalogFilter,"ax",%progbits
  22              		.align	2
  23              		.global	HAL_I2CEx_ConfigAnalogFilter
  24              		.thumb
  25              		.thumb_func
  27              	HAL_I2CEx_ConfigAnalogFilter:
  28              	.LFB123:
  29              		.file 1 "Drivers/STM32F3xx_HAL_Driver/Src/stm32f3xx_hal_i2c_ex.c"
   1:Drivers/STM32F3xx_HAL_Driver/Src/stm32f3xx_hal_i2c_ex.c **** /**
   2:Drivers/STM32F3xx_HAL_Driver/Src/stm32f3xx_hal_i2c_ex.c ****   ******************************************************************************
   3:Drivers/STM32F3xx_HAL_Driver/Src/stm32f3xx_hal_i2c_ex.c ****   * @file    stm32f3xx_hal_i2c_ex.c
   4:Drivers/STM32F3xx_HAL_Driver/Src/stm32f3xx_hal_i2c_ex.c ****   * @author  MCD Application Team
   5:Drivers/STM32F3xx_HAL_Driver/Src/stm32f3xx_hal_i2c_ex.c ****   * @brief   I2C Extended HAL module driver.
   6:Drivers/STM32F3xx_HAL_Driver/Src/stm32f3xx_hal_i2c_ex.c ****   *          This file provides firmware functions to manage the following
   7:Drivers/STM32F3xx_HAL_Driver/Src/stm32f3xx_hal_i2c_ex.c ****   *          functionalities of I2C Extended peripheral:
   8:Drivers/STM32F3xx_HAL_Driver/Src/stm32f3xx_hal_i2c_ex.c ****   *           + Extended features functions
   9:Drivers/STM32F3xx_HAL_Driver/Src/stm32f3xx_hal_i2c_ex.c ****   *
  10:Drivers/STM32F3xx_HAL_Driver/Src/stm32f3xx_hal_i2c_ex.c ****   @verbatim
  11:Drivers/STM32F3xx_HAL_Driver/Src/stm32f3xx_hal_i2c_ex.c ****   ==============================================================================
  12:Drivers/STM32F3xx_HAL_Driver/Src/stm32f3xx_hal_i2c_ex.c ****                ##### I2C peripheral Extended features  #####
  13:Drivers/STM32F3xx_HAL_Driver/Src/stm32f3xx_hal_i2c_ex.c ****   ==============================================================================
  14:Drivers/STM32F3xx_HAL_Driver/Src/stm32f3xx_hal_i2c_ex.c **** 
  15:Drivers/STM32F3xx_HAL_Driver/Src/stm32f3xx_hal_i2c_ex.c ****   [..] Comparing to other previous devices, the I2C interface for STM32F3xx
  16:Drivers/STM32F3xx_HAL_Driver/Src/stm32f3xx_hal_i2c_ex.c ****        devices contains the following additional features
  17:Drivers/STM32F3xx_HAL_Driver/Src/stm32f3xx_hal_i2c_ex.c **** 
  18:Drivers/STM32F3xx_HAL_Driver/Src/stm32f3xx_hal_i2c_ex.c ****        (+) Possibility to disable or enable Analog Noise Filter
  19:Drivers/STM32F3xx_HAL_Driver/Src/stm32f3xx_hal_i2c_ex.c ****        (+) Use of a configured Digital Noise Filter
  20:Drivers/STM32F3xx_HAL_Driver/Src/stm32f3xx_hal_i2c_ex.c ****        (+) Disable or enable wakeup from Stop mode(s)
  21:Drivers/STM32F3xx_HAL_Driver/Src/stm32f3xx_hal_i2c_ex.c ****        (+) Disable or enable Fast Mode Plus
  22:Drivers/STM32F3xx_HAL_Driver/Src/stm32f3xx_hal_i2c_ex.c **** 
  23:Drivers/STM32F3xx_HAL_Driver/Src/stm32f3xx_hal_i2c_ex.c ****                      ##### How to use this driver #####
  24:Drivers/STM32F3xx_HAL_Driver/Src/stm32f3xx_hal_i2c_ex.c ****   ==============================================================================
  25:Drivers/STM32F3xx_HAL_Driver/Src/stm32f3xx_hal_i2c_ex.c ****   [..] This driver provides functions to configure Noise Filter and Wake Up Feature
  26:Drivers/STM32F3xx_HAL_Driver/Src/stm32f3xx_hal_i2c_ex.c ****     (#) Configure I2C Analog noise filter using the function HAL_I2CEx_ConfigAnalogFilter()
  27:Drivers/STM32F3xx_HAL_Driver/Src/stm32f3xx_hal_i2c_ex.c ****     (#) Configure I2C Digital noise filter using the function HAL_I2CEx_ConfigDigitalFilter()
  28:Drivers/STM32F3xx_HAL_Driver/Src/stm32f3xx_hal_i2c_ex.c ****     (#) Configure the enable or disable of I2C Wake Up Mode using the functions :
  29:Drivers/STM32F3xx_HAL_Driver/Src/stm32f3xx_hal_i2c_ex.c ****           (++) HAL_I2CEx_EnableWakeUp()
ARM GAS  D:\Programme\Cygwin\tmp\ccZZ2pAW.s 			page 2


  30:Drivers/STM32F3xx_HAL_Driver/Src/stm32f3xx_hal_i2c_ex.c ****           (++) HAL_I2CEx_DisableWakeUp()
  31:Drivers/STM32F3xx_HAL_Driver/Src/stm32f3xx_hal_i2c_ex.c ****     (#) Configure the enable or disable of fast mode plus driving capability using the functions :
  32:Drivers/STM32F3xx_HAL_Driver/Src/stm32f3xx_hal_i2c_ex.c ****           (++) HAL_I2CEx_EnableFastModePlus()
  33:Drivers/STM32F3xx_HAL_Driver/Src/stm32f3xx_hal_i2c_ex.c ****           (++) HAL_I2CEx_DisableFastModePlus()
  34:Drivers/STM32F3xx_HAL_Driver/Src/stm32f3xx_hal_i2c_ex.c ****   @endverbatim
  35:Drivers/STM32F3xx_HAL_Driver/Src/stm32f3xx_hal_i2c_ex.c ****   ******************************************************************************
  36:Drivers/STM32F3xx_HAL_Driver/Src/stm32f3xx_hal_i2c_ex.c ****   * @attention
  37:Drivers/STM32F3xx_HAL_Driver/Src/stm32f3xx_hal_i2c_ex.c ****   *
  38:Drivers/STM32F3xx_HAL_Driver/Src/stm32f3xx_hal_i2c_ex.c ****   * <h2><center>&copy; Copyright (c) 2016 STMicroelectronics.
  39:Drivers/STM32F3xx_HAL_Driver/Src/stm32f3xx_hal_i2c_ex.c ****   * All rights reserved.</center></h2>
  40:Drivers/STM32F3xx_HAL_Driver/Src/stm32f3xx_hal_i2c_ex.c ****   *
  41:Drivers/STM32F3xx_HAL_Driver/Src/stm32f3xx_hal_i2c_ex.c ****   * This software component is licensed by ST under BSD 3-Clause license,
  42:Drivers/STM32F3xx_HAL_Driver/Src/stm32f3xx_hal_i2c_ex.c ****   * the "License"; You may not use this file except in compliance with the
  43:Drivers/STM32F3xx_HAL_Driver/Src/stm32f3xx_hal_i2c_ex.c ****   * License. You may obtain a copy of the License at:
  44:Drivers/STM32F3xx_HAL_Driver/Src/stm32f3xx_hal_i2c_ex.c ****   *                        opensource.org/licenses/BSD-3-Clause
  45:Drivers/STM32F3xx_HAL_Driver/Src/stm32f3xx_hal_i2c_ex.c ****   *
  46:Drivers/STM32F3xx_HAL_Driver/Src/stm32f3xx_hal_i2c_ex.c ****   ******************************************************************************
  47:Drivers/STM32F3xx_HAL_Driver/Src/stm32f3xx_hal_i2c_ex.c ****   */
  48:Drivers/STM32F3xx_HAL_Driver/Src/stm32f3xx_hal_i2c_ex.c **** 
  49:Drivers/STM32F3xx_HAL_Driver/Src/stm32f3xx_hal_i2c_ex.c **** /* Includes ------------------------------------------------------------------*/
  50:Drivers/STM32F3xx_HAL_Driver/Src/stm32f3xx_hal_i2c_ex.c **** #include "stm32f3xx_hal.h"
  51:Drivers/STM32F3xx_HAL_Driver/Src/stm32f3xx_hal_i2c_ex.c **** 
  52:Drivers/STM32F3xx_HAL_Driver/Src/stm32f3xx_hal_i2c_ex.c **** /** @addtogroup STM32F3xx_HAL_Driver
  53:Drivers/STM32F3xx_HAL_Driver/Src/stm32f3xx_hal_i2c_ex.c ****   * @{
  54:Drivers/STM32F3xx_HAL_Driver/Src/stm32f3xx_hal_i2c_ex.c ****   */
  55:Drivers/STM32F3xx_HAL_Driver/Src/stm32f3xx_hal_i2c_ex.c **** 
  56:Drivers/STM32F3xx_HAL_Driver/Src/stm32f3xx_hal_i2c_ex.c **** /** @defgroup I2CEx I2CEx
  57:Drivers/STM32F3xx_HAL_Driver/Src/stm32f3xx_hal_i2c_ex.c ****   * @brief I2C Extended HAL module driver
  58:Drivers/STM32F3xx_HAL_Driver/Src/stm32f3xx_hal_i2c_ex.c ****   * @{
  59:Drivers/STM32F3xx_HAL_Driver/Src/stm32f3xx_hal_i2c_ex.c ****   */
  60:Drivers/STM32F3xx_HAL_Driver/Src/stm32f3xx_hal_i2c_ex.c **** 
  61:Drivers/STM32F3xx_HAL_Driver/Src/stm32f3xx_hal_i2c_ex.c **** #ifdef HAL_I2C_MODULE_ENABLED
  62:Drivers/STM32F3xx_HAL_Driver/Src/stm32f3xx_hal_i2c_ex.c **** 
  63:Drivers/STM32F3xx_HAL_Driver/Src/stm32f3xx_hal_i2c_ex.c **** /* Private typedef -----------------------------------------------------------*/
  64:Drivers/STM32F3xx_HAL_Driver/Src/stm32f3xx_hal_i2c_ex.c **** /* Private define ------------------------------------------------------------*/
  65:Drivers/STM32F3xx_HAL_Driver/Src/stm32f3xx_hal_i2c_ex.c **** /* Private macro -------------------------------------------------------------*/
  66:Drivers/STM32F3xx_HAL_Driver/Src/stm32f3xx_hal_i2c_ex.c **** /* Private variables ---------------------------------------------------------*/
  67:Drivers/STM32F3xx_HAL_Driver/Src/stm32f3xx_hal_i2c_ex.c **** /* Private function prototypes -----------------------------------------------*/
  68:Drivers/STM32F3xx_HAL_Driver/Src/stm32f3xx_hal_i2c_ex.c **** /* Private functions ---------------------------------------------------------*/
  69:Drivers/STM32F3xx_HAL_Driver/Src/stm32f3xx_hal_i2c_ex.c **** 
  70:Drivers/STM32F3xx_HAL_Driver/Src/stm32f3xx_hal_i2c_ex.c **** /** @defgroup I2CEx_Exported_Functions I2C Extended Exported Functions
  71:Drivers/STM32F3xx_HAL_Driver/Src/stm32f3xx_hal_i2c_ex.c ****   * @{
  72:Drivers/STM32F3xx_HAL_Driver/Src/stm32f3xx_hal_i2c_ex.c ****   */
  73:Drivers/STM32F3xx_HAL_Driver/Src/stm32f3xx_hal_i2c_ex.c **** 
  74:Drivers/STM32F3xx_HAL_Driver/Src/stm32f3xx_hal_i2c_ex.c **** /** @defgroup I2CEx_Exported_Functions_Group1 Extended features functions
  75:Drivers/STM32F3xx_HAL_Driver/Src/stm32f3xx_hal_i2c_ex.c ****   * @brief    Extended features functions
  76:Drivers/STM32F3xx_HAL_Driver/Src/stm32f3xx_hal_i2c_ex.c ****  *
  77:Drivers/STM32F3xx_HAL_Driver/Src/stm32f3xx_hal_i2c_ex.c **** @verbatim
  78:Drivers/STM32F3xx_HAL_Driver/Src/stm32f3xx_hal_i2c_ex.c ****  ===============================================================================
  79:Drivers/STM32F3xx_HAL_Driver/Src/stm32f3xx_hal_i2c_ex.c ****                       ##### Extended features functions #####
  80:Drivers/STM32F3xx_HAL_Driver/Src/stm32f3xx_hal_i2c_ex.c ****  ===============================================================================
  81:Drivers/STM32F3xx_HAL_Driver/Src/stm32f3xx_hal_i2c_ex.c ****     [..] This section provides functions allowing to:
  82:Drivers/STM32F3xx_HAL_Driver/Src/stm32f3xx_hal_i2c_ex.c ****       (+) Configure Noise Filters
  83:Drivers/STM32F3xx_HAL_Driver/Src/stm32f3xx_hal_i2c_ex.c ****       (+) Configure Wake Up Feature
  84:Drivers/STM32F3xx_HAL_Driver/Src/stm32f3xx_hal_i2c_ex.c ****       (+) Configure Fast Mode Plus
  85:Drivers/STM32F3xx_HAL_Driver/Src/stm32f3xx_hal_i2c_ex.c **** 
  86:Drivers/STM32F3xx_HAL_Driver/Src/stm32f3xx_hal_i2c_ex.c **** @endverbatim
ARM GAS  D:\Programme\Cygwin\tmp\ccZZ2pAW.s 			page 3


  87:Drivers/STM32F3xx_HAL_Driver/Src/stm32f3xx_hal_i2c_ex.c ****   * @{
  88:Drivers/STM32F3xx_HAL_Driver/Src/stm32f3xx_hal_i2c_ex.c ****   */
  89:Drivers/STM32F3xx_HAL_Driver/Src/stm32f3xx_hal_i2c_ex.c **** 
  90:Drivers/STM32F3xx_HAL_Driver/Src/stm32f3xx_hal_i2c_ex.c **** /**
  91:Drivers/STM32F3xx_HAL_Driver/Src/stm32f3xx_hal_i2c_ex.c ****   * @brief  Configure I2C Analog noise filter.
  92:Drivers/STM32F3xx_HAL_Driver/Src/stm32f3xx_hal_i2c_ex.c ****   * @param  hi2c Pointer to a I2C_HandleTypeDef structure that contains
  93:Drivers/STM32F3xx_HAL_Driver/Src/stm32f3xx_hal_i2c_ex.c ****   *                the configuration information for the specified I2Cx peripheral.
  94:Drivers/STM32F3xx_HAL_Driver/Src/stm32f3xx_hal_i2c_ex.c ****   * @param  AnalogFilter New state of the Analog filter.
  95:Drivers/STM32F3xx_HAL_Driver/Src/stm32f3xx_hal_i2c_ex.c ****   * @retval HAL status
  96:Drivers/STM32F3xx_HAL_Driver/Src/stm32f3xx_hal_i2c_ex.c ****   */
  97:Drivers/STM32F3xx_HAL_Driver/Src/stm32f3xx_hal_i2c_ex.c **** HAL_StatusTypeDef HAL_I2CEx_ConfigAnalogFilter(I2C_HandleTypeDef *hi2c, uint32_t AnalogFilter)
  98:Drivers/STM32F3xx_HAL_Driver/Src/stm32f3xx_hal_i2c_ex.c **** {
  30              		.loc 1 98 0
  31              		.cfi_startproc
  32              		@ args = 0, pretend = 0, frame = 0
  33              		@ frame_needed = 0, uses_anonymous_args = 0
  34              		@ link register save eliminated.
  35              	.LVL0:
  99:Drivers/STM32F3xx_HAL_Driver/Src/stm32f3xx_hal_i2c_ex.c ****   /* Check the parameters */
 100:Drivers/STM32F3xx_HAL_Driver/Src/stm32f3xx_hal_i2c_ex.c ****   assert_param(IS_I2C_ALL_INSTANCE(hi2c->Instance));
 101:Drivers/STM32F3xx_HAL_Driver/Src/stm32f3xx_hal_i2c_ex.c ****   assert_param(IS_I2C_ANALOG_FILTER(AnalogFilter));
 102:Drivers/STM32F3xx_HAL_Driver/Src/stm32f3xx_hal_i2c_ex.c **** 
 103:Drivers/STM32F3xx_HAL_Driver/Src/stm32f3xx_hal_i2c_ex.c ****   if (hi2c->State == HAL_I2C_STATE_READY)
  36              		.loc 1 103 0
  37 0000 90F84130 		ldrb	r3, [r0, #65]	@ zero_extendqisi2
  38 0004 DBB2     		uxtb	r3, r3
  39 0006 202B     		cmp	r3, #32
  40 0008 24D1     		bne	.L3
 104:Drivers/STM32F3xx_HAL_Driver/Src/stm32f3xx_hal_i2c_ex.c ****   {
 105:Drivers/STM32F3xx_HAL_Driver/Src/stm32f3xx_hal_i2c_ex.c ****     /* Process Locked */
 106:Drivers/STM32F3xx_HAL_Driver/Src/stm32f3xx_hal_i2c_ex.c ****     __HAL_LOCK(hi2c);
  41              		.loc 1 106 0
  42 000a 90F84030 		ldrb	r3, [r0, #64]	@ zero_extendqisi2
  43 000e 012B     		cmp	r3, #1
  44 0010 22D0     		beq	.L4
  45              		.loc 1 106 0 is_stmt 0 discriminator 2
  46 0012 0123     		movs	r3, #1
  47 0014 80F84030 		strb	r3, [r0, #64]
 107:Drivers/STM32F3xx_HAL_Driver/Src/stm32f3xx_hal_i2c_ex.c **** 
 108:Drivers/STM32F3xx_HAL_Driver/Src/stm32f3xx_hal_i2c_ex.c ****     hi2c->State = HAL_I2C_STATE_BUSY;
  48              		.loc 1 108 0 is_stmt 1 discriminator 2
  49 0018 2423     		movs	r3, #36
  50 001a 80F84130 		strb	r3, [r0, #65]
 109:Drivers/STM32F3xx_HAL_Driver/Src/stm32f3xx_hal_i2c_ex.c **** 
 110:Drivers/STM32F3xx_HAL_Driver/Src/stm32f3xx_hal_i2c_ex.c ****     /* Disable the selected I2C peripheral */
 111:Drivers/STM32F3xx_HAL_Driver/Src/stm32f3xx_hal_i2c_ex.c ****     __HAL_I2C_DISABLE(hi2c);
  51              		.loc 1 111 0 discriminator 2
  52 001e 0268     		ldr	r2, [r0]
  53 0020 1368     		ldr	r3, [r2]
  54 0022 23F00103 		bic	r3, r3, #1
  55 0026 1360     		str	r3, [r2]
 112:Drivers/STM32F3xx_HAL_Driver/Src/stm32f3xx_hal_i2c_ex.c **** 
 113:Drivers/STM32F3xx_HAL_Driver/Src/stm32f3xx_hal_i2c_ex.c ****     /* Reset I2Cx ANOFF bit */
 114:Drivers/STM32F3xx_HAL_Driver/Src/stm32f3xx_hal_i2c_ex.c ****     hi2c->Instance->CR1 &= ~(I2C_CR1_ANFOFF);
  56              		.loc 1 114 0 discriminator 2
  57 0028 0268     		ldr	r2, [r0]
  58 002a 1368     		ldr	r3, [r2]
ARM GAS  D:\Programme\Cygwin\tmp\ccZZ2pAW.s 			page 4


  59 002c 23F48053 		bic	r3, r3, #4096
  60 0030 1360     		str	r3, [r2]
 115:Drivers/STM32F3xx_HAL_Driver/Src/stm32f3xx_hal_i2c_ex.c **** 
 116:Drivers/STM32F3xx_HAL_Driver/Src/stm32f3xx_hal_i2c_ex.c ****     /* Set analog filter bit*/
 117:Drivers/STM32F3xx_HAL_Driver/Src/stm32f3xx_hal_i2c_ex.c ****     hi2c->Instance->CR1 |= AnalogFilter;
  61              		.loc 1 117 0 discriminator 2
  62 0032 0368     		ldr	r3, [r0]
  63 0034 1A68     		ldr	r2, [r3]
  64 0036 1143     		orrs	r1, r1, r2
  65              	.LVL1:
  66 0038 1960     		str	r1, [r3]
 118:Drivers/STM32F3xx_HAL_Driver/Src/stm32f3xx_hal_i2c_ex.c **** 
 119:Drivers/STM32F3xx_HAL_Driver/Src/stm32f3xx_hal_i2c_ex.c ****     __HAL_I2C_ENABLE(hi2c);
  67              		.loc 1 119 0 discriminator 2
  68 003a 0268     		ldr	r2, [r0]
  69 003c 1368     		ldr	r3, [r2]
  70 003e 43F00103 		orr	r3, r3, #1
  71 0042 1360     		str	r3, [r2]
 120:Drivers/STM32F3xx_HAL_Driver/Src/stm32f3xx_hal_i2c_ex.c **** 
 121:Drivers/STM32F3xx_HAL_Driver/Src/stm32f3xx_hal_i2c_ex.c ****     hi2c->State = HAL_I2C_STATE_READY;
  72              		.loc 1 121 0 discriminator 2
  73 0044 2023     		movs	r3, #32
  74 0046 80F84130 		strb	r3, [r0, #65]
 122:Drivers/STM32F3xx_HAL_Driver/Src/stm32f3xx_hal_i2c_ex.c **** 
 123:Drivers/STM32F3xx_HAL_Driver/Src/stm32f3xx_hal_i2c_ex.c ****     /* Process Unlocked */
 124:Drivers/STM32F3xx_HAL_Driver/Src/stm32f3xx_hal_i2c_ex.c ****     __HAL_UNLOCK(hi2c);
  75              		.loc 1 124 0 discriminator 2
  76 004a 0023     		movs	r3, #0
  77 004c 80F84030 		strb	r3, [r0, #64]
 125:Drivers/STM32F3xx_HAL_Driver/Src/stm32f3xx_hal_i2c_ex.c **** 
 126:Drivers/STM32F3xx_HAL_Driver/Src/stm32f3xx_hal_i2c_ex.c ****     return HAL_OK;
  78              		.loc 1 126 0 discriminator 2
  79 0050 1846     		mov	r0, r3
  80              	.LVL2:
  81 0052 7047     		bx	lr
  82              	.LVL3:
  83              	.L3:
 127:Drivers/STM32F3xx_HAL_Driver/Src/stm32f3xx_hal_i2c_ex.c ****   }
 128:Drivers/STM32F3xx_HAL_Driver/Src/stm32f3xx_hal_i2c_ex.c ****   else
 129:Drivers/STM32F3xx_HAL_Driver/Src/stm32f3xx_hal_i2c_ex.c ****   {
 130:Drivers/STM32F3xx_HAL_Driver/Src/stm32f3xx_hal_i2c_ex.c ****     return HAL_BUSY;
  84              		.loc 1 130 0
  85 0054 0220     		movs	r0, #2
  86              	.LVL4:
  87 0056 7047     		bx	lr
  88              	.LVL5:
  89              	.L4:
 106:Drivers/STM32F3xx_HAL_Driver/Src/stm32f3xx_hal_i2c_ex.c **** 
  90              		.loc 1 106 0
  91 0058 0220     		movs	r0, #2
  92              	.LVL6:
 131:Drivers/STM32F3xx_HAL_Driver/Src/stm32f3xx_hal_i2c_ex.c ****   }
 132:Drivers/STM32F3xx_HAL_Driver/Src/stm32f3xx_hal_i2c_ex.c **** }
  93              		.loc 1 132 0
  94 005a 7047     		bx	lr
  95              		.cfi_endproc
  96              	.LFE123:
ARM GAS  D:\Programme\Cygwin\tmp\ccZZ2pAW.s 			page 5


  98              		.section	.text.HAL_I2CEx_ConfigDigitalFilter,"ax",%progbits
  99              		.align	2
 100              		.global	HAL_I2CEx_ConfigDigitalFilter
 101              		.thumb
 102              		.thumb_func
 104              	HAL_I2CEx_ConfigDigitalFilter:
 105              	.LFB124:
 133:Drivers/STM32F3xx_HAL_Driver/Src/stm32f3xx_hal_i2c_ex.c **** 
 134:Drivers/STM32F3xx_HAL_Driver/Src/stm32f3xx_hal_i2c_ex.c **** /**
 135:Drivers/STM32F3xx_HAL_Driver/Src/stm32f3xx_hal_i2c_ex.c ****   * @brief  Configure I2C Digital noise filter.
 136:Drivers/STM32F3xx_HAL_Driver/Src/stm32f3xx_hal_i2c_ex.c ****   * @param  hi2c Pointer to a I2C_HandleTypeDef structure that contains
 137:Drivers/STM32F3xx_HAL_Driver/Src/stm32f3xx_hal_i2c_ex.c ****   *                the configuration information for the specified I2Cx peripheral.
 138:Drivers/STM32F3xx_HAL_Driver/Src/stm32f3xx_hal_i2c_ex.c ****   * @param  DigitalFilter Coefficient of digital noise filter between Min_Data=0x00 and Max_Data=0x
 139:Drivers/STM32F3xx_HAL_Driver/Src/stm32f3xx_hal_i2c_ex.c ****   * @retval HAL status
 140:Drivers/STM32F3xx_HAL_Driver/Src/stm32f3xx_hal_i2c_ex.c ****   */
 141:Drivers/STM32F3xx_HAL_Driver/Src/stm32f3xx_hal_i2c_ex.c **** HAL_StatusTypeDef HAL_I2CEx_ConfigDigitalFilter(I2C_HandleTypeDef *hi2c, uint32_t DigitalFilter)
 142:Drivers/STM32F3xx_HAL_Driver/Src/stm32f3xx_hal_i2c_ex.c **** {
 106              		.loc 1 142 0
 107              		.cfi_startproc
 108              		@ args = 0, pretend = 0, frame = 0
 109              		@ frame_needed = 0, uses_anonymous_args = 0
 110              		@ link register save eliminated.
 111              	.LVL7:
 143:Drivers/STM32F3xx_HAL_Driver/Src/stm32f3xx_hal_i2c_ex.c ****   uint32_t tmpreg;
 144:Drivers/STM32F3xx_HAL_Driver/Src/stm32f3xx_hal_i2c_ex.c **** 
 145:Drivers/STM32F3xx_HAL_Driver/Src/stm32f3xx_hal_i2c_ex.c ****   /* Check the parameters */
 146:Drivers/STM32F3xx_HAL_Driver/Src/stm32f3xx_hal_i2c_ex.c ****   assert_param(IS_I2C_ALL_INSTANCE(hi2c->Instance));
 147:Drivers/STM32F3xx_HAL_Driver/Src/stm32f3xx_hal_i2c_ex.c ****   assert_param(IS_I2C_DIGITAL_FILTER(DigitalFilter));
 148:Drivers/STM32F3xx_HAL_Driver/Src/stm32f3xx_hal_i2c_ex.c **** 
 149:Drivers/STM32F3xx_HAL_Driver/Src/stm32f3xx_hal_i2c_ex.c ****   if (hi2c->State == HAL_I2C_STATE_READY)
 112              		.loc 1 149 0
 113 0000 90F84130 		ldrb	r3, [r0, #65]	@ zero_extendqisi2
 114 0004 DBB2     		uxtb	r3, r3
 115 0006 202B     		cmp	r3, #32
 116 0008 22D1     		bne	.L7
 150:Drivers/STM32F3xx_HAL_Driver/Src/stm32f3xx_hal_i2c_ex.c ****   {
 151:Drivers/STM32F3xx_HAL_Driver/Src/stm32f3xx_hal_i2c_ex.c ****     /* Process Locked */
 152:Drivers/STM32F3xx_HAL_Driver/Src/stm32f3xx_hal_i2c_ex.c ****     __HAL_LOCK(hi2c);
 117              		.loc 1 152 0
 118 000a 90F84030 		ldrb	r3, [r0, #64]	@ zero_extendqisi2
 119 000e 012B     		cmp	r3, #1
 120 0010 20D0     		beq	.L8
 121              		.loc 1 152 0 is_stmt 0 discriminator 2
 122 0012 0123     		movs	r3, #1
 123 0014 80F84030 		strb	r3, [r0, #64]
 153:Drivers/STM32F3xx_HAL_Driver/Src/stm32f3xx_hal_i2c_ex.c **** 
 154:Drivers/STM32F3xx_HAL_Driver/Src/stm32f3xx_hal_i2c_ex.c ****     hi2c->State = HAL_I2C_STATE_BUSY;
 124              		.loc 1 154 0 is_stmt 1 discriminator 2
 125 0018 2423     		movs	r3, #36
 126 001a 80F84130 		strb	r3, [r0, #65]
 155:Drivers/STM32F3xx_HAL_Driver/Src/stm32f3xx_hal_i2c_ex.c **** 
 156:Drivers/STM32F3xx_HAL_Driver/Src/stm32f3xx_hal_i2c_ex.c ****     /* Disable the selected I2C peripheral */
 157:Drivers/STM32F3xx_HAL_Driver/Src/stm32f3xx_hal_i2c_ex.c ****     __HAL_I2C_DISABLE(hi2c);
 127              		.loc 1 157 0 discriminator 2
 128 001e 0268     		ldr	r2, [r0]
 129 0020 1368     		ldr	r3, [r2]
 130 0022 23F00103 		bic	r3, r3, #1
ARM GAS  D:\Programme\Cygwin\tmp\ccZZ2pAW.s 			page 6


 131 0026 1360     		str	r3, [r2]
 158:Drivers/STM32F3xx_HAL_Driver/Src/stm32f3xx_hal_i2c_ex.c **** 
 159:Drivers/STM32F3xx_HAL_Driver/Src/stm32f3xx_hal_i2c_ex.c ****     /* Get the old register value */
 160:Drivers/STM32F3xx_HAL_Driver/Src/stm32f3xx_hal_i2c_ex.c ****     tmpreg = hi2c->Instance->CR1;
 132              		.loc 1 160 0 discriminator 2
 133 0028 0268     		ldr	r2, [r0]
 134 002a 1368     		ldr	r3, [r2]
 135              	.LVL8:
 161:Drivers/STM32F3xx_HAL_Driver/Src/stm32f3xx_hal_i2c_ex.c **** 
 162:Drivers/STM32F3xx_HAL_Driver/Src/stm32f3xx_hal_i2c_ex.c ****     /* Reset I2Cx DNF bits [11:8] */
 163:Drivers/STM32F3xx_HAL_Driver/Src/stm32f3xx_hal_i2c_ex.c ****     tmpreg &= ~(I2C_CR1_DNF);
 136              		.loc 1 163 0 discriminator 2
 137 002c 23F47063 		bic	r3, r3, #3840
 138              	.LVL9:
 164:Drivers/STM32F3xx_HAL_Driver/Src/stm32f3xx_hal_i2c_ex.c **** 
 165:Drivers/STM32F3xx_HAL_Driver/Src/stm32f3xx_hal_i2c_ex.c ****     /* Set I2Cx DNF coefficient */
 166:Drivers/STM32F3xx_HAL_Driver/Src/stm32f3xx_hal_i2c_ex.c ****     tmpreg |= DigitalFilter << 8U;
 139              		.loc 1 166 0 discriminator 2
 140 0030 43EA0121 		orr	r1, r3, r1, lsl #8
 141              	.LVL10:
 167:Drivers/STM32F3xx_HAL_Driver/Src/stm32f3xx_hal_i2c_ex.c **** 
 168:Drivers/STM32F3xx_HAL_Driver/Src/stm32f3xx_hal_i2c_ex.c ****     /* Store the new register value */
 169:Drivers/STM32F3xx_HAL_Driver/Src/stm32f3xx_hal_i2c_ex.c ****     hi2c->Instance->CR1 = tmpreg;
 142              		.loc 1 169 0 discriminator 2
 143 0034 1160     		str	r1, [r2]
 170:Drivers/STM32F3xx_HAL_Driver/Src/stm32f3xx_hal_i2c_ex.c **** 
 171:Drivers/STM32F3xx_HAL_Driver/Src/stm32f3xx_hal_i2c_ex.c ****     __HAL_I2C_ENABLE(hi2c);
 144              		.loc 1 171 0 discriminator 2
 145 0036 0268     		ldr	r2, [r0]
 146 0038 1368     		ldr	r3, [r2]
 147 003a 43F00103 		orr	r3, r3, #1
 148 003e 1360     		str	r3, [r2]
 172:Drivers/STM32F3xx_HAL_Driver/Src/stm32f3xx_hal_i2c_ex.c **** 
 173:Drivers/STM32F3xx_HAL_Driver/Src/stm32f3xx_hal_i2c_ex.c ****     hi2c->State = HAL_I2C_STATE_READY;
 149              		.loc 1 173 0 discriminator 2
 150 0040 2023     		movs	r3, #32
 151 0042 80F84130 		strb	r3, [r0, #65]
 174:Drivers/STM32F3xx_HAL_Driver/Src/stm32f3xx_hal_i2c_ex.c **** 
 175:Drivers/STM32F3xx_HAL_Driver/Src/stm32f3xx_hal_i2c_ex.c ****     /* Process Unlocked */
 176:Drivers/STM32F3xx_HAL_Driver/Src/stm32f3xx_hal_i2c_ex.c ****     __HAL_UNLOCK(hi2c);
 152              		.loc 1 176 0 discriminator 2
 153 0046 0023     		movs	r3, #0
 154 0048 80F84030 		strb	r3, [r0, #64]
 177:Drivers/STM32F3xx_HAL_Driver/Src/stm32f3xx_hal_i2c_ex.c **** 
 178:Drivers/STM32F3xx_HAL_Driver/Src/stm32f3xx_hal_i2c_ex.c ****     return HAL_OK;
 155              		.loc 1 178 0 discriminator 2
 156 004c 1846     		mov	r0, r3
 157              	.LVL11:
 158 004e 7047     		bx	lr
 159              	.LVL12:
 160              	.L7:
 179:Drivers/STM32F3xx_HAL_Driver/Src/stm32f3xx_hal_i2c_ex.c ****   }
 180:Drivers/STM32F3xx_HAL_Driver/Src/stm32f3xx_hal_i2c_ex.c ****   else
 181:Drivers/STM32F3xx_HAL_Driver/Src/stm32f3xx_hal_i2c_ex.c ****   {
 182:Drivers/STM32F3xx_HAL_Driver/Src/stm32f3xx_hal_i2c_ex.c ****     return HAL_BUSY;
 161              		.loc 1 182 0
 162 0050 0220     		movs	r0, #2
ARM GAS  D:\Programme\Cygwin\tmp\ccZZ2pAW.s 			page 7


 163              	.LVL13:
 164 0052 7047     		bx	lr
 165              	.LVL14:
 166              	.L8:
 152:Drivers/STM32F3xx_HAL_Driver/Src/stm32f3xx_hal_i2c_ex.c **** 
 167              		.loc 1 152 0
 168 0054 0220     		movs	r0, #2
 169              	.LVL15:
 183:Drivers/STM32F3xx_HAL_Driver/Src/stm32f3xx_hal_i2c_ex.c ****   }
 184:Drivers/STM32F3xx_HAL_Driver/Src/stm32f3xx_hal_i2c_ex.c **** }
 170              		.loc 1 184 0
 171 0056 7047     		bx	lr
 172              		.cfi_endproc
 173              	.LFE124:
 175              		.section	.text.HAL_I2CEx_EnableWakeUp,"ax",%progbits
 176              		.align	2
 177              		.global	HAL_I2CEx_EnableWakeUp
 178              		.thumb
 179              		.thumb_func
 181              	HAL_I2CEx_EnableWakeUp:
 182              	.LFB125:
 185:Drivers/STM32F3xx_HAL_Driver/Src/stm32f3xx_hal_i2c_ex.c **** 
 186:Drivers/STM32F3xx_HAL_Driver/Src/stm32f3xx_hal_i2c_ex.c **** /**
 187:Drivers/STM32F3xx_HAL_Driver/Src/stm32f3xx_hal_i2c_ex.c ****   * @brief  Enable I2C wakeup from Stop mode(s).
 188:Drivers/STM32F3xx_HAL_Driver/Src/stm32f3xx_hal_i2c_ex.c ****   * @param  hi2c Pointer to a I2C_HandleTypeDef structure that contains
 189:Drivers/STM32F3xx_HAL_Driver/Src/stm32f3xx_hal_i2c_ex.c ****   *                the configuration information for the specified I2Cx peripheral.
 190:Drivers/STM32F3xx_HAL_Driver/Src/stm32f3xx_hal_i2c_ex.c ****   * @retval HAL status
 191:Drivers/STM32F3xx_HAL_Driver/Src/stm32f3xx_hal_i2c_ex.c ****   */
 192:Drivers/STM32F3xx_HAL_Driver/Src/stm32f3xx_hal_i2c_ex.c **** HAL_StatusTypeDef HAL_I2CEx_EnableWakeUp(I2C_HandleTypeDef *hi2c)
 193:Drivers/STM32F3xx_HAL_Driver/Src/stm32f3xx_hal_i2c_ex.c **** {
 183              		.loc 1 193 0
 184              		.cfi_startproc
 185              		@ args = 0, pretend = 0, frame = 0
 186              		@ frame_needed = 0, uses_anonymous_args = 0
 187              		@ link register save eliminated.
 188              	.LVL16:
 194:Drivers/STM32F3xx_HAL_Driver/Src/stm32f3xx_hal_i2c_ex.c ****   /* Check the parameters */
 195:Drivers/STM32F3xx_HAL_Driver/Src/stm32f3xx_hal_i2c_ex.c ****   assert_param(IS_I2C_WAKEUP_FROMSTOP_INSTANCE(hi2c->Instance));
 196:Drivers/STM32F3xx_HAL_Driver/Src/stm32f3xx_hal_i2c_ex.c **** 
 197:Drivers/STM32F3xx_HAL_Driver/Src/stm32f3xx_hal_i2c_ex.c ****   if (hi2c->State == HAL_I2C_STATE_READY)
 189              		.loc 1 197 0
 190 0000 90F84130 		ldrb	r3, [r0, #65]	@ zero_extendqisi2
 191 0004 DBB2     		uxtb	r3, r3
 192 0006 202B     		cmp	r3, #32
 193 0008 20D1     		bne	.L11
 198:Drivers/STM32F3xx_HAL_Driver/Src/stm32f3xx_hal_i2c_ex.c ****   {
 199:Drivers/STM32F3xx_HAL_Driver/Src/stm32f3xx_hal_i2c_ex.c ****     /* Process Locked */
 200:Drivers/STM32F3xx_HAL_Driver/Src/stm32f3xx_hal_i2c_ex.c ****     __HAL_LOCK(hi2c);
 194              		.loc 1 200 0
 195 000a 90F84030 		ldrb	r3, [r0, #64]	@ zero_extendqisi2
 196 000e 012B     		cmp	r3, #1
 197 0010 1ED0     		beq	.L12
 198              		.loc 1 200 0 is_stmt 0 discriminator 2
 199 0012 0123     		movs	r3, #1
 200 0014 80F84030 		strb	r3, [r0, #64]
 201:Drivers/STM32F3xx_HAL_Driver/Src/stm32f3xx_hal_i2c_ex.c **** 
 202:Drivers/STM32F3xx_HAL_Driver/Src/stm32f3xx_hal_i2c_ex.c ****     hi2c->State = HAL_I2C_STATE_BUSY;
ARM GAS  D:\Programme\Cygwin\tmp\ccZZ2pAW.s 			page 8


 201              		.loc 1 202 0 is_stmt 1 discriminator 2
 202 0018 2423     		movs	r3, #36
 203 001a 80F84130 		strb	r3, [r0, #65]
 203:Drivers/STM32F3xx_HAL_Driver/Src/stm32f3xx_hal_i2c_ex.c **** 
 204:Drivers/STM32F3xx_HAL_Driver/Src/stm32f3xx_hal_i2c_ex.c ****     /* Disable the selected I2C peripheral */
 205:Drivers/STM32F3xx_HAL_Driver/Src/stm32f3xx_hal_i2c_ex.c ****     __HAL_I2C_DISABLE(hi2c);
 204              		.loc 1 205 0 discriminator 2
 205 001e 0268     		ldr	r2, [r0]
 206 0020 1368     		ldr	r3, [r2]
 207 0022 23F00103 		bic	r3, r3, #1
 208 0026 1360     		str	r3, [r2]
 206:Drivers/STM32F3xx_HAL_Driver/Src/stm32f3xx_hal_i2c_ex.c **** 
 207:Drivers/STM32F3xx_HAL_Driver/Src/stm32f3xx_hal_i2c_ex.c ****     /* Enable wakeup from stop mode */
 208:Drivers/STM32F3xx_HAL_Driver/Src/stm32f3xx_hal_i2c_ex.c ****     hi2c->Instance->CR1 |= I2C_CR1_WUPEN;
 209              		.loc 1 208 0 discriminator 2
 210 0028 0268     		ldr	r2, [r0]
 211 002a 1368     		ldr	r3, [r2]
 212 002c 43F48023 		orr	r3, r3, #262144
 213 0030 1360     		str	r3, [r2]
 209:Drivers/STM32F3xx_HAL_Driver/Src/stm32f3xx_hal_i2c_ex.c **** 
 210:Drivers/STM32F3xx_HAL_Driver/Src/stm32f3xx_hal_i2c_ex.c ****     __HAL_I2C_ENABLE(hi2c);
 214              		.loc 1 210 0 discriminator 2
 215 0032 0268     		ldr	r2, [r0]
 216 0034 1368     		ldr	r3, [r2]
 217 0036 43F00103 		orr	r3, r3, #1
 218 003a 1360     		str	r3, [r2]
 211:Drivers/STM32F3xx_HAL_Driver/Src/stm32f3xx_hal_i2c_ex.c **** 
 212:Drivers/STM32F3xx_HAL_Driver/Src/stm32f3xx_hal_i2c_ex.c ****     hi2c->State = HAL_I2C_STATE_READY;
 219              		.loc 1 212 0 discriminator 2
 220 003c 2023     		movs	r3, #32
 221 003e 80F84130 		strb	r3, [r0, #65]
 213:Drivers/STM32F3xx_HAL_Driver/Src/stm32f3xx_hal_i2c_ex.c **** 
 214:Drivers/STM32F3xx_HAL_Driver/Src/stm32f3xx_hal_i2c_ex.c ****     /* Process Unlocked */
 215:Drivers/STM32F3xx_HAL_Driver/Src/stm32f3xx_hal_i2c_ex.c ****     __HAL_UNLOCK(hi2c);
 222              		.loc 1 215 0 discriminator 2
 223 0042 0023     		movs	r3, #0
 224 0044 80F84030 		strb	r3, [r0, #64]
 216:Drivers/STM32F3xx_HAL_Driver/Src/stm32f3xx_hal_i2c_ex.c **** 
 217:Drivers/STM32F3xx_HAL_Driver/Src/stm32f3xx_hal_i2c_ex.c ****     return HAL_OK;
 225              		.loc 1 217 0 discriminator 2
 226 0048 1846     		mov	r0, r3
 227              	.LVL17:
 228 004a 7047     		bx	lr
 229              	.LVL18:
 230              	.L11:
 218:Drivers/STM32F3xx_HAL_Driver/Src/stm32f3xx_hal_i2c_ex.c ****   }
 219:Drivers/STM32F3xx_HAL_Driver/Src/stm32f3xx_hal_i2c_ex.c ****   else
 220:Drivers/STM32F3xx_HAL_Driver/Src/stm32f3xx_hal_i2c_ex.c ****   {
 221:Drivers/STM32F3xx_HAL_Driver/Src/stm32f3xx_hal_i2c_ex.c ****     return HAL_BUSY;
 231              		.loc 1 221 0
 232 004c 0220     		movs	r0, #2
 233              	.LVL19:
 234 004e 7047     		bx	lr
 235              	.LVL20:
 236              	.L12:
 200:Drivers/STM32F3xx_HAL_Driver/Src/stm32f3xx_hal_i2c_ex.c **** 
 237              		.loc 1 200 0
ARM GAS  D:\Programme\Cygwin\tmp\ccZZ2pAW.s 			page 9


 238 0050 0220     		movs	r0, #2
 239              	.LVL21:
 222:Drivers/STM32F3xx_HAL_Driver/Src/stm32f3xx_hal_i2c_ex.c ****   }
 223:Drivers/STM32F3xx_HAL_Driver/Src/stm32f3xx_hal_i2c_ex.c **** }
 240              		.loc 1 223 0
 241 0052 7047     		bx	lr
 242              		.cfi_endproc
 243              	.LFE125:
 245              		.section	.text.HAL_I2CEx_DisableWakeUp,"ax",%progbits
 246              		.align	2
 247              		.global	HAL_I2CEx_DisableWakeUp
 248              		.thumb
 249              		.thumb_func
 251              	HAL_I2CEx_DisableWakeUp:
 252              	.LFB126:
 224:Drivers/STM32F3xx_HAL_Driver/Src/stm32f3xx_hal_i2c_ex.c **** 
 225:Drivers/STM32F3xx_HAL_Driver/Src/stm32f3xx_hal_i2c_ex.c **** /**
 226:Drivers/STM32F3xx_HAL_Driver/Src/stm32f3xx_hal_i2c_ex.c ****   * @brief  Disable I2C wakeup from Stop mode(s).
 227:Drivers/STM32F3xx_HAL_Driver/Src/stm32f3xx_hal_i2c_ex.c ****   * @param  hi2c Pointer to a I2C_HandleTypeDef structure that contains
 228:Drivers/STM32F3xx_HAL_Driver/Src/stm32f3xx_hal_i2c_ex.c ****   *                the configuration information for the specified I2Cx peripheral.
 229:Drivers/STM32F3xx_HAL_Driver/Src/stm32f3xx_hal_i2c_ex.c ****   * @retval HAL status
 230:Drivers/STM32F3xx_HAL_Driver/Src/stm32f3xx_hal_i2c_ex.c ****   */
 231:Drivers/STM32F3xx_HAL_Driver/Src/stm32f3xx_hal_i2c_ex.c **** HAL_StatusTypeDef HAL_I2CEx_DisableWakeUp(I2C_HandleTypeDef *hi2c)
 232:Drivers/STM32F3xx_HAL_Driver/Src/stm32f3xx_hal_i2c_ex.c **** {
 253              		.loc 1 232 0
 254              		.cfi_startproc
 255              		@ args = 0, pretend = 0, frame = 0
 256              		@ frame_needed = 0, uses_anonymous_args = 0
 257              		@ link register save eliminated.
 258              	.LVL22:
 233:Drivers/STM32F3xx_HAL_Driver/Src/stm32f3xx_hal_i2c_ex.c ****   /* Check the parameters */
 234:Drivers/STM32F3xx_HAL_Driver/Src/stm32f3xx_hal_i2c_ex.c ****   assert_param(IS_I2C_WAKEUP_FROMSTOP_INSTANCE(hi2c->Instance));
 235:Drivers/STM32F3xx_HAL_Driver/Src/stm32f3xx_hal_i2c_ex.c **** 
 236:Drivers/STM32F3xx_HAL_Driver/Src/stm32f3xx_hal_i2c_ex.c ****   if (hi2c->State == HAL_I2C_STATE_READY)
 259              		.loc 1 236 0
 260 0000 90F84130 		ldrb	r3, [r0, #65]	@ zero_extendqisi2
 261 0004 DBB2     		uxtb	r3, r3
 262 0006 202B     		cmp	r3, #32
 263 0008 20D1     		bne	.L15
 237:Drivers/STM32F3xx_HAL_Driver/Src/stm32f3xx_hal_i2c_ex.c ****   {
 238:Drivers/STM32F3xx_HAL_Driver/Src/stm32f3xx_hal_i2c_ex.c ****     /* Process Locked */
 239:Drivers/STM32F3xx_HAL_Driver/Src/stm32f3xx_hal_i2c_ex.c ****     __HAL_LOCK(hi2c);
 264              		.loc 1 239 0
 265 000a 90F84030 		ldrb	r3, [r0, #64]	@ zero_extendqisi2
 266 000e 012B     		cmp	r3, #1
 267 0010 1ED0     		beq	.L16
 268              		.loc 1 239 0 is_stmt 0 discriminator 2
 269 0012 0123     		movs	r3, #1
 270 0014 80F84030 		strb	r3, [r0, #64]
 240:Drivers/STM32F3xx_HAL_Driver/Src/stm32f3xx_hal_i2c_ex.c **** 
 241:Drivers/STM32F3xx_HAL_Driver/Src/stm32f3xx_hal_i2c_ex.c ****     hi2c->State = HAL_I2C_STATE_BUSY;
 271              		.loc 1 241 0 is_stmt 1 discriminator 2
 272 0018 2423     		movs	r3, #36
 273 001a 80F84130 		strb	r3, [r0, #65]
 242:Drivers/STM32F3xx_HAL_Driver/Src/stm32f3xx_hal_i2c_ex.c **** 
 243:Drivers/STM32F3xx_HAL_Driver/Src/stm32f3xx_hal_i2c_ex.c ****     /* Disable the selected I2C peripheral */
 244:Drivers/STM32F3xx_HAL_Driver/Src/stm32f3xx_hal_i2c_ex.c ****     __HAL_I2C_DISABLE(hi2c);
ARM GAS  D:\Programme\Cygwin\tmp\ccZZ2pAW.s 			page 10


 274              		.loc 1 244 0 discriminator 2
 275 001e 0268     		ldr	r2, [r0]
 276 0020 1368     		ldr	r3, [r2]
 277 0022 23F00103 		bic	r3, r3, #1
 278 0026 1360     		str	r3, [r2]
 245:Drivers/STM32F3xx_HAL_Driver/Src/stm32f3xx_hal_i2c_ex.c **** 
 246:Drivers/STM32F3xx_HAL_Driver/Src/stm32f3xx_hal_i2c_ex.c ****     /* Enable wakeup from stop mode */
 247:Drivers/STM32F3xx_HAL_Driver/Src/stm32f3xx_hal_i2c_ex.c ****     hi2c->Instance->CR1 &= ~(I2C_CR1_WUPEN);
 279              		.loc 1 247 0 discriminator 2
 280 0028 0268     		ldr	r2, [r0]
 281 002a 1368     		ldr	r3, [r2]
 282 002c 23F48023 		bic	r3, r3, #262144
 283 0030 1360     		str	r3, [r2]
 248:Drivers/STM32F3xx_HAL_Driver/Src/stm32f3xx_hal_i2c_ex.c **** 
 249:Drivers/STM32F3xx_HAL_Driver/Src/stm32f3xx_hal_i2c_ex.c ****     __HAL_I2C_ENABLE(hi2c);
 284              		.loc 1 249 0 discriminator 2
 285 0032 0268     		ldr	r2, [r0]
 286 0034 1368     		ldr	r3, [r2]
 287 0036 43F00103 		orr	r3, r3, #1
 288 003a 1360     		str	r3, [r2]
 250:Drivers/STM32F3xx_HAL_Driver/Src/stm32f3xx_hal_i2c_ex.c **** 
 251:Drivers/STM32F3xx_HAL_Driver/Src/stm32f3xx_hal_i2c_ex.c ****     hi2c->State = HAL_I2C_STATE_READY;
 289              		.loc 1 251 0 discriminator 2
 290 003c 2023     		movs	r3, #32
 291 003e 80F84130 		strb	r3, [r0, #65]
 252:Drivers/STM32F3xx_HAL_Driver/Src/stm32f3xx_hal_i2c_ex.c **** 
 253:Drivers/STM32F3xx_HAL_Driver/Src/stm32f3xx_hal_i2c_ex.c ****     /* Process Unlocked */
 254:Drivers/STM32F3xx_HAL_Driver/Src/stm32f3xx_hal_i2c_ex.c ****     __HAL_UNLOCK(hi2c);
 292              		.loc 1 254 0 discriminator 2
 293 0042 0023     		movs	r3, #0
 294 0044 80F84030 		strb	r3, [r0, #64]
 255:Drivers/STM32F3xx_HAL_Driver/Src/stm32f3xx_hal_i2c_ex.c **** 
 256:Drivers/STM32F3xx_HAL_Driver/Src/stm32f3xx_hal_i2c_ex.c ****     return HAL_OK;
 295              		.loc 1 256 0 discriminator 2
 296 0048 1846     		mov	r0, r3
 297              	.LVL23:
 298 004a 7047     		bx	lr
 299              	.LVL24:
 300              	.L15:
 257:Drivers/STM32F3xx_HAL_Driver/Src/stm32f3xx_hal_i2c_ex.c ****   }
 258:Drivers/STM32F3xx_HAL_Driver/Src/stm32f3xx_hal_i2c_ex.c ****   else
 259:Drivers/STM32F3xx_HAL_Driver/Src/stm32f3xx_hal_i2c_ex.c ****   {
 260:Drivers/STM32F3xx_HAL_Driver/Src/stm32f3xx_hal_i2c_ex.c ****     return HAL_BUSY;
 301              		.loc 1 260 0
 302 004c 0220     		movs	r0, #2
 303              	.LVL25:
 304 004e 7047     		bx	lr
 305              	.LVL26:
 306              	.L16:
 239:Drivers/STM32F3xx_HAL_Driver/Src/stm32f3xx_hal_i2c_ex.c **** 
 307              		.loc 1 239 0
 308 0050 0220     		movs	r0, #2
 309              	.LVL27:
 261:Drivers/STM32F3xx_HAL_Driver/Src/stm32f3xx_hal_i2c_ex.c ****   }
 262:Drivers/STM32F3xx_HAL_Driver/Src/stm32f3xx_hal_i2c_ex.c **** }
 310              		.loc 1 262 0
 311 0052 7047     		bx	lr
ARM GAS  D:\Programme\Cygwin\tmp\ccZZ2pAW.s 			page 11


 312              		.cfi_endproc
 313              	.LFE126:
 315              		.section	.text.HAL_I2CEx_EnableFastModePlus,"ax",%progbits
 316              		.align	2
 317              		.global	HAL_I2CEx_EnableFastModePlus
 318              		.thumb
 319              		.thumb_func
 321              	HAL_I2CEx_EnableFastModePlus:
 322              	.LFB127:
 263:Drivers/STM32F3xx_HAL_Driver/Src/stm32f3xx_hal_i2c_ex.c **** 
 264:Drivers/STM32F3xx_HAL_Driver/Src/stm32f3xx_hal_i2c_ex.c **** /**
 265:Drivers/STM32F3xx_HAL_Driver/Src/stm32f3xx_hal_i2c_ex.c ****   * @brief Enable the I2C fast mode plus driving capability.
 266:Drivers/STM32F3xx_HAL_Driver/Src/stm32f3xx_hal_i2c_ex.c ****   * @param ConfigFastModePlus Selects the pin.
 267:Drivers/STM32F3xx_HAL_Driver/Src/stm32f3xx_hal_i2c_ex.c ****   *   This parameter can be one of the @ref I2CEx_FastModePlus values
 268:Drivers/STM32F3xx_HAL_Driver/Src/stm32f3xx_hal_i2c_ex.c ****   * @note  For I2C1, fast mode plus driving capability can be enabled on all selected
 269:Drivers/STM32F3xx_HAL_Driver/Src/stm32f3xx_hal_i2c_ex.c ****   *        I2C1 pins using I2C_FASTMODEPLUS_I2C1 parameter or independently
 270:Drivers/STM32F3xx_HAL_Driver/Src/stm32f3xx_hal_i2c_ex.c ****   *        on each one of the following pins PB6, PB7, PB8 and PB9.
 271:Drivers/STM32F3xx_HAL_Driver/Src/stm32f3xx_hal_i2c_ex.c ****   * @note  For remaining I2C1 pins (PA14, PA15...) fast mode plus driving capability
 272:Drivers/STM32F3xx_HAL_Driver/Src/stm32f3xx_hal_i2c_ex.c ****   *        can be enabled only by using I2C_FASTMODEPLUS_I2C1 parameter.
 273:Drivers/STM32F3xx_HAL_Driver/Src/stm32f3xx_hal_i2c_ex.c ****   * @note  For all I2C2 pins fast mode plus driving capability can be enabled
 274:Drivers/STM32F3xx_HAL_Driver/Src/stm32f3xx_hal_i2c_ex.c ****   *        only by using I2C_FASTMODEPLUS_I2C2 parameter.
 275:Drivers/STM32F3xx_HAL_Driver/Src/stm32f3xx_hal_i2c_ex.c ****   * @note  For all I2C3 pins fast mode plus driving capability can be enabled
 276:Drivers/STM32F3xx_HAL_Driver/Src/stm32f3xx_hal_i2c_ex.c ****   *        only by using I2C_FASTMODEPLUS_I2C3 parameter.
 277:Drivers/STM32F3xx_HAL_Driver/Src/stm32f3xx_hal_i2c_ex.c ****   * @retval None
 278:Drivers/STM32F3xx_HAL_Driver/Src/stm32f3xx_hal_i2c_ex.c ****   */
 279:Drivers/STM32F3xx_HAL_Driver/Src/stm32f3xx_hal_i2c_ex.c **** void HAL_I2CEx_EnableFastModePlus(uint32_t ConfigFastModePlus)
 280:Drivers/STM32F3xx_HAL_Driver/Src/stm32f3xx_hal_i2c_ex.c **** {
 323              		.loc 1 280 0
 324              		.cfi_startproc
 325              		@ args = 0, pretend = 0, frame = 8
 326              		@ frame_needed = 0, uses_anonymous_args = 0
 327              		@ link register save eliminated.
 328              	.LVL28:
 329 0000 82B0     		sub	sp, sp, #8
 330              	.LCFI0:
 331              		.cfi_def_cfa_offset 8
 332              	.LBB2:
 281:Drivers/STM32F3xx_HAL_Driver/Src/stm32f3xx_hal_i2c_ex.c ****   /* Check the parameter */
 282:Drivers/STM32F3xx_HAL_Driver/Src/stm32f3xx_hal_i2c_ex.c ****   assert_param(IS_I2C_FASTMODEPLUS(ConfigFastModePlus));
 283:Drivers/STM32F3xx_HAL_Driver/Src/stm32f3xx_hal_i2c_ex.c **** 
 284:Drivers/STM32F3xx_HAL_Driver/Src/stm32f3xx_hal_i2c_ex.c ****   /* Enable SYSCFG clock */
 285:Drivers/STM32F3xx_HAL_Driver/Src/stm32f3xx_hal_i2c_ex.c ****   __HAL_RCC_SYSCFG_CLK_ENABLE();
 333              		.loc 1 285 0
 334 0002 084B     		ldr	r3, .L19
 335 0004 9A69     		ldr	r2, [r3, #24]
 336 0006 42F00102 		orr	r2, r2, #1
 337 000a 9A61     		str	r2, [r3, #24]
 338 000c 9B69     		ldr	r3, [r3, #24]
 339 000e 03F00103 		and	r3, r3, #1
 340 0012 0193     		str	r3, [sp, #4]
 341 0014 019B     		ldr	r3, [sp, #4]
 342              	.LBE2:
 286:Drivers/STM32F3xx_HAL_Driver/Src/stm32f3xx_hal_i2c_ex.c **** 
 287:Drivers/STM32F3xx_HAL_Driver/Src/stm32f3xx_hal_i2c_ex.c ****   /* Enable fast mode plus driving capability for selected pin */
 288:Drivers/STM32F3xx_HAL_Driver/Src/stm32f3xx_hal_i2c_ex.c ****   SET_BIT(SYSCFG->CFGR1, (uint32_t)ConfigFastModePlus);
 343              		.loc 1 288 0
 344 0016 044A     		ldr	r2, .L19+4
ARM GAS  D:\Programme\Cygwin\tmp\ccZZ2pAW.s 			page 12


 345 0018 1368     		ldr	r3, [r2]
 346 001a 1843     		orrs	r0, r0, r3
 347              	.LVL29:
 348 001c 1060     		str	r0, [r2]
 289:Drivers/STM32F3xx_HAL_Driver/Src/stm32f3xx_hal_i2c_ex.c **** }
 349              		.loc 1 289 0
 350 001e 02B0     		add	sp, sp, #8
 351              	.LCFI1:
 352              		.cfi_def_cfa_offset 0
 353              		@ sp needed
 354 0020 7047     		bx	lr
 355              	.L20:
 356 0022 00BF     		.align	2
 357              	.L19:
 358 0024 00100240 		.word	1073876992
 359 0028 00000140 		.word	1073807360
 360              		.cfi_endproc
 361              	.LFE127:
 363              		.section	.text.HAL_I2CEx_DisableFastModePlus,"ax",%progbits
 364              		.align	2
 365              		.global	HAL_I2CEx_DisableFastModePlus
 366              		.thumb
 367              		.thumb_func
 369              	HAL_I2CEx_DisableFastModePlus:
 370              	.LFB128:
 290:Drivers/STM32F3xx_HAL_Driver/Src/stm32f3xx_hal_i2c_ex.c **** 
 291:Drivers/STM32F3xx_HAL_Driver/Src/stm32f3xx_hal_i2c_ex.c **** /**
 292:Drivers/STM32F3xx_HAL_Driver/Src/stm32f3xx_hal_i2c_ex.c ****   * @brief Disable the I2C fast mode plus driving capability.
 293:Drivers/STM32F3xx_HAL_Driver/Src/stm32f3xx_hal_i2c_ex.c ****   * @param ConfigFastModePlus Selects the pin.
 294:Drivers/STM32F3xx_HAL_Driver/Src/stm32f3xx_hal_i2c_ex.c ****   *   This parameter can be one of the @ref I2CEx_FastModePlus values
 295:Drivers/STM32F3xx_HAL_Driver/Src/stm32f3xx_hal_i2c_ex.c ****   * @note  For I2C1, fast mode plus driving capability can be disabled on all selected
 296:Drivers/STM32F3xx_HAL_Driver/Src/stm32f3xx_hal_i2c_ex.c ****   *        I2C1 pins using I2C_FASTMODEPLUS_I2C1 parameter or independently
 297:Drivers/STM32F3xx_HAL_Driver/Src/stm32f3xx_hal_i2c_ex.c ****   *        on each one of the following pins PB6, PB7, PB8 and PB9.
 298:Drivers/STM32F3xx_HAL_Driver/Src/stm32f3xx_hal_i2c_ex.c ****   * @note  For remaining I2C1 pins (PA14, PA15...) fast mode plus driving capability
 299:Drivers/STM32F3xx_HAL_Driver/Src/stm32f3xx_hal_i2c_ex.c ****   *        can be disabled only by using I2C_FASTMODEPLUS_I2C1 parameter.
 300:Drivers/STM32F3xx_HAL_Driver/Src/stm32f3xx_hal_i2c_ex.c ****   * @note  For all I2C2 pins fast mode plus driving capability can be disabled
 301:Drivers/STM32F3xx_HAL_Driver/Src/stm32f3xx_hal_i2c_ex.c ****   *        only by using I2C_FASTMODEPLUS_I2C2 parameter.
 302:Drivers/STM32F3xx_HAL_Driver/Src/stm32f3xx_hal_i2c_ex.c ****   * @note  For all I2C3 pins fast mode plus driving capability can be disabled
 303:Drivers/STM32F3xx_HAL_Driver/Src/stm32f3xx_hal_i2c_ex.c ****   *        only by using I2C_FASTMODEPLUS_I2C3 parameter.
 304:Drivers/STM32F3xx_HAL_Driver/Src/stm32f3xx_hal_i2c_ex.c ****   * @retval None
 305:Drivers/STM32F3xx_HAL_Driver/Src/stm32f3xx_hal_i2c_ex.c ****   */
 306:Drivers/STM32F3xx_HAL_Driver/Src/stm32f3xx_hal_i2c_ex.c **** void HAL_I2CEx_DisableFastModePlus(uint32_t ConfigFastModePlus)
 307:Drivers/STM32F3xx_HAL_Driver/Src/stm32f3xx_hal_i2c_ex.c **** {
 371              		.loc 1 307 0
 372              		.cfi_startproc
 373              		@ args = 0, pretend = 0, frame = 8
 374              		@ frame_needed = 0, uses_anonymous_args = 0
 375              		@ link register save eliminated.
 376              	.LVL30:
 377 0000 82B0     		sub	sp, sp, #8
 378              	.LCFI2:
 379              		.cfi_def_cfa_offset 8
 380              	.LBB3:
 308:Drivers/STM32F3xx_HAL_Driver/Src/stm32f3xx_hal_i2c_ex.c ****   /* Check the parameter */
 309:Drivers/STM32F3xx_HAL_Driver/Src/stm32f3xx_hal_i2c_ex.c ****   assert_param(IS_I2C_FASTMODEPLUS(ConfigFastModePlus));
 310:Drivers/STM32F3xx_HAL_Driver/Src/stm32f3xx_hal_i2c_ex.c **** 
 311:Drivers/STM32F3xx_HAL_Driver/Src/stm32f3xx_hal_i2c_ex.c ****   /* Enable SYSCFG clock */
ARM GAS  D:\Programme\Cygwin\tmp\ccZZ2pAW.s 			page 13


 312:Drivers/STM32F3xx_HAL_Driver/Src/stm32f3xx_hal_i2c_ex.c ****   __HAL_RCC_SYSCFG_CLK_ENABLE();
 381              		.loc 1 312 0
 382 0002 084B     		ldr	r3, .L23
 383 0004 9A69     		ldr	r2, [r3, #24]
 384 0006 42F00102 		orr	r2, r2, #1
 385 000a 9A61     		str	r2, [r3, #24]
 386 000c 9B69     		ldr	r3, [r3, #24]
 387 000e 03F00103 		and	r3, r3, #1
 388 0012 0193     		str	r3, [sp, #4]
 389 0014 019B     		ldr	r3, [sp, #4]
 390              	.LBE3:
 313:Drivers/STM32F3xx_HAL_Driver/Src/stm32f3xx_hal_i2c_ex.c **** 
 314:Drivers/STM32F3xx_HAL_Driver/Src/stm32f3xx_hal_i2c_ex.c ****   /* Disable fast mode plus driving capability for selected pin */
 315:Drivers/STM32F3xx_HAL_Driver/Src/stm32f3xx_hal_i2c_ex.c ****   CLEAR_BIT(SYSCFG->CFGR1, (uint32_t)ConfigFastModePlus);
 391              		.loc 1 315 0
 392 0016 044A     		ldr	r2, .L23+4
 393 0018 1368     		ldr	r3, [r2]
 394 001a 23EA0000 		bic	r0, r3, r0
 395              	.LVL31:
 396 001e 1060     		str	r0, [r2]
 316:Drivers/STM32F3xx_HAL_Driver/Src/stm32f3xx_hal_i2c_ex.c **** }
 397              		.loc 1 316 0
 398 0020 02B0     		add	sp, sp, #8
 399              	.LCFI3:
 400              		.cfi_def_cfa_offset 0
 401              		@ sp needed
 402 0022 7047     		bx	lr
 403              	.L24:
 404              		.align	2
 405              	.L23:
 406 0024 00100240 		.word	1073876992
 407 0028 00000140 		.word	1073807360
 408              		.cfi_endproc
 409              	.LFE128:
 411              		.text
 412              	.Letext0:
 413              		.file 2 "d:\\tool_chain\\gcc-arm-none-eabi\\5.4 2016q3\\arm-none-eabi\\include\\machine\\_default_
 414              		.file 3 "d:\\tool_chain\\gcc-arm-none-eabi\\5.4 2016q3\\arm-none-eabi\\include\\sys\\_stdint.h"
 415              		.file 4 "Drivers/CMSIS/Device/ST/STM32F3xx/Include/stm32f302x8.h"
 416              		.file 5 "Drivers/STM32F3xx_HAL_Driver/Inc/stm32f3xx_hal_def.h"
 417              		.file 6 "Drivers/STM32F3xx_HAL_Driver/Inc/stm32f3xx_hal_dma.h"
 418              		.file 7 "Drivers/STM32F3xx_HAL_Driver/Inc/stm32f3xx_hal_i2c.h"
 419              		.file 8 "Drivers/CMSIS/Include/core_cm4.h"
ARM GAS  D:\Programme\Cygwin\tmp\ccZZ2pAW.s 			page 14


DEFINED SYMBOLS
                            *ABS*:00000000 stm32f3xx_hal_i2c_ex.c
D:\Programme\Cygwin\tmp\ccZZ2pAW.s:22     .text.HAL_I2CEx_ConfigAnalogFilter:00000000 $t
D:\Programme\Cygwin\tmp\ccZZ2pAW.s:27     .text.HAL_I2CEx_ConfigAnalogFilter:00000000 HAL_I2CEx_ConfigAnalogFilter
D:\Programme\Cygwin\tmp\ccZZ2pAW.s:99     .text.HAL_I2CEx_ConfigDigitalFilter:00000000 $t
D:\Programme\Cygwin\tmp\ccZZ2pAW.s:104    .text.HAL_I2CEx_ConfigDigitalFilter:00000000 HAL_I2CEx_ConfigDigitalFilter
D:\Programme\Cygwin\tmp\ccZZ2pAW.s:176    .text.HAL_I2CEx_EnableWakeUp:00000000 $t
D:\Programme\Cygwin\tmp\ccZZ2pAW.s:181    .text.HAL_I2CEx_EnableWakeUp:00000000 HAL_I2CEx_EnableWakeUp
D:\Programme\Cygwin\tmp\ccZZ2pAW.s:246    .text.HAL_I2CEx_DisableWakeUp:00000000 $t
D:\Programme\Cygwin\tmp\ccZZ2pAW.s:251    .text.HAL_I2CEx_DisableWakeUp:00000000 HAL_I2CEx_DisableWakeUp
D:\Programme\Cygwin\tmp\ccZZ2pAW.s:316    .text.HAL_I2CEx_EnableFastModePlus:00000000 $t
D:\Programme\Cygwin\tmp\ccZZ2pAW.s:321    .text.HAL_I2CEx_EnableFastModePlus:00000000 HAL_I2CEx_EnableFastModePlus
D:\Programme\Cygwin\tmp\ccZZ2pAW.s:358    .text.HAL_I2CEx_EnableFastModePlus:00000024 $d
D:\Programme\Cygwin\tmp\ccZZ2pAW.s:364    .text.HAL_I2CEx_DisableFastModePlus:00000000 $t
D:\Programme\Cygwin\tmp\ccZZ2pAW.s:369    .text.HAL_I2CEx_DisableFastModePlus:00000000 HAL_I2CEx_DisableFastModePlus
D:\Programme\Cygwin\tmp\ccZZ2pAW.s:406    .text.HAL_I2CEx_DisableFastModePlus:00000024 $d
                     .debug_frame:00000010 $d

NO UNDEFINED SYMBOLS
