ARM GAS  D:\Programme\Cygwin\tmp\cc9a2enY.s 			page 1


   1              		.syntax unified
   2              		.cpu cortex-m4
   3              		.eabi_attribute 27, 1
   4              		.eabi_attribute 28, 1
   5              		.fpu fpv4-sp-d16
   6              		.eabi_attribute 20, 1
   7              		.eabi_attribute 21, 1
   8              		.eabi_attribute 23, 3
   9              		.eabi_attribute 24, 1
  10              		.eabi_attribute 25, 1
  11              		.eabi_attribute 26, 1
  12              		.eabi_attribute 30, 1
  13              		.eabi_attribute 34, 1
  14              		.eabi_attribute 18, 4
  15              		.thumb
  16              		.syntax unified
  17              		.file	"stm32f3xx_hal_timebase_tim.c"
  18              		.text
  19              	.Ltext0:
  20              		.cfi_sections	.debug_frame
  21              		.section	.text.HAL_InitTick,"ax",%progbits
  22              		.align	2
  23              		.global	HAL_InitTick
  24              		.thumb
  25              		.thumb_func
  27              	HAL_InitTick:
  28              	.LFB123:
  29              		.file 1 "Src/stm32f3xx_hal_timebase_tim.c"
   1:Src/stm32f3xx_hal_timebase_tim.c **** /* USER CODE BEGIN Header */
   2:Src/stm32f3xx_hal_timebase_tim.c **** /**
   3:Src/stm32f3xx_hal_timebase_tim.c ****   ******************************************************************************
   4:Src/stm32f3xx_hal_timebase_tim.c ****   * @file    stm32f3xx_hal_timebase_TIM.c 
   5:Src/stm32f3xx_hal_timebase_tim.c ****   * @brief   HAL time base based on the hardware TIM.
   6:Src/stm32f3xx_hal_timebase_tim.c ****   ******************************************************************************
   7:Src/stm32f3xx_hal_timebase_tim.c ****   * @attention
   8:Src/stm32f3xx_hal_timebase_tim.c ****   *
   9:Src/stm32f3xx_hal_timebase_tim.c ****   * <h2><center>&copy; Copyright (c) 2020 STMicroelectronics.
  10:Src/stm32f3xx_hal_timebase_tim.c ****   * All rights reserved.</center></h2>
  11:Src/stm32f3xx_hal_timebase_tim.c ****   *
  12:Src/stm32f3xx_hal_timebase_tim.c ****   * This software component is licensed by ST under Ultimate Liberty license
  13:Src/stm32f3xx_hal_timebase_tim.c ****   * SLA0044, the "License"; You may not use this file except in compliance with
  14:Src/stm32f3xx_hal_timebase_tim.c ****   * the License. You may obtain a copy of the License at:
  15:Src/stm32f3xx_hal_timebase_tim.c ****   *                             www.st.com/SLA0044
  16:Src/stm32f3xx_hal_timebase_tim.c ****   *
  17:Src/stm32f3xx_hal_timebase_tim.c ****   ******************************************************************************
  18:Src/stm32f3xx_hal_timebase_tim.c ****   */
  19:Src/stm32f3xx_hal_timebase_tim.c **** /* USER CODE END Header */
  20:Src/stm32f3xx_hal_timebase_tim.c **** 
  21:Src/stm32f3xx_hal_timebase_tim.c **** /* Includes ------------------------------------------------------------------*/
  22:Src/stm32f3xx_hal_timebase_tim.c **** #include "stm32f3xx_hal.h"
  23:Src/stm32f3xx_hal_timebase_tim.c **** #include "stm32f3xx_hal_tim.h"
  24:Src/stm32f3xx_hal_timebase_tim.c ****  
  25:Src/stm32f3xx_hal_timebase_tim.c **** /* Private typedef -----------------------------------------------------------*/
  26:Src/stm32f3xx_hal_timebase_tim.c **** /* Private define ------------------------------------------------------------*/
  27:Src/stm32f3xx_hal_timebase_tim.c **** /* Private macro -------------------------------------------------------------*/
  28:Src/stm32f3xx_hal_timebase_tim.c **** /* Private variables ---------------------------------------------------------*/
  29:Src/stm32f3xx_hal_timebase_tim.c **** TIM_HandleTypeDef        htim1; 
ARM GAS  D:\Programme\Cygwin\tmp\cc9a2enY.s 			page 2


  30:Src/stm32f3xx_hal_timebase_tim.c **** /* Private function prototypes -----------------------------------------------*/
  31:Src/stm32f3xx_hal_timebase_tim.c **** /* Private functions ---------------------------------------------------------*/
  32:Src/stm32f3xx_hal_timebase_tim.c **** 
  33:Src/stm32f3xx_hal_timebase_tim.c **** /**
  34:Src/stm32f3xx_hal_timebase_tim.c ****   * @brief  This function configures the TIM1 as a time base source. 
  35:Src/stm32f3xx_hal_timebase_tim.c ****   *         The time source is configured  to have 1ms time base with a dedicated 
  36:Src/stm32f3xx_hal_timebase_tim.c ****   *         Tick interrupt priority. 
  37:Src/stm32f3xx_hal_timebase_tim.c ****   * @note   This function is called  automatically at the beginning of program after
  38:Src/stm32f3xx_hal_timebase_tim.c ****   *         reset by HAL_Init() or at any time when clock is configured, by HAL_RCC_ClockConfig(). 
  39:Src/stm32f3xx_hal_timebase_tim.c ****   * @param  TickPriority: Tick interrupt priority.
  40:Src/stm32f3xx_hal_timebase_tim.c ****   * @retval HAL status
  41:Src/stm32f3xx_hal_timebase_tim.c ****   */
  42:Src/stm32f3xx_hal_timebase_tim.c **** HAL_StatusTypeDef HAL_InitTick(uint32_t TickPriority)
  43:Src/stm32f3xx_hal_timebase_tim.c **** {
  30              		.loc 1 43 0
  31              		.cfi_startproc
  32              		@ args = 0, pretend = 0, frame = 32
  33              		@ frame_needed = 0, uses_anonymous_args = 0
  34              	.LVL0:
  35 0000 00B5     		push	{lr}
  36              	.LCFI0:
  37              		.cfi_def_cfa_offset 4
  38              		.cfi_offset 14, -4
  39 0002 89B0     		sub	sp, sp, #36
  40              	.LCFI1:
  41              		.cfi_def_cfa_offset 40
  42              	.LVL1:
  44:Src/stm32f3xx_hal_timebase_tim.c ****   RCC_ClkInitTypeDef    clkconfig;
  45:Src/stm32f3xx_hal_timebase_tim.c ****   uint32_t              uwTimclock = 0;
  46:Src/stm32f3xx_hal_timebase_tim.c ****   uint32_t              uwPrescalerValue = 0;
  47:Src/stm32f3xx_hal_timebase_tim.c ****   uint32_t              pFLatency;
  48:Src/stm32f3xx_hal_timebase_tim.c ****   
  49:Src/stm32f3xx_hal_timebase_tim.c ****   /*Configure the TIM1 IRQ priority */
  50:Src/stm32f3xx_hal_timebase_tim.c ****   HAL_NVIC_SetPriority(TIM1_UP_TIM16_IRQn, TickPriority ,0); 
  43              		.loc 1 50 0
  44 0004 0022     		movs	r2, #0
  45 0006 0146     		mov	r1, r0
  46 0008 1920     		movs	r0, #25
  47              	.LVL2:
  48 000a FFF7FEFF 		bl	HAL_NVIC_SetPriority
  49              	.LVL3:
  51:Src/stm32f3xx_hal_timebase_tim.c ****   
  52:Src/stm32f3xx_hal_timebase_tim.c ****   /* Enable the TIM1 global Interrupt */
  53:Src/stm32f3xx_hal_timebase_tim.c ****   HAL_NVIC_EnableIRQ(TIM1_UP_TIM16_IRQn); 
  50              		.loc 1 53 0
  51 000e 1920     		movs	r0, #25
  52 0010 FFF7FEFF 		bl	HAL_NVIC_EnableIRQ
  53              	.LVL4:
  54              	.LBB2:
  54:Src/stm32f3xx_hal_timebase_tim.c ****   
  55:Src/stm32f3xx_hal_timebase_tim.c ****   /* Enable TIM1 clock */
  56:Src/stm32f3xx_hal_timebase_tim.c ****   __HAL_RCC_TIM1_CLK_ENABLE();
  55              		.loc 1 56 0
  56 0014 144B     		ldr	r3, .L5
  57 0016 9A69     		ldr	r2, [r3, #24]
  58 0018 42F40062 		orr	r2, r2, #2048
  59 001c 9A61     		str	r2, [r3, #24]
ARM GAS  D:\Programme\Cygwin\tmp\cc9a2enY.s 			page 3


  60 001e 9B69     		ldr	r3, [r3, #24]
  61 0020 03F40063 		and	r3, r3, #2048
  62 0024 0193     		str	r3, [sp, #4]
  63 0026 019B     		ldr	r3, [sp, #4]
  64              	.LBE2:
  57:Src/stm32f3xx_hal_timebase_tim.c ****   
  58:Src/stm32f3xx_hal_timebase_tim.c ****   /* Get clock configuration */
  59:Src/stm32f3xx_hal_timebase_tim.c ****   HAL_RCC_GetClockConfig(&clkconfig, &pFLatency);
  65              		.loc 1 59 0
  66 0028 02A9     		add	r1, sp, #8
  67 002a 03A8     		add	r0, sp, #12
  68 002c FFF7FEFF 		bl	HAL_RCC_GetClockConfig
  69              	.LVL5:
  60:Src/stm32f3xx_hal_timebase_tim.c ****   
  61:Src/stm32f3xx_hal_timebase_tim.c ****   /* Compute TIM1 clock */
  62:Src/stm32f3xx_hal_timebase_tim.c ****   uwTimclock = HAL_RCC_GetPCLK2Freq();
  70              		.loc 1 62 0
  71 0030 FFF7FEFF 		bl	HAL_RCC_GetPCLK2Freq
  72              	.LVL6:
  63:Src/stm32f3xx_hal_timebase_tim.c ****    
  64:Src/stm32f3xx_hal_timebase_tim.c ****   /* Compute the prescaler value to have TIM1 counter clock equal to 1MHz */
  65:Src/stm32f3xx_hal_timebase_tim.c ****   uwPrescalerValue = (uint32_t) ((uwTimclock / 1000000) - 1);
  73              		.loc 1 65 0
  74 0034 0D4B     		ldr	r3, .L5+4
  75 0036 A3FB0023 		umull	r2, r3, r3, r0
  76 003a 9B0C     		lsrs	r3, r3, #18
  77 003c 013B     		subs	r3, r3, #1
  78              	.LVL7:
  66:Src/stm32f3xx_hal_timebase_tim.c ****   
  67:Src/stm32f3xx_hal_timebase_tim.c ****   /* Initialize TIM1 */
  68:Src/stm32f3xx_hal_timebase_tim.c ****   htim1.Instance = TIM1;
  79              		.loc 1 68 0
  80 003e 0C48     		ldr	r0, .L5+8
  81              	.LVL8:
  82 0040 0C4A     		ldr	r2, .L5+12
  83 0042 0260     		str	r2, [r0]
  69:Src/stm32f3xx_hal_timebase_tim.c ****   
  70:Src/stm32f3xx_hal_timebase_tim.c ****   /* Initialize TIMx peripheral as follow:
  71:Src/stm32f3xx_hal_timebase_tim.c ****   + Period = [(TIM1CLK/1000) - 1]. to have a (1/1000) s time base.
  72:Src/stm32f3xx_hal_timebase_tim.c ****   + Prescaler = (uwTimclock/1000000 - 1) to have a 1MHz counter clock.
  73:Src/stm32f3xx_hal_timebase_tim.c ****   + ClockDivision = 0
  74:Src/stm32f3xx_hal_timebase_tim.c ****   + Counter direction = Up
  75:Src/stm32f3xx_hal_timebase_tim.c ****   */
  76:Src/stm32f3xx_hal_timebase_tim.c ****   htim1.Init.Period = (1000000 / 1000) - 1;
  84              		.loc 1 76 0
  85 0044 40F2E732 		movw	r2, #999
  86 0048 C260     		str	r2, [r0, #12]
  77:Src/stm32f3xx_hal_timebase_tim.c ****   htim1.Init.Prescaler = uwPrescalerValue;
  87              		.loc 1 77 0
  88 004a 4360     		str	r3, [r0, #4]
  78:Src/stm32f3xx_hal_timebase_tim.c ****   htim1.Init.ClockDivision = 0;
  89              		.loc 1 78 0
  90 004c 0023     		movs	r3, #0
  91              	.LVL9:
  92 004e 0361     		str	r3, [r0, #16]
  79:Src/stm32f3xx_hal_timebase_tim.c ****   htim1.Init.CounterMode = TIM_COUNTERMODE_UP;
  93              		.loc 1 79 0
ARM GAS  D:\Programme\Cygwin\tmp\cc9a2enY.s 			page 4


  94 0050 8360     		str	r3, [r0, #8]
  80:Src/stm32f3xx_hal_timebase_tim.c ****   if(HAL_TIM_Base_Init(&htim1) == HAL_OK)
  95              		.loc 1 80 0
  96 0052 FFF7FEFF 		bl	HAL_TIM_Base_Init
  97              	.LVL10:
  98 0056 18B9     		cbnz	r0, .L3
  81:Src/stm32f3xx_hal_timebase_tim.c ****   {
  82:Src/stm32f3xx_hal_timebase_tim.c ****     /* Start the TIM time Base generation in interrupt mode */
  83:Src/stm32f3xx_hal_timebase_tim.c ****     return HAL_TIM_Base_Start_IT(&htim1);
  99              		.loc 1 83 0
 100 0058 0548     		ldr	r0, .L5+8
 101 005a FFF7FEFF 		bl	HAL_TIM_Base_Start_IT
 102              	.LVL11:
 103 005e 00E0     		b	.L2
 104              	.L3:
  84:Src/stm32f3xx_hal_timebase_tim.c ****   }
  85:Src/stm32f3xx_hal_timebase_tim.c ****   
  86:Src/stm32f3xx_hal_timebase_tim.c ****   /* Return function status */
  87:Src/stm32f3xx_hal_timebase_tim.c ****   return HAL_ERROR;
 105              		.loc 1 87 0
 106 0060 0120     		movs	r0, #1
 107              	.L2:
  88:Src/stm32f3xx_hal_timebase_tim.c **** }
 108              		.loc 1 88 0
 109 0062 09B0     		add	sp, sp, #36
 110              	.LCFI2:
 111              		.cfi_def_cfa_offset 4
 112              		@ sp needed
 113 0064 5DF804FB 		ldr	pc, [sp], #4
 114              	.L6:
 115              		.align	2
 116              	.L5:
 117 0068 00100240 		.word	1073876992
 118 006c 83DE1B43 		.word	1125899907
 119 0070 00000000 		.word	htim1
 120 0074 002C0140 		.word	1073818624
 121              		.cfi_endproc
 122              	.LFE123:
 124              		.section	.text.HAL_SuspendTick,"ax",%progbits
 125              		.align	2
 126              		.global	HAL_SuspendTick
 127              		.thumb
 128              		.thumb_func
 130              	HAL_SuspendTick:
 131              	.LFB124:
  89:Src/stm32f3xx_hal_timebase_tim.c **** 
  90:Src/stm32f3xx_hal_timebase_tim.c **** /**
  91:Src/stm32f3xx_hal_timebase_tim.c ****   * @brief  Suspend Tick increment.
  92:Src/stm32f3xx_hal_timebase_tim.c ****   * @note   Disable the tick increment by disabling TIM1 update interrupt.
  93:Src/stm32f3xx_hal_timebase_tim.c ****   * @param  None
  94:Src/stm32f3xx_hal_timebase_tim.c ****   * @retval None
  95:Src/stm32f3xx_hal_timebase_tim.c ****   */
  96:Src/stm32f3xx_hal_timebase_tim.c **** void HAL_SuspendTick(void)
  97:Src/stm32f3xx_hal_timebase_tim.c **** {
 132              		.loc 1 97 0
 133              		.cfi_startproc
 134              		@ args = 0, pretend = 0, frame = 0
ARM GAS  D:\Programme\Cygwin\tmp\cc9a2enY.s 			page 5


 135              		@ frame_needed = 0, uses_anonymous_args = 0
 136              		@ link register save eliminated.
  98:Src/stm32f3xx_hal_timebase_tim.c ****   /* Disable TIM1 update Interrupt */
  99:Src/stm32f3xx_hal_timebase_tim.c ****   __HAL_TIM_DISABLE_IT(&htim1, TIM_IT_UPDATE);                                                  
 137              		.loc 1 99 0
 138 0000 034B     		ldr	r3, .L8
 139 0002 1A68     		ldr	r2, [r3]
 140 0004 D368     		ldr	r3, [r2, #12]
 141 0006 23F00103 		bic	r3, r3, #1
 142 000a D360     		str	r3, [r2, #12]
 143 000c 7047     		bx	lr
 144              	.L9:
 145 000e 00BF     		.align	2
 146              	.L8:
 147 0010 00000000 		.word	htim1
 148              		.cfi_endproc
 149              	.LFE124:
 151              		.section	.text.HAL_ResumeTick,"ax",%progbits
 152              		.align	2
 153              		.global	HAL_ResumeTick
 154              		.thumb
 155              		.thumb_func
 157              	HAL_ResumeTick:
 158              	.LFB125:
 100:Src/stm32f3xx_hal_timebase_tim.c **** }
 101:Src/stm32f3xx_hal_timebase_tim.c **** 
 102:Src/stm32f3xx_hal_timebase_tim.c **** /**
 103:Src/stm32f3xx_hal_timebase_tim.c ****   * @brief  Resume Tick increment.
 104:Src/stm32f3xx_hal_timebase_tim.c ****   * @note   Enable the tick increment by Enabling TIM1 update interrupt.
 105:Src/stm32f3xx_hal_timebase_tim.c ****   * @param  None
 106:Src/stm32f3xx_hal_timebase_tim.c ****   * @retval None
 107:Src/stm32f3xx_hal_timebase_tim.c ****   */
 108:Src/stm32f3xx_hal_timebase_tim.c **** void HAL_ResumeTick(void)
 109:Src/stm32f3xx_hal_timebase_tim.c **** {
 159              		.loc 1 109 0
 160              		.cfi_startproc
 161              		@ args = 0, pretend = 0, frame = 0
 162              		@ frame_needed = 0, uses_anonymous_args = 0
 163              		@ link register save eliminated.
 110:Src/stm32f3xx_hal_timebase_tim.c ****   /* Enable TIM1 Update interrupt */
 111:Src/stm32f3xx_hal_timebase_tim.c ****   __HAL_TIM_ENABLE_IT(&htim1, TIM_IT_UPDATE);
 164              		.loc 1 111 0
 165 0000 034B     		ldr	r3, .L11
 166 0002 1A68     		ldr	r2, [r3]
 167 0004 D368     		ldr	r3, [r2, #12]
 168 0006 43F00103 		orr	r3, r3, #1
 169 000a D360     		str	r3, [r2, #12]
 170 000c 7047     		bx	lr
 171              	.L12:
 172 000e 00BF     		.align	2
 173              	.L11:
 174 0010 00000000 		.word	htim1
 175              		.cfi_endproc
 176              	.LFE125:
 178              		.comm	htim1,64,4
 179              		.text
 180              	.Letext0:
ARM GAS  D:\Programme\Cygwin\tmp\cc9a2enY.s 			page 6


 181              		.file 2 "d:\\tool_chain\\gcc-arm-none-eabi\\5.4 2016q3\\arm-none-eabi\\include\\machine\\_default_
 182              		.file 3 "d:\\tool_chain\\gcc-arm-none-eabi\\5.4 2016q3\\arm-none-eabi\\include\\sys\\_stdint.h"
 183              		.file 4 "Drivers/CMSIS/Device/ST/STM32F3xx/Include/stm32f302x8.h"
 184              		.file 5 "Drivers/STM32F3xx_HAL_Driver/Inc/stm32f3xx_hal_def.h"
 185              		.file 6 "Drivers/STM32F3xx_HAL_Driver/Inc/stm32f3xx_hal_rcc.h"
 186              		.file 7 "Drivers/STM32F3xx_HAL_Driver/Inc/stm32f3xx_hal_dma.h"
 187              		.file 8 "Drivers/STM32F3xx_HAL_Driver/Inc/stm32f3xx_hal_tim.h"
 188              		.file 9 "Drivers/CMSIS/Include/core_cm4.h"
 189              		.file 10 "Drivers/STM32F3xx_HAL_Driver/Inc/stm32f3xx_hal_cortex.h"
ARM GAS  D:\Programme\Cygwin\tmp\cc9a2enY.s 			page 7


DEFINED SYMBOLS
                            *ABS*:00000000 stm32f3xx_hal_timebase_tim.c
D:\Programme\Cygwin\tmp\cc9a2enY.s:22     .text.HAL_InitTick:00000000 $t
D:\Programme\Cygwin\tmp\cc9a2enY.s:27     .text.HAL_InitTick:00000000 HAL_InitTick
D:\Programme\Cygwin\tmp\cc9a2enY.s:117    .text.HAL_InitTick:00000068 $d
                            *COM*:00000040 htim1
D:\Programme\Cygwin\tmp\cc9a2enY.s:125    .text.HAL_SuspendTick:00000000 $t
D:\Programme\Cygwin\tmp\cc9a2enY.s:130    .text.HAL_SuspendTick:00000000 HAL_SuspendTick
D:\Programme\Cygwin\tmp\cc9a2enY.s:147    .text.HAL_SuspendTick:00000010 $d
D:\Programme\Cygwin\tmp\cc9a2enY.s:152    .text.HAL_ResumeTick:00000000 $t
D:\Programme\Cygwin\tmp\cc9a2enY.s:157    .text.HAL_ResumeTick:00000000 HAL_ResumeTick
D:\Programme\Cygwin\tmp\cc9a2enY.s:174    .text.HAL_ResumeTick:00000010 $d
                     .debug_frame:00000010 $d

UNDEFINED SYMBOLS
HAL_NVIC_SetPriority
HAL_NVIC_EnableIRQ
HAL_RCC_GetClockConfig
HAL_RCC_GetPCLK2Freq
HAL_TIM_Base_Init
HAL_TIM_Base_Start_IT
