2019/11/10 21:39:36 Starting cygwin install, version 2.897
2019/11/10 21:39:36 User has backup/restore rights
2019/11/10 21:39:36 io_stream_cygfile: fopen(/etc/setup/setup.rc) failed 2 No such file or directory
2019/11/10 21:39:36 Current Directory: D:\Eigenes\Downloads
2019/11/10 21:39:36 Could not open service McShield for query, start and stop. McAfee may not be installed, or we don't have access.
2019/11/10 21:39:44 source: network install
2019/11/10 21:40:04 root: D:\Programme\Cygwin\ system
2019/11/10 21:41:16 Selected local directory: D:\workspace\Cygwin_Packages
2019/11/10 21:41:33 net: Direct
2019/11/10 21:43:51 site: http://cygwin.mirror.constant.com/
2019/11/10 21:43:51 HTTP status 404 fetching http://cygwin.mirror.constant.com/x86_64/setup.zst.sig
2019/11/10 21:43:52 HTTP status 404 fetching http://cygwin.mirror.constant.com/x86_64/setup.zst
2019/11/10 21:43:54 io_stream_cygfile: fopen(/etc/setup/timestamp) failed 2 No such file or directory
2019/11/10 21:43:54 io_stream_cygfile: fopen(/etc/setup/installed.db) failed 2 No such file or directory
2019/11/10 21:43:54 solving: 37 tasks, update: yes, use test packages: no
2019/11/10 21:48:41 solving: 75 tasks, update: no, use test packages: no
2019/11/10 21:48:41 Augmented Transaction List:
2019/11/10 21:48:41    0 install                                     base-cygwin               3.8-1
2019/11/10 21:48:41    1 install                                          cygwin             3.0.7-1
2019/11/10 21:48:41    2 install                                    libpipeline1             1.5.1-1
2019/11/10 21:48:41    3 install                                  libpopt-common              1.16-2
2019/11/10 21:48:41    4 install                                        terminfo      6.1-1.20190727
2019/11/10 21:48:41    5 install                                          tzdata             2019c-1
2019/11/10 21:48:41    6 install                                    cygwin-devel             3.0.7-1
2019/11/10 21:48:41    7 install                                  w32api-headers             5.0.4-1
2019/11/10 21:48:41    8 install                        windows-default-manifest               6.4-1
2019/11/10 21:48:41    9 install                                      libatomic1             7.4.0-1
2019/11/10 21:48:41   10 install                                        libltdl7             2.4.6-7
2019/11/10 21:48:41   11 install                                       libcrypt0               2.1-1
2019/11/10 21:48:41   12 install                                           zlib0            1.2.11-1
2019/11/10 21:48:41   13 install                                           which              2.20-2
2019/11/10 21:48:41   14 install                                             run             1.3.4-2
2019/11/10 21:48:41   15 install                                          mintty             3.0.6-1
2019/11/10 21:48:41   16 install                                           login              1.13-1
2019/11/10 21:48:41   17 install                                      libtasn1_6              4.14-1
2019/11/10 21:48:41   18 install                                     libsigsegv2              2.10-2
2019/11/10 21:48:41   19 install                                        libpcre1              8.43-1
2019/11/10 21:48:41   20 install                                        liblzma5             5.2.4-1
2019/11/10 21:48:41   21 install                                       libiconv2              1.14-3
2019/11/10 21:48:41   22 install                                        libgmp10             6.1.2-1
2019/11/10 21:48:41   23 install                                         libgcc1             7.4.0-1
2019/11/10 21:48:41   24 install                                         libffi6             3.2.1-2
2019/11/10 21:48:41   25 install                                        libbz2_1             1.0.8-1
2019/11/10 21:48:41   26 install                                         libargp          20110921-3
2019/11/10 21:48:41   27 install                                       ipc-utils               1.0-2
2019/11/10 21:48:41   28 install                                        hostname              3.13-1
2019/11/10 21:48:41   29 install                                      editrights              1.03-1
2019/11/10 21:48:41   30 install                                            dash           0.5.9.1-1
2019/11/10 21:48:41   31 install                                  terminfo-extra      6.1-1.20190727
2019/11/10 21:48:41   32 install                                  w32api-runtime             5.0.4-1
2019/11/10 21:48:41   33 install                                            file              5.32-1
2019/11/10 21:48:41   34 install                                        libintl8          0.19.8.1-2
2019/11/10 21:48:41   35 install                                        libisl15            0.16.1-1
2019/11/10 21:48:41   36 install                                    libquadmath0             7.4.0-1
2019/11/10 21:48:41   37 install                                        libgomp1             7.4.0-1
2019/11/10 21:48:41   38 install                                   libunistring2            0.9.10-1
2019/11/10 21:48:41   39 install                                          libgc1             8.0.4-1
2019/11/10 21:48:41   40 install                                      libstdc++6             7.4.0-1
2019/11/10 21:48:41   41 install                                        libmpfr6             4.0.2-1
2019/11/10 21:48:41   42 install                                          getent           2.18.90-4
2019/11/10 21:48:41   43 install                                     _autorebase            001007-1
2019/11/10 21:48:41   44 install                                   libncursesw10      6.1-1.20190727
2019/11/10 21:48:41   45 install                                        binutils              2.29-1
2019/11/10 21:48:41   46 install                                             sed               4.4-1
2019/11/10 21:48:41   47 install                                        libuuid1            2.33.1-1
2019/11/10 21:48:41   48 install                                   libsmartcols1            2.33.1-1
2019/11/10 21:48:41   49 install                                        libpopt0              1.16-2
2019/11/10 21:48:41   50 install                                     libp11-kit0           0.23.15-1
2019/11/10 21:48:41   51 install                                        libiconv              1.14-3
2019/11/10 21:48:41   52 install                                        libgdbm4              1.13-1
2019/11/10 21:48:41   53 install                                        libattr1            2.4.48-2
2019/11/10 21:48:41   54 install                                       diffutils               3.5-2
2019/11/10 21:48:41   55 install                                    alternatives          1.3.30c-10
2019/11/10 21:48:41   56 install                                         libmpc3             1.1.0-1
2019/11/10 21:48:41   57 install                                        libedit0          20130712-1
2019/11/10 21:48:41   58 install                                     vim-minimal          8.1.1772-1
2019/11/10 21:48:41   59 install                                         ncurses      6.1-1.20190727
2019/11/10 21:48:41   60 install                                    libreadline7             7.0.3-3
2019/11/10 21:48:41   61 install                                            less               530-1
2019/11/10 21:48:41   62 install                                            info               6.7-1
2019/11/10 21:48:41   63 install                                     libxapian30             1.4.5-1
2019/11/10 21:48:41   64 install                                       libblkid1            2.33.1-1
2019/11/10 21:48:41   65 install                                        cygutils            1.4.16-2
2019/11/10 21:48:41   66 install                                   p11-kit-trust           0.23.15-1
2019/11/10 21:48:41   67 install                                         p11-kit           0.23.15-1
2019/11/10 21:48:41   68 install                                        libllvm8             8.0.1-1
2019/11/10 21:48:41   69 install                                  libguile2.0_22            2.0.14-3
2019/11/10 21:48:41   70 install                                            gawk             5.0.1-1
2019/11/10 21:48:41   71 install                                       coreutils              8.26-2
2019/11/10 21:48:41   72 install                                       libfdisk1            2.33.1-1
2019/11/10 21:48:41   73 install                                       libpolly8             8.0.1-1
2019/11/10 21:48:41   74 install                                            make             4.2.1-2
2019/11/10 21:48:41   75 install                                            bash            4.4.12-3
2019/11/10 21:48:41   76 install                                      util-linux            2.33.1-1
2019/11/10 21:48:41   77 install                                       libclang8             8.0.1-1
2019/11/10 21:48:41   78 install                                          tzcode             2019c-1
2019/11/10 21:48:41   79 install                                         doxygen            1.8.16-1
2019/11/10 21:48:41   80 install                                        gcc-core             7.4.0-1
2019/11/10 21:48:41   81 install                                              xz             5.2.4-1
2019/11/10 21:48:41   82 install                                            gzip               1.8-1
2019/11/10 21:48:41   83 install                                           groff            1.22.4-1
2019/11/10 21:48:41   84 install                                            grep               3.0-2
2019/11/10 21:48:41   85 install                                       findutils             4.6.0-1
2019/11/10 21:48:41   86 install                                 crypto-policies          20190218-1
2019/11/10 21:48:41   87 install                                 ca-certificates              2.32-1
2019/11/10 21:48:41   88 install                                           bzip2             1.0.8-1
2019/11/10 21:48:41   89 install                                         gcc-g++             7.4.0-1
2019/11/10 21:48:41   90 install                                          man-db           2.7.6.1-1
2019/11/10 21:48:41   91 install                                          rebase             4.4.4-1
2019/11/10 21:48:41   92 install                                      base-files               4.3-2
2019/11/10 21:48:41   93 install                                       libssl1.1            1.1.1d-1
2019/11/10 21:48:41   94 install                                             tar              1.29-1
2019/11/10 21:48:41   95 install                                         openssl            1.1.1d-1
2019/11/10 21:48:46 Downloaded D:\workspace\Cygwin_Packages/http%3a%2f%2fcygwin.mirror.constant.com%2f/noarch/release/base-cygwin/base-cygwin-3.8-1.tar.xz
2019/11/10 21:48:47 Downloaded D:\workspace\Cygwin_Packages/http%3a%2f%2fcygwin.mirror.constant.com%2f/x86_64/release/cygwin/cygwin-3.0.7-1.tar.xz
2019/11/10 21:48:47 Downloaded D:\workspace\Cygwin_Packages/http%3a%2f%2fcygwin.mirror.constant.com%2f/x86_64/release/libpipeline/libpipeline1/libpipeline1-1.5.1-1.tar.xz
2019/11/10 21:48:47 Downloaded D:\workspace\Cygwin_Packages/http%3a%2f%2fcygwin.mirror.constant.com%2f/x86_64/release/popt/libpopt-common/libpopt-common-1.16-2.tar.xz
2019/11/10 21:48:48 Downloaded D:\workspace\Cygwin_Packages/http%3a%2f%2fcygwin.mirror.constant.com%2f/x86_64/release/ncurses/terminfo/terminfo-6.1-1.20190727.tar.xz
2019/11/10 21:48:48 Downloaded D:\workspace\Cygwin_Packages/http%3a%2f%2fcygwin.mirror.constant.com%2f/noarch/release/tzdata/tzdata-2019c-1.tar.xz
2019/11/10 21:48:48 Downloaded D:\workspace\Cygwin_Packages/http%3a%2f%2fcygwin.mirror.constant.com%2f/x86_64/release/cygwin/cygwin-devel/cygwin-devel-3.0.7-1.tar.xz
2019/11/10 21:48:49 Downloaded D:\workspace\Cygwin_Packages/http%3a%2f%2fcygwin.mirror.constant.com%2f/x86_64/release/w32api-headers/w32api-headers-5.0.4-1.tar.xz
2019/11/10 21:48:49 Downloaded D:\workspace\Cygwin_Packages/http%3a%2f%2fcygwin.mirror.constant.com%2f/x86_64/release/windows-default-manifest/windows-default-manifest-6.4-1.tar.xz
2019/11/10 21:48:49 Downloaded D:\workspace\Cygwin_Packages/http%3a%2f%2fcygwin.mirror.constant.com%2f/x86_64/release/gcc/libatomic1/libatomic1-7.4.0-1.tar.xz
2019/11/10 21:48:49 Downloaded D:\workspace\Cygwin_Packages/http%3a%2f%2fcygwin.mirror.constant.com%2f/x86_64/release/libtool/libltdl7/libltdl7-2.4.6-7.tar.xz
2019/11/10 21:48:49 Downloaded D:\workspace\Cygwin_Packages/http%3a%2f%2fcygwin.mirror.constant.com%2f/x86_64/release/crypt/libcrypt0/libcrypt0-2.1-1.tar.xz
2019/11/10 21:48:50 Downloaded D:\workspace\Cygwin_Packages/http%3a%2f%2fcygwin.mirror.constant.com%2f/x86_64/release/zlib/zlib0/zlib0-1.2.11-1.tar.xz
2019/11/10 21:48:50 Downloaded D:\workspace\Cygwin_Packages/http%3a%2f%2fcygwin.mirror.constant.com%2f/x86_64/release/which/which-2.20-2.tar.bz2
2019/11/10 21:48:50 Downloaded D:\workspace\Cygwin_Packages/http%3a%2f%2fcygwin.mirror.constant.com%2f/x86_64/release/run/run-1.3.4-2.tar.xz
2019/11/10 21:48:50 Downloaded D:\workspace\Cygwin_Packages/http%3a%2f%2fcygwin.mirror.constant.com%2f/x86_64/release/mintty/mintty-3.0.6-1.tar.xz
2019/11/10 21:48:50 Downloaded D:\workspace\Cygwin_Packages/http%3a%2f%2fcygwin.mirror.constant.com%2f/x86_64/release/login/login-1.13-1.tar.xz
2019/11/10 21:48:50 Downloaded D:\workspace\Cygwin_Packages/http%3a%2f%2fcygwin.mirror.constant.com%2f/x86_64/release/libtasn1/libtasn1_6/libtasn1_6-4.14-1.tar.xz
2019/11/10 21:48:50 Downloaded D:\workspace\Cygwin_Packages/http%3a%2f%2fcygwin.mirror.constant.com%2f/x86_64/release/libsigsegv/libsigsegv2/libsigsegv2-2.10-2.tar.xz
2019/11/10 21:48:51 Downloaded D:\workspace\Cygwin_Packages/http%3a%2f%2fcygwin.mirror.constant.com%2f/x86_64/release/pcre/libpcre1/libpcre1-8.43-1.tar.xz
2019/11/10 21:48:51 Downloaded D:\workspace\Cygwin_Packages/http%3a%2f%2fcygwin.mirror.constant.com%2f/x86_64/release/xz/liblzma5/liblzma5-5.2.4-1.tar.xz
2019/11/10 21:48:51 Downloaded D:\workspace\Cygwin_Packages/http%3a%2f%2fcygwin.mirror.constant.com%2f/x86_64/release/libiconv/libiconv2/libiconv2-1.14-3.tar.xz
2019/11/10 21:48:51 Downloaded D:\workspace\Cygwin_Packages/http%3a%2f%2fcygwin.mirror.constant.com%2f/x86_64/release/gmp/libgmp10/libgmp10-6.1.2-1.tar.xz
2019/11/10 21:48:51 Downloaded D:\workspace\Cygwin_Packages/http%3a%2f%2fcygwin.mirror.constant.com%2f/x86_64/release/gcc/libgcc1/libgcc1-7.4.0-1.tar.xz
2019/11/10 21:48:51 Downloaded D:\workspace\Cygwin_Packages/http%3a%2f%2fcygwin.mirror.constant.com%2f/x86_64/release/libffi/libffi6/libffi6-3.2.1-2.tar.xz
2019/11/10 21:48:51 Downloaded D:\workspace\Cygwin_Packages/http%3a%2f%2fcygwin.mirror.constant.com%2f/x86_64/release/bzip2/libbz2_1/libbz2_1-1.0.8-1.tar.xz
2019/11/10 21:48:52 Downloaded D:\workspace\Cygwin_Packages/http%3a%2f%2fcygwin.mirror.constant.com%2f/x86_64/release/libargp/libargp-20110921-3.tar.xz
2019/11/10 21:48:52 Downloaded D:\workspace\Cygwin_Packages/http%3a%2f%2fcygwin.mirror.constant.com%2f/x86_64/release/ipc-utils/ipc-utils-1.0-2.tar.bz2
2019/11/10 21:48:52 Downloaded D:\workspace\Cygwin_Packages/http%3a%2f%2fcygwin.mirror.constant.com%2f/x86_64/release/hostname/hostname-3.13-1.tar.bz2
2019/11/10 21:48:52 Downloaded D:\workspace\Cygwin_Packages/http%3a%2f%2fcygwin.mirror.constant.com%2f/x86_64/release/editrights/editrights-1.03-1.tar.xz
2019/11/10 21:48:52 Downloaded D:\workspace\Cygwin_Packages/http%3a%2f%2fcygwin.mirror.constant.com%2f/x86_64/release/dash/dash-0.5.9.1-1.tar.xz
2019/11/10 21:48:52 Downloaded D:\workspace\Cygwin_Packages/http%3a%2f%2fcygwin.mirror.constant.com%2f/x86_64/release/ncurses/terminfo-extra/terminfo-extra-6.1-1.20190727.tar.xz
2019/11/10 21:48:53 Downloaded D:\workspace\Cygwin_Packages/http%3a%2f%2fcygwin.mirror.constant.com%2f/x86_64/release/w32api-runtime/w32api-runtime-5.0.4-1.tar.xz
2019/11/10 21:48:53 Downloaded D:\workspace\Cygwin_Packages/http%3a%2f%2fcygwin.mirror.constant.com%2f/x86_64/release/file/file-5.32-1.tar.xz
2019/11/10 21:48:53 Downloaded D:\workspace\Cygwin_Packages/http%3a%2f%2fcygwin.mirror.constant.com%2f/x86_64/release/gettext/libintl8/libintl8-0.19.8.1-2.tar.xz
2019/11/10 21:48:53 Downloaded D:\workspace\Cygwin_Packages/http%3a%2f%2fcygwin.mirror.constant.com%2f/x86_64/release/isl/libisl15/libisl15-0.16.1-1.tar.xz
2019/11/10 21:48:53 Downloaded D:\workspace\Cygwin_Packages/http%3a%2f%2fcygwin.mirror.constant.com%2f/x86_64/release/gcc/libquadmath0/libquadmath0-7.4.0-1.tar.xz
2019/11/10 21:48:54 Downloaded D:\workspace\Cygwin_Packages/http%3a%2f%2fcygwin.mirror.constant.com%2f/x86_64/release/gcc/libgomp1/libgomp1-7.4.0-1.tar.xz
2019/11/10 21:48:54 Downloaded D:\workspace\Cygwin_Packages/http%3a%2f%2fcygwin.mirror.constant.com%2f/x86_64/release/libunistring/libunistring2/libunistring2-0.9.10-1.tar.xz
2019/11/10 21:48:54 Downloaded D:\workspace\Cygwin_Packages/http%3a%2f%2fcygwin.mirror.constant.com%2f/x86_64/release/libgc/libgc1/libgc1-8.0.4-1.tar.xz
2019/11/10 21:48:54 Downloaded D:\workspace\Cygwin_Packages/http%3a%2f%2fcygwin.mirror.constant.com%2f/x86_64/release/gcc/libstdc++6/libstdc++6-7.4.0-1.tar.xz
2019/11/10 21:48:54 Downloaded D:\workspace\Cygwin_Packages/http%3a%2f%2fcygwin.mirror.constant.com%2f/x86_64/release/mpfr/libmpfr6/libmpfr6-4.0.2-1.tar.xz
2019/11/10 21:48:54 Downloaded D:\workspace\Cygwin_Packages/http%3a%2f%2fcygwin.mirror.constant.com%2f/x86_64/release/getent/getent-2.18.90-4.tar.xz
2019/11/10 21:48:54 Downloaded D:\workspace\Cygwin_Packages/http%3a%2f%2fcygwin.mirror.constant.com%2f/noarch/release/_autorebase/_autorebase-001007-1.tar.xz
2019/11/10 21:48:55 Downloaded D:\workspace\Cygwin_Packages/http%3a%2f%2fcygwin.mirror.constant.com%2f/x86_64/release/ncurses/libncursesw10/libncursesw10-6.1-1.20190727.tar.xz
2019/11/10 21:48:56 Downloaded D:\workspace\Cygwin_Packages/http%3a%2f%2fcygwin.mirror.constant.com%2f/x86_64/release/binutils/binutils-2.29-1.tar.xz
2019/11/10 21:48:56 Downloaded D:\workspace\Cygwin_Packages/http%3a%2f%2fcygwin.mirror.constant.com%2f/x86_64/release/sed/sed-4.4-1.tar.xz
2019/11/10 21:48:56 Downloaded D:\workspace\Cygwin_Packages/http%3a%2f%2fcygwin.mirror.constant.com%2f/x86_64/release/util-linux/libuuid1/libuuid1-2.33.1-1.tar.xz
2019/11/10 21:48:57 Downloaded D:\workspace\Cygwin_Packages/http%3a%2f%2fcygwin.mirror.constant.com%2f/x86_64/release/util-linux/libsmartcols1/libsmartcols1-2.33.1-1.tar.xz
2019/11/10 21:48:57 Downloaded D:\workspace\Cygwin_Packages/http%3a%2f%2fcygwin.mirror.constant.com%2f/x86_64/release/popt/libpopt0/libpopt0-1.16-2.tar.xz
2019/11/10 21:48:57 Downloaded D:\workspace\Cygwin_Packages/http%3a%2f%2fcygwin.mirror.constant.com%2f/x86_64/release/p11-kit/libp11-kit0/libp11-kit0-0.23.15-1.tar.xz
2019/11/10 21:48:57 Downloaded D:\workspace\Cygwin_Packages/http%3a%2f%2fcygwin.mirror.constant.com%2f/x86_64/release/libiconv/libiconv-1.14-3.tar.xz
2019/11/10 21:48:57 Downloaded D:\workspace\Cygwin_Packages/http%3a%2f%2fcygwin.mirror.constant.com%2f/x86_64/release/gdbm/libgdbm4/libgdbm4-1.13-1.tar.xz
2019/11/10 21:48:57 Downloaded D:\workspace\Cygwin_Packages/http%3a%2f%2fcygwin.mirror.constant.com%2f/x86_64/release/attr/libattr1/libattr1-2.4.48-2.tar.xz
2019/11/10 21:48:57 Downloaded D:\workspace\Cygwin_Packages/http%3a%2f%2fcygwin.mirror.constant.com%2f/x86_64/release/diffutils/diffutils-3.5-2.tar.xz
2019/11/10 21:48:57 Downloaded D:\workspace\Cygwin_Packages/http%3a%2f%2fcygwin.mirror.constant.com%2f/x86_64/release/alternatives/alternatives-1.3.30c-10.tar.bz2
2019/11/10 21:48:58 Downloaded D:\workspace\Cygwin_Packages/http%3a%2f%2fcygwin.mirror.constant.com%2f/x86_64/release/mpclib/libmpc3/libmpc3-1.1.0-1.tar.xz
2019/11/10 21:48:58 Downloaded D:\workspace\Cygwin_Packages/http%3a%2f%2fcygwin.mirror.constant.com%2f/x86_64/release/libedit/libedit0/libedit0-20130712-1.tar.xz
2019/11/10 21:48:58 Downloaded D:\workspace\Cygwin_Packages/http%3a%2f%2fcygwin.mirror.constant.com%2f/x86_64/release/vim/vim-minimal/vim-minimal-8.1.1772-1.tar.xz
2019/11/10 21:48:58 Downloaded D:\workspace\Cygwin_Packages/http%3a%2f%2fcygwin.mirror.constant.com%2f/x86_64/release/ncurses/ncurses-6.1-1.20190727.tar.xz
2019/11/10 21:48:58 Downloaded D:\workspace\Cygwin_Packages/http%3a%2f%2fcygwin.mirror.constant.com%2f/x86_64/release/readline/libreadline7/libreadline7-7.0.3-3.tar.xz
2019/11/10 21:48:58 Downloaded D:\workspace\Cygwin_Packages/http%3a%2f%2fcygwin.mirror.constant.com%2f/x86_64/release/less/less-530-1.tar.xz
2019/11/10 21:48:59 Downloaded D:\workspace\Cygwin_Packages/http%3a%2f%2fcygwin.mirror.constant.com%2f/x86_64/release/texinfo/info/info-6.7-1.tar.xz
2019/11/10 21:48:59 Downloaded D:\workspace\Cygwin_Packages/http%3a%2f%2fcygwin.mirror.constant.com%2f/x86_64/release/xapian-core/libxapian30/libxapian30-1.4.5-1.tar.xz
2019/11/10 21:48:59 Downloaded D:\workspace\Cygwin_Packages/http%3a%2f%2fcygwin.mirror.constant.com%2f/x86_64/release/util-linux/libblkid1/libblkid1-2.33.1-1.tar.xz
2019/11/10 21:48:59 Downloaded D:\workspace\Cygwin_Packages/http%3a%2f%2fcygwin.mirror.constant.com%2f/x86_64/release/cygutils/cygutils-1.4.16-2.tar.xz
2019/11/10 21:48:59 Downloaded D:\workspace\Cygwin_Packages/http%3a%2f%2fcygwin.mirror.constant.com%2f/x86_64/release/p11-kit/p11-kit-trust/p11-kit-trust-0.23.15-1.tar.xz
2019/11/10 21:48:59 Downloaded D:\workspace\Cygwin_Packages/http%3a%2f%2fcygwin.mirror.constant.com%2f/x86_64/release/p11-kit/p11-kit-0.23.15-1.tar.xz
2019/11/10 21:49:04 Downloaded D:\workspace\Cygwin_Packages/http%3a%2f%2fcygwin.mirror.constant.com%2f/x86_64/release/llvm/libllvm8/libllvm8-8.0.1-1.tar.xz
2019/11/10 21:49:05 Downloaded D:\workspace\Cygwin_Packages/http%3a%2f%2fcygwin.mirror.constant.com%2f/x86_64/release/guile2.0/libguile2.0_22/libguile2.0_22-2.0.14-3.tar.xz
2019/11/10 21:49:05 Downloaded D:\workspace\Cygwin_Packages/http%3a%2f%2fcygwin.mirror.constant.com%2f/x86_64/release/gawk/gawk-5.0.1-1.tar.xz
2019/11/10 21:49:06 Downloaded D:\workspace\Cygwin_Packages/http%3a%2f%2fcygwin.mirror.constant.com%2f/x86_64/release/coreutils/coreutils-8.26-2.tar.xz
2019/11/10 21:49:06 Downloaded D:\workspace\Cygwin_Packages/http%3a%2f%2fcygwin.mirror.constant.com%2f/x86_64/release/util-linux/libfdisk1/libfdisk1-2.33.1-1.tar.xz
2019/11/10 21:49:07 Downloaded D:\workspace\Cygwin_Packages/http%3a%2f%2fcygwin.mirror.constant.com%2f/x86_64/release/llvm/libpolly8/libpolly8-8.0.1-1.tar.xz
2019/11/10 21:49:07 Downloaded D:\workspace\Cygwin_Packages/http%3a%2f%2fcygwin.mirror.constant.com%2f/x86_64/release/make/make-4.2.1-2.tar.xz
2019/11/10 21:49:07 Downloaded D:\workspace\Cygwin_Packages/http%3a%2f%2fcygwin.mirror.constant.com%2f/x86_64/release/bash/bash-4.4.12-3.tar.xz
2019/11/10 21:49:08 Downloaded D:\workspace\Cygwin_Packages/http%3a%2f%2fcygwin.mirror.constant.com%2f/x86_64/release/util-linux/util-linux-2.33.1-1.tar.xz
2019/11/10 21:49:11 Downloaded D:\workspace\Cygwin_Packages/http%3a%2f%2fcygwin.mirror.constant.com%2f/x86_64/release/clang/libclang8/libclang8-8.0.1-1.tar.xz
2019/11/10 21:49:11 Downloaded D:\workspace\Cygwin_Packages/http%3a%2f%2fcygwin.mirror.constant.com%2f/x86_64/release/tzcode/tzcode-2019c-1.tar.xz
2019/11/10 21:49:13 Downloaded D:\workspace\Cygwin_Packages/http%3a%2f%2fcygwin.mirror.constant.com%2f/x86_64/release/doxygen/doxygen-1.8.16-1.tar.xz
2019/11/10 21:49:17 Downloaded D:\workspace\Cygwin_Packages/http%3a%2f%2fcygwin.mirror.constant.com%2f/x86_64/release/gcc/gcc-core/gcc-core-7.4.0-1.tar.xz
2019/11/10 21:49:17 Downloaded D:\workspace\Cygwin_Packages/http%3a%2f%2fcygwin.mirror.constant.com%2f/x86_64/release/xz/xz-5.2.4-1.tar.xz
2019/11/10 21:49:17 Downloaded D:\workspace\Cygwin_Packages/http%3a%2f%2fcygwin.mirror.constant.com%2f/x86_64/release/gzip/gzip-1.8-1.tar.xz
2019/11/10 21:49:18 Downloaded D:\workspace\Cygwin_Packages/http%3a%2f%2fcygwin.mirror.constant.com%2f/x86_64/release/groff/groff-1.22.4-1.tar.xz
2019/11/10 21:49:18 Downloaded D:\workspace\Cygwin_Packages/http%3a%2f%2fcygwin.mirror.constant.com%2f/x86_64/release/grep/grep-3.0-2.tar.xz
2019/11/10 21:49:18 Downloaded D:\workspace\Cygwin_Packages/http%3a%2f%2fcygwin.mirror.constant.com%2f/x86_64/release/findutils/findutils-4.6.0-1.tar.xz
2019/11/10 21:49:19 Downloaded D:\workspace\Cygwin_Packages/http%3a%2f%2fcygwin.mirror.constant.com%2f/noarch/release/crypto-policies/crypto-policies-20190218-1.tar.xz
2019/11/10 21:49:19 Downloaded D:\workspace\Cygwin_Packages/http%3a%2f%2fcygwin.mirror.constant.com%2f/noarch/release/ca-certificates/ca-certificates-2.32-1.tar.xz
2019/11/10 21:49:19 Downloaded D:\workspace\Cygwin_Packages/http%3a%2f%2fcygwin.mirror.constant.com%2f/x86_64/release/bzip2/bzip2-1.0.8-1.tar.xz
2019/11/10 21:49:22 Downloaded D:\workspace\Cygwin_Packages/http%3a%2f%2fcygwin.mirror.constant.com%2f/x86_64/release/gcc/gcc-g++/gcc-g++-7.4.0-1.tar.xz
2019/11/10 21:49:22 Downloaded D:\workspace\Cygwin_Packages/http%3a%2f%2fcygwin.mirror.constant.com%2f/x86_64/release/man-db/man-db-2.7.6.1-1.tar.xz
2019/11/10 21:49:22 Downloaded D:\workspace\Cygwin_Packages/http%3a%2f%2fcygwin.mirror.constant.com%2f/x86_64/release/rebase/rebase-4.4.4-1.tar.xz
2019/11/10 21:49:22 Downloaded D:\workspace\Cygwin_Packages/http%3a%2f%2fcygwin.mirror.constant.com%2f/noarch/release/base-files/base-files-4.3-2.tar.xz
2019/11/10 21:49:23 Downloaded D:\workspace\Cygwin_Packages/http%3a%2f%2fcygwin.mirror.constant.com%2f/x86_64/release/openssl/libssl1.1/libssl1.1-1.1.1d-1.tar.xz
2019/11/10 21:49:23 Downloaded D:\workspace\Cygwin_Packages/http%3a%2f%2fcygwin.mirror.constant.com%2f/x86_64/release/tar/tar-1.29-1.tar.xz
2019/11/10 21:49:23 Downloaded D:\workspace\Cygwin_Packages/http%3a%2f%2fcygwin.mirror.constant.com%2f/x86_64/release/openssl/openssl-1.1.1d-1.tar.xz
2019/11/10 21:49:23 Extracting from file://D:\workspace\Cygwin_Packages/http%3a%2f%2fcygwin.mirror.constant.com%2f/noarch/release/base-cygwin/base-cygwin-3.8-1.tar.xz
2019/11/10 21:49:23 Extracting from file://D:\workspace\Cygwin_Packages/http%3a%2f%2fcygwin.mirror.constant.com%2f/x86_64/release/cygwin/cygwin-3.0.7-1.tar.xz
2019/11/10 21:49:25 Extracting from file://D:\workspace\Cygwin_Packages/http%3a%2f%2fcygwin.mirror.constant.com%2f/x86_64/release/libpipeline/libpipeline1/libpipeline1-1.5.1-1.tar.xz
2019/11/10 21:49:25 Extracting from file://D:\workspace\Cygwin_Packages/http%3a%2f%2fcygwin.mirror.constant.com%2f/x86_64/release/popt/libpopt-common/libpopt-common-1.16-2.tar.xz
2019/11/10 21:49:25 Extracting from file://D:\workspace\Cygwin_Packages/http%3a%2f%2fcygwin.mirror.constant.com%2f/x86_64/release/ncurses/terminfo/terminfo-6.1-1.20190727.tar.xz
2019/11/10 21:49:25 Extracting from file://D:\workspace\Cygwin_Packages/http%3a%2f%2fcygwin.mirror.constant.com%2f/noarch/release/tzdata/tzdata-2019c-1.tar.xz
2019/11/10 21:49:31 Extracting from file://D:\workspace\Cygwin_Packages/http%3a%2f%2fcygwin.mirror.constant.com%2f/x86_64/release/cygwin/cygwin-devel/cygwin-devel-3.0.7-1.tar.xz
2019/11/10 21:49:31 Extracting from file://D:\workspace\Cygwin_Packages/http%3a%2f%2fcygwin.mirror.constant.com%2f/x86_64/release/w32api-headers/w32api-headers-5.0.4-1.tar.xz
2019/11/10 21:49:34 Extracting from file://D:\workspace\Cygwin_Packages/http%3a%2f%2fcygwin.mirror.constant.com%2f/x86_64/release/windows-default-manifest/windows-default-manifest-6.4-1.tar.xz
2019/11/10 21:49:34 Extracting from file://D:\workspace\Cygwin_Packages/http%3a%2f%2fcygwin.mirror.constant.com%2f/x86_64/release/gcc/libatomic1/libatomic1-7.4.0-1.tar.xz
2019/11/10 21:49:34 Extracting from file://D:\workspace\Cygwin_Packages/http%3a%2f%2fcygwin.mirror.constant.com%2f/x86_64/release/libtool/libltdl7/libltdl7-2.4.6-7.tar.xz
2019/11/10 21:49:34 Extracting from file://D:\workspace\Cygwin_Packages/http%3a%2f%2fcygwin.mirror.constant.com%2f/x86_64/release/crypt/libcrypt0/libcrypt0-2.1-1.tar.xz
2019/11/10 21:49:34 Extracting from file://D:\workspace\Cygwin_Packages/http%3a%2f%2fcygwin.mirror.constant.com%2f/x86_64/release/zlib/zlib0/zlib0-1.2.11-1.tar.xz
2019/11/10 21:49:34 Extracting from file://D:\workspace\Cygwin_Packages/http%3a%2f%2fcygwin.mirror.constant.com%2f/x86_64/release/which/which-2.20-2.tar.bz2
2019/11/10 21:49:34 Extracting from file://D:\workspace\Cygwin_Packages/http%3a%2f%2fcygwin.mirror.constant.com%2f/x86_64/release/run/run-1.3.4-2.tar.xz
2019/11/10 21:49:34 Extracting from file://D:\workspace\Cygwin_Packages/http%3a%2f%2fcygwin.mirror.constant.com%2f/x86_64/release/mintty/mintty-3.0.6-1.tar.xz
2019/11/10 21:49:34 Extracting from file://D:\workspace\Cygwin_Packages/http%3a%2f%2fcygwin.mirror.constant.com%2f/x86_64/release/login/login-1.13-1.tar.xz
2019/11/10 21:49:34 Extracting from file://D:\workspace\Cygwin_Packages/http%3a%2f%2fcygwin.mirror.constant.com%2f/x86_64/release/libtasn1/libtasn1_6/libtasn1_6-4.14-1.tar.xz
2019/11/10 21:49:34 Extracting from file://D:\workspace\Cygwin_Packages/http%3a%2f%2fcygwin.mirror.constant.com%2f/x86_64/release/libsigsegv/libsigsegv2/libsigsegv2-2.10-2.tar.xz
2019/11/10 21:49:34 Extracting from file://D:\workspace\Cygwin_Packages/http%3a%2f%2fcygwin.mirror.constant.com%2f/x86_64/release/pcre/libpcre1/libpcre1-8.43-1.tar.xz
2019/11/10 21:49:34 Extracting from file://D:\workspace\Cygwin_Packages/http%3a%2f%2fcygwin.mirror.constant.com%2f/x86_64/release/xz/liblzma5/liblzma5-5.2.4-1.tar.xz
2019/11/10 21:49:34 Extracting from file://D:\workspace\Cygwin_Packages/http%3a%2f%2fcygwin.mirror.constant.com%2f/x86_64/release/libiconv/libiconv2/libiconv2-1.14-3.tar.xz
2019/11/10 21:49:34 Extracting from file://D:\workspace\Cygwin_Packages/http%3a%2f%2fcygwin.mirror.constant.com%2f/x86_64/release/gmp/libgmp10/libgmp10-6.1.2-1.tar.xz
2019/11/10 21:49:34 Extracting from file://D:\workspace\Cygwin_Packages/http%3a%2f%2fcygwin.mirror.constant.com%2f/x86_64/release/gcc/libgcc1/libgcc1-7.4.0-1.tar.xz
2019/11/10 21:49:34 Extracting from file://D:\workspace\Cygwin_Packages/http%3a%2f%2fcygwin.mirror.constant.com%2f/x86_64/release/libffi/libffi6/libffi6-3.2.1-2.tar.xz
2019/11/10 21:49:34 Extracting from file://D:\workspace\Cygwin_Packages/http%3a%2f%2fcygwin.mirror.constant.com%2f/x86_64/release/bzip2/libbz2_1/libbz2_1-1.0.8-1.tar.xz
2019/11/10 21:49:34 Extracting from file://D:\workspace\Cygwin_Packages/http%3a%2f%2fcygwin.mirror.constant.com%2f/x86_64/release/libargp/libargp-20110921-3.tar.xz
2019/11/10 21:49:35 Extracting from file://D:\workspace\Cygwin_Packages/http%3a%2f%2fcygwin.mirror.constant.com%2f/x86_64/release/ipc-utils/ipc-utils-1.0-2.tar.bz2
2019/11/10 21:49:35 Extracting from file://D:\workspace\Cygwin_Packages/http%3a%2f%2fcygwin.mirror.constant.com%2f/x86_64/release/hostname/hostname-3.13-1.tar.bz2
2019/11/10 21:49:35 Extracting from file://D:\workspace\Cygwin_Packages/http%3a%2f%2fcygwin.mirror.constant.com%2f/x86_64/release/editrights/editrights-1.03-1.tar.xz
2019/11/10 21:49:35 Extracting from file://D:\workspace\Cygwin_Packages/http%3a%2f%2fcygwin.mirror.constant.com%2f/x86_64/release/dash/dash-0.5.9.1-1.tar.xz
2019/11/10 21:49:35 Extracting from file://D:\workspace\Cygwin_Packages/http%3a%2f%2fcygwin.mirror.constant.com%2f/x86_64/release/ncurses/terminfo-extra/terminfo-extra-6.1-1.20190727.tar.xz
2019/11/10 21:49:42 Extracting from file://D:\workspace\Cygwin_Packages/http%3a%2f%2fcygwin.mirror.constant.com%2f/x86_64/release/w32api-runtime/w32api-runtime-5.0.4-1.tar.xz
2019/11/10 21:49:45 Extracting from file://D:\workspace\Cygwin_Packages/http%3a%2f%2fcygwin.mirror.constant.com%2f/x86_64/release/file/file-5.32-1.tar.xz
2019/11/10 21:49:45 Extracting from file://D:\workspace\Cygwin_Packages/http%3a%2f%2fcygwin.mirror.constant.com%2f/x86_64/release/gettext/libintl8/libintl8-0.19.8.1-2.tar.xz
2019/11/10 21:49:45 Extracting from file://D:\workspace\Cygwin_Packages/http%3a%2f%2fcygwin.mirror.constant.com%2f/x86_64/release/isl/libisl15/libisl15-0.16.1-1.tar.xz
2019/11/10 21:49:45 Extracting from file://D:\workspace\Cygwin_Packages/http%3a%2f%2fcygwin.mirror.constant.com%2f/x86_64/release/gcc/libquadmath0/libquadmath0-7.4.0-1.tar.xz
2019/11/10 21:49:45 Extracting from file://D:\workspace\Cygwin_Packages/http%3a%2f%2fcygwin.mirror.constant.com%2f/x86_64/release/gcc/libgomp1/libgomp1-7.4.0-1.tar.xz
2019/11/10 21:49:45 Extracting from file://D:\workspace\Cygwin_Packages/http%3a%2f%2fcygwin.mirror.constant.com%2f/x86_64/release/libunistring/libunistring2/libunistring2-0.9.10-1.tar.xz
2019/11/10 21:49:45 Extracting from file://D:\workspace\Cygwin_Packages/http%3a%2f%2fcygwin.mirror.constant.com%2f/x86_64/release/libgc/libgc1/libgc1-8.0.4-1.tar.xz
2019/11/10 21:49:45 Extracting from file://D:\workspace\Cygwin_Packages/http%3a%2f%2fcygwin.mirror.constant.com%2f/x86_64/release/gcc/libstdc++6/libstdc++6-7.4.0-1.tar.xz
2019/11/10 21:49:45 Extracting from file://D:\workspace\Cygwin_Packages/http%3a%2f%2fcygwin.mirror.constant.com%2f/x86_64/release/mpfr/libmpfr6/libmpfr6-4.0.2-1.tar.xz
2019/11/10 21:49:45 Extracting from file://D:\workspace\Cygwin_Packages/http%3a%2f%2fcygwin.mirror.constant.com%2f/x86_64/release/getent/getent-2.18.90-4.tar.xz
2019/11/10 21:49:45 Extracting from file://D:\workspace\Cygwin_Packages/http%3a%2f%2fcygwin.mirror.constant.com%2f/noarch/release/_autorebase/_autorebase-001007-1.tar.xz
2019/11/10 21:49:45 Extracting from file://D:\workspace\Cygwin_Packages/http%3a%2f%2fcygwin.mirror.constant.com%2f/x86_64/release/ncurses/libncursesw10/libncursesw10-6.1-1.20190727.tar.xz
2019/11/10 21:49:45 Extracting from file://D:\workspace\Cygwin_Packages/http%3a%2f%2fcygwin.mirror.constant.com%2f/x86_64/release/binutils/binutils-2.29-1.tar.xz
2019/11/10 21:49:47 Extracting from file://D:\workspace\Cygwin_Packages/http%3a%2f%2fcygwin.mirror.constant.com%2f/x86_64/release/sed/sed-4.4-1.tar.xz
2019/11/10 21:49:47 Extracting from file://D:\workspace\Cygwin_Packages/http%3a%2f%2fcygwin.mirror.constant.com%2f/x86_64/release/util-linux/libuuid1/libuuid1-2.33.1-1.tar.xz
2019/11/10 21:49:47 Extracting from file://D:\workspace\Cygwin_Packages/http%3a%2f%2fcygwin.mirror.constant.com%2f/x86_64/release/util-linux/libsmartcols1/libsmartcols1-2.33.1-1.tar.xz
2019/11/10 21:49:47 Extracting from file://D:\workspace\Cygwin_Packages/http%3a%2f%2fcygwin.mirror.constant.com%2f/x86_64/release/popt/libpopt0/libpopt0-1.16-2.tar.xz
2019/11/10 21:49:47 Extracting from file://D:\workspace\Cygwin_Packages/http%3a%2f%2fcygwin.mirror.constant.com%2f/x86_64/release/p11-kit/libp11-kit0/libp11-kit0-0.23.15-1.tar.xz
2019/11/10 21:49:47 Extracting from file://D:\workspace\Cygwin_Packages/http%3a%2f%2fcygwin.mirror.constant.com%2f/x86_64/release/libiconv/libiconv-1.14-3.tar.xz
2019/11/10 21:49:47 Extracting from file://D:\workspace\Cygwin_Packages/http%3a%2f%2fcygwin.mirror.constant.com%2f/x86_64/release/gdbm/libgdbm4/libgdbm4-1.13-1.tar.xz
2019/11/10 21:49:47 Extracting from file://D:\workspace\Cygwin_Packages/http%3a%2f%2fcygwin.mirror.constant.com%2f/x86_64/release/attr/libattr1/libattr1-2.4.48-2.tar.xz
2019/11/10 21:49:47 Extracting from file://D:\workspace\Cygwin_Packages/http%3a%2f%2fcygwin.mirror.constant.com%2f/x86_64/release/diffutils/diffutils-3.5-2.tar.xz
2019/11/10 21:49:47 Extracting from file://D:\workspace\Cygwin_Packages/http%3a%2f%2fcygwin.mirror.constant.com%2f/x86_64/release/alternatives/alternatives-1.3.30c-10.tar.bz2
2019/11/10 21:49:47 Extracting from file://D:\workspace\Cygwin_Packages/http%3a%2f%2fcygwin.mirror.constant.com%2f/x86_64/release/mpclib/libmpc3/libmpc3-1.1.0-1.tar.xz
2019/11/10 21:49:47 Extracting from file://D:\workspace\Cygwin_Packages/http%3a%2f%2fcygwin.mirror.constant.com%2f/x86_64/release/libedit/libedit0/libedit0-20130712-1.tar.xz
2019/11/10 21:49:48 Extracting from file://D:\workspace\Cygwin_Packages/http%3a%2f%2fcygwin.mirror.constant.com%2f/x86_64/release/vim/vim-minimal/vim-minimal-8.1.1772-1.tar.xz
2019/11/10 21:49:48 Extracting from file://D:\workspace\Cygwin_Packages/http%3a%2f%2fcygwin.mirror.constant.com%2f/x86_64/release/ncurses/ncurses-6.1-1.20190727.tar.xz
2019/11/10 21:49:48 Extracting from file://D:\workspace\Cygwin_Packages/http%3a%2f%2fcygwin.mirror.constant.com%2f/x86_64/release/readline/libreadline7/libreadline7-7.0.3-3.tar.xz
2019/11/10 21:49:48 Extracting from file://D:\workspace\Cygwin_Packages/http%3a%2f%2fcygwin.mirror.constant.com%2f/x86_64/release/less/less-530-1.tar.xz
2019/11/10 21:49:48 Extracting from file://D:\workspace\Cygwin_Packages/http%3a%2f%2fcygwin.mirror.constant.com%2f/x86_64/release/texinfo/info/info-6.7-1.tar.xz
2019/11/10 21:49:48 Extracting from file://D:\workspace\Cygwin_Packages/http%3a%2f%2fcygwin.mirror.constant.com%2f/x86_64/release/xapian-core/libxapian30/libxapian30-1.4.5-1.tar.xz
2019/11/10 21:49:48 Extracting from file://D:\workspace\Cygwin_Packages/http%3a%2f%2fcygwin.mirror.constant.com%2f/x86_64/release/util-linux/libblkid1/libblkid1-2.33.1-1.tar.xz
2019/11/10 21:49:48 Extracting from file://D:\workspace\Cygwin_Packages/http%3a%2f%2fcygwin.mirror.constant.com%2f/x86_64/release/cygutils/cygutils-1.4.16-2.tar.xz
2019/11/10 21:49:48 Extracting from file://D:\workspace\Cygwin_Packages/http%3a%2f%2fcygwin.mirror.constant.com%2f/x86_64/release/p11-kit/p11-kit-trust/p11-kit-trust-0.23.15-1.tar.xz
2019/11/10 21:49:48 Extracting from file://D:\workspace\Cygwin_Packages/http%3a%2f%2fcygwin.mirror.constant.com%2f/x86_64/release/p11-kit/p11-kit-0.23.15-1.tar.xz
2019/11/10 21:49:48 Extracting from file://D:\workspace\Cygwin_Packages/http%3a%2f%2fcygwin.mirror.constant.com%2f/x86_64/release/llvm/libllvm8/libllvm8-8.0.1-1.tar.xz
2019/11/10 21:49:51 Extracting from file://D:\workspace\Cygwin_Packages/http%3a%2f%2fcygwin.mirror.constant.com%2f/x86_64/release/guile2.0/libguile2.0_22/libguile2.0_22-2.0.14-3.tar.xz
2019/11/10 21:49:52 Extracting from file://D:\workspace\Cygwin_Packages/http%3a%2f%2fcygwin.mirror.constant.com%2f/x86_64/release/gawk/gawk-5.0.1-1.tar.xz
2019/11/10 21:49:53 Extracting from file://D:\workspace\Cygwin_Packages/http%3a%2f%2fcygwin.mirror.constant.com%2f/x86_64/release/coreutils/coreutils-8.26-2.tar.xz
2019/11/10 21:49:54 Extracting from file://D:\workspace\Cygwin_Packages/http%3a%2f%2fcygwin.mirror.constant.com%2f/x86_64/release/util-linux/libfdisk1/libfdisk1-2.33.1-1.tar.xz
2019/11/10 21:49:54 Extracting from file://D:\workspace\Cygwin_Packages/http%3a%2f%2fcygwin.mirror.constant.com%2f/x86_64/release/llvm/libpolly8/libpolly8-8.0.1-1.tar.xz
2019/11/10 21:49:54 Extracting from file://D:\workspace\Cygwin_Packages/http%3a%2f%2fcygwin.mirror.constant.com%2f/x86_64/release/make/make-4.2.1-2.tar.xz
2019/11/10 21:49:54 Extracting from file://D:\workspace\Cygwin_Packages/http%3a%2f%2fcygwin.mirror.constant.com%2f/x86_64/release/bash/bash-4.4.12-3.tar.xz
2019/11/10 21:49:55 Extracting from file://D:\workspace\Cygwin_Packages/http%3a%2f%2fcygwin.mirror.constant.com%2f/x86_64/release/util-linux/util-linux-2.33.1-1.tar.xz
2019/11/10 21:49:56 Extracting from file://D:\workspace\Cygwin_Packages/http%3a%2f%2fcygwin.mirror.constant.com%2f/x86_64/release/clang/libclang8/libclang8-8.0.1-1.tar.xz
2019/11/10 21:49:57 Extracting from file://D:\workspace\Cygwin_Packages/http%3a%2f%2fcygwin.mirror.constant.com%2f/x86_64/release/tzcode/tzcode-2019c-1.tar.xz
2019/11/10 21:49:57 Extracting from file://D:\workspace\Cygwin_Packages/http%3a%2f%2fcygwin.mirror.constant.com%2f/x86_64/release/doxygen/doxygen-1.8.16-1.tar.xz
2019/11/10 21:50:03 Extracting from file://D:\workspace\Cygwin_Packages/http%3a%2f%2fcygwin.mirror.constant.com%2f/x86_64/release/gcc/gcc-core/gcc-core-7.4.0-1.tar.xz
2019/11/10 21:50:05 Extracting from file://D:\workspace\Cygwin_Packages/http%3a%2f%2fcygwin.mirror.constant.com%2f/x86_64/release/xz/xz-5.2.4-1.tar.xz
2019/11/10 21:50:05 Extracting from file://D:\workspace\Cygwin_Packages/http%3a%2f%2fcygwin.mirror.constant.com%2f/x86_64/release/gzip/gzip-1.8-1.tar.xz
2019/11/10 21:50:06 Extracting from file://D:\workspace\Cygwin_Packages/http%3a%2f%2fcygwin.mirror.constant.com%2f/x86_64/release/groff/groff-1.22.4-1.tar.xz
2019/11/10 21:50:08 Extracting from file://D:\workspace\Cygwin_Packages/http%3a%2f%2fcygwin.mirror.constant.com%2f/x86_64/release/grep/grep-3.0-2.tar.xz
2019/11/10 21:50:09 Extracting from file://D:\workspace\Cygwin_Packages/http%3a%2f%2fcygwin.mirror.constant.com%2f/x86_64/release/findutils/findutils-4.6.0-1.tar.xz
2019/11/10 21:50:09 Extracting from file://D:\workspace\Cygwin_Packages/http%3a%2f%2fcygwin.mirror.constant.com%2f/noarch/release/crypto-policies/crypto-policies-20190218-1.tar.xz
2019/11/10 21:50:09 Extracting from file://D:\workspace\Cygwin_Packages/http%3a%2f%2fcygwin.mirror.constant.com%2f/noarch/release/ca-certificates/ca-certificates-2.32-1.tar.xz
2019/11/10 21:50:09 Extracting from file://D:\workspace\Cygwin_Packages/http%3a%2f%2fcygwin.mirror.constant.com%2f/x86_64/release/bzip2/bzip2-1.0.8-1.tar.xz
2019/11/10 21:50:09 Extracting from file://D:\workspace\Cygwin_Packages/http%3a%2f%2fcygwin.mirror.constant.com%2f/x86_64/release/gcc/gcc-g++/gcc-g++-7.4.0-1.tar.xz
2019/11/10 21:50:12 Extracting from file://D:\workspace\Cygwin_Packages/http%3a%2f%2fcygwin.mirror.constant.com%2f/x86_64/release/man-db/man-db-2.7.6.1-1.tar.xz
2019/11/10 21:50:13 Extracting from file://D:\workspace\Cygwin_Packages/http%3a%2f%2fcygwin.mirror.constant.com%2f/x86_64/release/rebase/rebase-4.4.4-1.tar.xz
2019/11/10 21:50:13 Extracting from file://D:\workspace\Cygwin_Packages/http%3a%2f%2fcygwin.mirror.constant.com%2f/noarch/release/base-files/base-files-4.3-2.tar.xz
2019/11/10 21:50:13 Extracting from file://D:\workspace\Cygwin_Packages/http%3a%2f%2fcygwin.mirror.constant.com%2f/x86_64/release/openssl/libssl1.1/libssl1.1-1.1.1d-1.tar.xz
2019/11/10 21:50:13 Extracting from file://D:\workspace\Cygwin_Packages/http%3a%2f%2fcygwin.mirror.constant.com%2f/x86_64/release/tar/tar-1.29-1.tar.xz
2019/11/10 21:50:14 Extracting from file://D:\workspace\Cygwin_Packages/http%3a%2f%2fcygwin.mirror.constant.com%2f/x86_64/release/openssl/openssl-1.1.1d-1.tar.xz
2019/11/10 21:50:14 Changing gid back to original
2019/11/10 21:50:14 running: D:\Programme\Cygwin\\bin\dash.exe "/etc/postinstall/0p_000_autorebase.dash"
2019/11/10 21:50:24 running: D:\Programme\Cygwin\\bin\dash.exe "/etc/postinstall/0p_update-info-dir.dash"
2019/11/10 21:50:26 running: D:\Programme\Cygwin\\bin\bash.exe --norc --noprofile "/etc/postinstall/000-cygwin-post-install.sh"
2019/11/10 21:50:27 running: D:\Programme\Cygwin\\bin\bash.exe --norc --noprofile "/etc/postinstall/coreutils.sh"
2019/11/10 21:50:27 running: D:\Programme\Cygwin\\bin\bash.exe --norc --noprofile "/etc/postinstall/bash.sh"
2019/11/10 21:50:28 running: D:\Programme\Cygwin\\bin\bash.exe --norc --noprofile "/etc/postinstall/base-files-mketc.sh"
2019/11/10 21:50:28 running: D:\Programme\Cygwin\\bin\bash.exe --norc --noprofile "/etc/postinstall/base-files-profile.sh"
2019/11/10 21:50:29 running: D:\Programme\Cygwin\\bin\bash.exe --norc --noprofile "/etc/postinstall/p11-kit.sh"
2019/11/10 21:50:29 running: D:\Programme\Cygwin\\bin\bash.exe --norc --noprofile "/etc/postinstall/ca-certificates.sh"
2019/11/10 21:50:31 running: D:\Programme\Cygwin\\bin\bash.exe --norc --noprofile "/etc/postinstall/crypto-policies.sh"
2019/11/10 21:50:33 running: D:\Programme\Cygwin\\bin\bash.exe --norc --noprofile "/etc/postinstall/openssl.sh"
2019/11/10 21:50:34 running: D:\Programme\Cygwin\\bin\bash.exe --norc --noprofile "/etc/postinstall/man-db.sh"
2019/11/10 21:50:34 running: D:\Programme\Cygwin\\bin\bash.exe --norc --noprofile "/etc/postinstall/mintty.sh"
2019/11/10 21:50:34 running: D:\Programme\Cygwin\\bin\bash.exe --norc --noprofile "/etc/postinstall/zp_man-db.sh"
2019/11/10 21:50:34 Changing gid to Administrators
2019/11/10 21:54:01 note: Installation Complete
2019/11/10 21:54:01 Ending cygwin install
